{"/Users/nareshsiramsetty/IdeaProjects/app-engine-search-and-filtering/src/app.ts": {"path":"/Users/nareshsiramsetty/IdeaProjects/app-engine-search-and-filtering/src/app.ts","statementMap":{"0":{"start":{"line":1,"column":0},"end":{"line":1,"column":37}},"1":{"start":{"line":2,"column":0},"end":{"line":2,"column":29}},"2":{"start":{"line":3,"column":0},"end":{"line":3,"column":24}},"3":{"start":{"line":4,"column":0},"end":{"line":4,"column":30}},"4":{"start":{"line":6,"column":0},"end":{"line":6,"column":45}},"5":{"start":{"line":7,"column":0},"end":{"line":7,"column":24}},"6":{"start":{"line":8,"column":0},"end":{"line":8,"column":41}},"7":{"start":{"line":9,"column":0},"end":{"line":9,"column":50}},"8":{"start":{"line":10,"column":0},"end":{"line":10,"column":30}},"9":{"start":{"line":11,"column":0},"end":{"line":11,"column":71}},"10":{"start":{"line":12,"column":0},"end":{"line":12,"column":86}},"11":{"start":{"line":13,"column":0},"end":{"line":13,"column":34}},"12":{"start":{"line":14,"column":0},"end":{"line":14,"column":60}},"13":{"start":{"line":15,"column":0},"end":{"line":15,"column":63}},"14":{"start":{"line":16,"column":0},"end":{"line":16,"column":37}},"15":{"start":{"line":18,"column":12},"end":{"line":18,"column":60}},"16":{"start":{"line":20,"column":12},"end":{"line":20,"column":21}},"17":{"start":{"line":23,"column":0},"end":{"line":23,"column":26}},"18":{"start":{"line":27,"column":0},"end":{"line":31,"column":2}},"19":{"start":{"line":35,"column":0},"end":{"line":35,"column":65}},"20":{"start":{"line":36,"column":0},"end":{"line":36,"column":26}},"21":{"start":{"line":38,"column":0},"end":{"line":38,"column":27}},"22":{"start":{"line":40,"column":0},"end":{"line":40,"column":21}},"23":{"start":{"line":42,"column":0},"end":{"line":42,"column":22}},"24":{"start":{"line":44,"column":16},"end":{"line":60,"column":2}},"25":{"start":{"line":61,"column":13},"end":{"line":61,"column":49}},"26":{"start":{"line":62,"column":0},"end":{"line":62,"column":37}},"27":{"start":{"line":64,"column":0},"end":{"line":64,"column":83}},"28":{"start":{"line":66,"column":0},"end":{"line":66,"column":39}},"29":{"start":{"line":70,"column":0},"end":{"line":70,"column":27}},"30":{"start":{"line":72,"column":0},"end":{"line":72,"column":22}},"31":{"start":{"line":74,"column":0},"end":{"line":74,"column":19}},"32":{"start":{"line":78,"column":2},"end":{"line":83,"column":5}},"33":{"start":{"line":80,"column":4},"end":{"line":82,"column":null}},"34":{"start":{"line":81,"column":6},"end":{"line":81,"column":27}},"35":{"start":{"line":86,"column":0},"end":{"line":100,"column":5}},"36":{"start":{"line":88,"column":4},"end":{"line":88,"column":78}},"37":{"start":{"line":90,"column":4},"end":{"line":90,"column":82}},"38":{"start":{"line":91,"column":4},"end":{"line":91,"column":47}},"39":{"start":{"line":92,"column":4},"end":{"line":92,"column":81}},"40":{"start":{"line":93,"column":4},"end":{"line":93,"column":78}},"41":{"start":{"line":96,"column":4},"end":{"line":96,"column":79}},"42":{"start":{"line":97,"column":4},"end":{"line":97,"column":60}},"43":{"start":{"line":98,"column":4},"end":{"line":98,"column":35}},"44":{"start":{"line":99,"column":4},"end":{"line":99,"column":79}}},"fnMap":{"0":{"name":"startServer","decl":{"start":{"line":76,"column":15},"end":{"line":76,"column":26}},"loc":{"start":{"line":76,"column":26},"end":{"line":84,"column":1}}},"1":{"name":"(anonymous_8)","decl":{"start":{"line":78,"column":62},"end":{"line":78,"column":63}},"loc":{"start":{"line":78,"column":76},"end":{"line":83,"column":3}}},"2":{"name":"(anonymous_9)","decl":{"start":{"line":87,"column":8},"end":{"line":87,"column":17}},"loc":{"start":{"line":87,"column":19},"end":{"line":94,"column":3}}},"3":{"name":"(anonymous_10)","decl":{"start":{"line":95,"column":9},"end":{"line":95,"column":10}},"loc":{"start":{"line":95,"column":23},"end":{"line":100,"column":3}}}},"branchMap":{"0":{"loc":{"start":{"line":50,"column":8},"end":{"line":50,"column":89}},"type":"cond-expr","locations":[{"start":{"line":50,"column":8},"end":{"line":50,"column":89}},{"start":{"line":51,"column":8},"end":{"line":51,"column":24}}]},"1":{"loc":{"start":{"line":78,"column":29},"end":{"line":78,"column":45}},"type":"binary-expr","locations":[{"start":{"line":78,"column":29},"end":{"line":78,"column":45}},{"start":{"line":78,"column":49},"end":{"line":78,"column":55}}]},"2":{"loc":{"start":{"line":80,"column":4},"end":{"line":82,"column":null}},"type":"if","locations":[{"start":{"line":80,"column":4},"end":{"line":82,"column":null}},{"start":{"line":80,"column":4},"end":{"line":82,"column":null}}]}},"s":{"0":0,"1":0,"2":0,"3":0,"4":0,"5":0,"6":0,"7":0,"8":0,"9":0,"10":0,"11":0,"12":0,"13":0,"14":0,"15":0,"16":0,"17":0,"18":0,"19":0,"20":0,"21":0,"22":0,"23":0,"24":0,"25":0,"26":0,"27":0,"28":0,"29":0,"30":0,"31":0,"32":0,"33":0,"34":0,"35":0,"36":0,"37":0,"38":0,"39":0,"40":0,"41":0,"42":0,"43":0,"44":0},"f":{"0":0,"1":0,"2":0,"3":0},"b":{"0":[0,0],"1":[0,0],"2":[0,0]}}
,"/Users/nareshsiramsetty/IdeaProjects/app-engine-search-and-filtering/src/config/index.ts": {"path":"/Users/nareshsiramsetty/IdeaProjects/app-engine-search-and-filtering/src/config/index.ts","statementMap":{"0":{"start":{"line":1,"column":0},"end":{"line":1,"column":52}},"1":{"start":{"line":2,"column":0},"end":{"line":2,"column":49}},"2":{"start":{"line":5,"column":37},"end":{"line":5,"column":52}},"3":{"start":{"line":6,"column":0},"end":{"line":8,"column":null}},"4":{"start":{"line":7,"column":2},"end":{"line":7,"column":53}},"5":{"start":{"line":11,"column":33},"end":{"line":11,"column":106}},"6":{"start":{"line":12,"column":0},"end":{"line":18,"column":3}},"7":{"start":{"line":13,"column":2},"end":{"line":17,"column":null}},"8":{"start":{"line":14,"column":4},"end":{"line":16,"column":6}},"9":{"start":{"line":20,"column":0},"end":{"line":20,"column":62}},"10":{"start":{"line":22,"column":0},"end":{"line":36,"column":2}}},"fnMap":{"0":{"name":"(anonymous_1)","decl":{"start":{"line":12,"column":33},"end":{"line":12,"column":34}},"loc":{"start":{"line":12,"column":52},"end":{"line":18,"column":1}}}},"branchMap":{"0":{"loc":{"start":{"line":6,"column":0},"end":{"line":8,"column":null}},"type":"if","locations":[{"start":{"line":6,"column":0},"end":{"line":8,"column":null}},{"start":{"line":6,"column":0},"end":{"line":8,"column":null}}]},"1":{"loc":{"start":{"line":13,"column":2},"end":{"line":17,"column":null}},"type":"if","locations":[{"start":{"line":13,"column":2},"end":{"line":17,"column":null}},{"start":{"line":13,"column":2},"end":{"line":17,"column":null}}]},"2":{"loc":{"start":{"line":25,"column":14},"end":{"line":25,"column":40}},"type":"binary-expr","locations":[{"start":{"line":25,"column":14},"end":{"line":25,"column":40}},{"start":{"line":25,"column":44},"end":{"line":25,"column":53}}]},"3":{"loc":{"start":{"line":29,"column":16},"end":{"line":29,"column":45}},"type":"binary-expr","locations":[{"start":{"line":29,"column":16},"end":{"line":29,"column":45}},{"start":{"line":29,"column":49},"end":{"line":29,"column":51}}]}},"s":{"0":0,"1":0,"2":0,"3":0,"4":0,"5":0,"6":0,"7":0,"8":0,"9":0,"10":0},"f":{"0":0},"b":{"0":[0,0],"1":[0,0],"2":[0,0],"3":[0,0]}}
,"/Users/nareshsiramsetty/IdeaProjects/app-engine-search-and-filtering/src/config/environments/demo.config.ts": {"path":"/Users/nareshsiramsetty/IdeaProjects/app-engine-search-and-filtering/src/config/environments/demo.config.ts","statementMap":{"0":{"start":{"line":1,"column":0},"end":{"line":44,"column":2}}},"fnMap":{},"branchMap":{},"s":{"0":0},"f":{},"b":{}}
,"/Users/nareshsiramsetty/IdeaProjects/app-engine-search-and-filtering/src/config/environments/preprod.config.ts": {"path":"/Users/nareshsiramsetty/IdeaProjects/app-engine-search-and-filtering/src/config/environments/preprod.config.ts","statementMap":{"0":{"start":{"line":1,"column":0},"end":{"line":51,"column":2}}},"fnMap":{},"branchMap":{},"s":{"0":0},"f":{},"b":{}}
,"/Users/nareshsiramsetty/IdeaProjects/app-engine-search-and-filtering/src/config/environments/production.config.ts": {"path":"/Users/nareshsiramsetty/IdeaProjects/app-engine-search-and-filtering/src/config/environments/production.config.ts","statementMap":{"0":{"start":{"line":1,"column":0},"end":{"line":51,"column":2}}},"fnMap":{},"branchMap":{},"s":{"0":0},"f":{},"b":{}}
,"/Users/nareshsiramsetty/IdeaProjects/app-engine-search-and-filtering/src/config/environments/prototype.config.ts": {"path":"/Users/nareshsiramsetty/IdeaProjects/app-engine-search-and-filtering/src/config/environments/prototype.config.ts","statementMap":{"0":{"start":{"line":1,"column":0},"end":{"line":44,"column":2}}},"fnMap":{},"branchMap":{},"s":{"0":0},"f":{},"b":{}}
,"/Users/nareshsiramsetty/IdeaProjects/app-engine-search-and-filtering/src/config/environments/test.config.ts": {"path":"/Users/nareshsiramsetty/IdeaProjects/app-engine-search-and-filtering/src/config/environments/test.config.ts","statementMap":{"0":{"start":{"line":1,"column":0},"end":{"line":44,"column":2}}},"fnMap":{},"branchMap":{},"s":{"0":0},"f":{},"b":{}}
,"/Users/nareshsiramsetty/IdeaProjects/app-engine-search-and-filtering/src/config/model/search.model.ts": {"path":"/Users/nareshsiramsetty/IdeaProjects/app-engine-search-and-filtering/src/config/model/search.model.ts","statementMap":{"0":{"start":{"line":2,"column":0},"end":{"line":2,"column":63}},"1":{"start":{"line":3,"column":0},"end":{"line":3,"column":59}},"2":{"start":{"line":4,"column":0},"end":{"line":4,"column":59}},"3":{"start":{"line":5,"column":0},"end":{"line":5,"column":53}},"4":{"start":{"line":6,"column":0},"end":{"line":6,"column":53}},"5":{"start":{"line":7,"column":0},"end":{"line":7,"column":52}},"6":{"start":{"line":25,"column":4},"end":{"line":41,"column":null}},"7":{"start":{"line":27,"column":8},"end":{"line":27,"column":45}},"8":{"start":{"line":28,"column":8},"end":{"line":28,"column":14}},"9":{"start":{"line":30,"column":8},"end":{"line":30,"column":40}},"10":{"start":{"line":31,"column":8},"end":{"line":31,"column":14}},"11":{"start":{"line":33,"column":8},"end":{"line":33,"column":43}},"12":{"start":{"line":34,"column":8},"end":{"line":34,"column":14}},"13":{"start":{"line":36,"column":8},"end":{"line":36,"column":40}},"14":{"start":{"line":37,"column":8},"end":{"line":37,"column":14}},"15":{"start":{"line":39,"column":8},"end":{"line":39,"column":40}},"16":{"start":{"line":40,"column":8},"end":{"line":40,"column":14}},"17":{"start":{"line":42,"column":4},"end":{"line":42,"column":80}},"18":{"start":{"line":9,"column":0},"end":{"line":9,"column":13}}},"fnMap":{"0":{"name":"(anonymous_1)","decl":{"start":{"line":24,"column":2},"end":{"line":24,"column":null}},"loc":{"start":{"line":24,"column":2},"end":{"line":43,"column":3}}}},"branchMap":{"0":{"loc":{"start":{"line":26,"column":6},"end":{"line":28,"column":14}},"type":"switch","locations":[{"start":{"line":26,"column":6},"end":{"line":28,"column":14}},{"start":{"line":29,"column":6},"end":{"line":31,"column":14}},{"start":{"line":32,"column":6},"end":{"line":34,"column":14}},{"start":{"line":35,"column":6},"end":{"line":37,"column":14}},{"start":{"line":38,"column":6},"end":{"line":40,"column":14}}]}},"s":{"0":0,"1":0,"2":0,"3":0,"4":0,"5":0,"6":0,"7":0,"8":0,"9":0,"10":0,"11":0,"12":0,"13":0,"14":0,"15":0,"16":0,"17":0,"18":0},"f":{"0":0},"b":{"0":[0,0,0,0,0]}}
,"/Users/nareshsiramsetty/IdeaProjects/app-engine-search-and-filtering/src/config/utils/firebase.config.ts": {"path":"/Users/nareshsiramsetty/IdeaProjects/app-engine-search-and-filtering/src/config/utils/firebase.config.ts","statementMap":{"0":{"start":{"line":1,"column":0},"end":{"line":1,"column":55}},"1":{"start":{"line":4,"column":2},"end":{"line":7,"column":5}},"2":{"start":{"line":8,"column":2},"end":{"line":8,"column":62}},"3":{"start":{"line":3,"column":0},"end":{"line":3,"column":24}}},"fnMap":{"0":{"name":"initFireBase","decl":{"start":{"line":3,"column":24},"end":{"line":3,"column":36}},"loc":{"start":{"line":3,"column":80},"end":{"line":9,"column":1}}}},"branchMap":{},"s":{"0":0,"1":0,"2":0,"3":0},"f":{"0":0},"b":{}}
,"/Users/nareshsiramsetty/IdeaProjects/app-engine-search-and-filtering/src/handler/event/event.handler.ts": {"path":"/Users/nareshsiramsetty/IdeaProjects/app-engine-search-and-filtering/src/handler/event/event.handler.ts","statementMap":{"0":{"start":{"line":3,"column":0},"end":{"line":3,"column":95}},"1":{"start":{"line":4,"column":0},"end":{"line":4,"column":61}},"2":{"start":{"line":5,"column":0},"end":{"line":5,"column":72}},"3":{"start":{"line":6,"column":0},"end":{"line":6,"column":66}},"4":{"start":{"line":12,"column":2},"end":{"line":17,"column":null}},"5":{"start":{"line":13,"column":4},"end":{"line":13,"column":54}},"6":{"start":{"line":15,"column":20},"end":{"line":15,"column":94}},"7":{"start":{"line":16,"column":4},"end":{"line":16,"column":75}},"8":{"start":{"line":9,"column":0},"end":{"line":9,"column":7}},"9":{"start":{"line":23,"column":2},"end":{"line":28,"column":null}},"10":{"start":{"line":24,"column":4},"end":{"line":24,"column":54}},"11":{"start":{"line":26,"column":20},"end":{"line":26,"column":94}},"12":{"start":{"line":27,"column":4},"end":{"line":27,"column":75}},"13":{"start":{"line":20,"column":0},"end":{"line":20,"column":7}},"14":{"start":{"line":34,"column":2},"end":{"line":39,"column":null}},"15":{"start":{"line":35,"column":4},"end":{"line":35,"column":63}},"16":{"start":{"line":37,"column":20},"end":{"line":37,"column":94}},"17":{"start":{"line":38,"column":4},"end":{"line":38,"column":75}},"18":{"start":{"line":31,"column":0},"end":{"line":31,"column":7}},"19":{"start":{"line":43,"column":2},"end":{"line":48,"column":null}},"20":{"start":{"line":44,"column":4},"end":{"line":44,"column":49}},"21":{"start":{"line":46,"column":20},"end":{"line":46,"column":94}},"22":{"start":{"line":47,"column":4},"end":{"line":47,"column":75}},"23":{"start":{"line":42,"column":0},"end":{"line":42,"column":7}}},"fnMap":{"0":{"name":"eventSearchHandler","decl":{"start":{"line":9,"column":22},"end":{"line":9,"column":40}},"loc":{"start":{"line":10,"column":25},"end":{"line":18,"column":1}}},"1":{"name":"eventFilterHandler","decl":{"start":{"line":20,"column":22},"end":{"line":20,"column":40}},"loc":{"start":{"line":21,"column":25},"end":{"line":29,"column":1}}},"2":{"name":"homeCarouselEventsHandler","decl":{"start":{"line":31,"column":22},"end":{"line":31,"column":47}},"loc":{"start":{"line":32,"column":25},"end":{"line":40,"column":1}}},"3":{"name":"eventGetByIDHandler","decl":{"start":{"line":42,"column":22},"end":{"line":42,"column":41}},"loc":{"start":{"line":42,"column":65},"end":{"line":49,"column":1}}}},"branchMap":{"0":{"loc":{"start":{"line":15,"column":20},"end":{"line":15,"column":33}},"type":"binary-expr","locations":[{"start":{"line":15,"column":20},"end":{"line":15,"column":33}},{"start":{"line":15,"column":37},"end":{"line":15,"column":94}}]},"1":{"loc":{"start":{"line":26,"column":20},"end":{"line":26,"column":33}},"type":"binary-expr","locations":[{"start":{"line":26,"column":20},"end":{"line":26,"column":33}},{"start":{"line":26,"column":37},"end":{"line":26,"column":94}}]},"2":{"loc":{"start":{"line":37,"column":20},"end":{"line":37,"column":33}},"type":"binary-expr","locations":[{"start":{"line":37,"column":20},"end":{"line":37,"column":33}},{"start":{"line":37,"column":37},"end":{"line":37,"column":94}}]},"3":{"loc":{"start":{"line":46,"column":20},"end":{"line":46,"column":33}},"type":"binary-expr","locations":[{"start":{"line":46,"column":20},"end":{"line":46,"column":33}},{"start":{"line":46,"column":37},"end":{"line":46,"column":94}}]}},"s":{"0":0,"1":0,"2":0,"3":0,"4":0,"5":0,"6":0,"7":0,"8":0,"9":0,"10":0,"11":0,"12":0,"13":0,"14":0,"15":0,"16":0,"17":0,"18":0,"19":0,"20":0,"21":0,"22":0,"23":0},"f":{"0":0,"1":0,"2":0,"3":0},"b":{"0":[0,0],"1":[0,0],"2":[0,0],"3":[0,0]}}
,"/Users/nareshsiramsetty/IdeaProjects/app-engine-search-and-filtering/src/handler/group/group.handler.ts": {"path":"/Users/nareshsiramsetty/IdeaProjects/app-engine-search-and-filtering/src/handler/group/group.handler.ts","statementMap":{"0":{"start":{"line":3,"column":0},"end":{"line":3,"column":72}},"1":{"start":{"line":4,"column":0},"end":{"line":4,"column":61}},"2":{"start":{"line":5,"column":0},"end":{"line":5,"column":72}},"3":{"start":{"line":6,"column":0},"end":{"line":6,"column":66}},"4":{"start":{"line":12,"column":2},"end":{"line":17,"column":null}},"5":{"start":{"line":13,"column":4},"end":{"line":13,"column":54}},"6":{"start":{"line":15,"column":20},"end":{"line":15,"column":94}},"7":{"start":{"line":16,"column":4},"end":{"line":16,"column":75}},"8":{"start":{"line":9,"column":0},"end":{"line":9,"column":7}},"9":{"start":{"line":23,"column":2},"end":{"line":28,"column":null}},"10":{"start":{"line":24,"column":4},"end":{"line":24,"column":54}},"11":{"start":{"line":26,"column":20},"end":{"line":26,"column":94}},"12":{"start":{"line":27,"column":4},"end":{"line":27,"column":75}},"13":{"start":{"line":20,"column":0},"end":{"line":20,"column":7}},"14":{"start":{"line":32,"column":2},"end":{"line":37,"column":null}},"15":{"start":{"line":33,"column":4},"end":{"line":33,"column":49}},"16":{"start":{"line":35,"column":20},"end":{"line":35,"column":94}},"17":{"start":{"line":36,"column":4},"end":{"line":36,"column":75}},"18":{"start":{"line":31,"column":0},"end":{"line":31,"column":7}}},"fnMap":{"0":{"name":"groupSearchHandler","decl":{"start":{"line":9,"column":22},"end":{"line":9,"column":40}},"loc":{"start":{"line":10,"column":25},"end":{"line":18,"column":1}}},"1":{"name":"groupFilterHandler","decl":{"start":{"line":20,"column":22},"end":{"line":20,"column":40}},"loc":{"start":{"line":21,"column":25},"end":{"line":29,"column":1}}},"2":{"name":"groupGetByIDHandler","decl":{"start":{"line":31,"column":22},"end":{"line":31,"column":41}},"loc":{"start":{"line":31,"column":65},"end":{"line":38,"column":1}}}},"branchMap":{"0":{"loc":{"start":{"line":15,"column":20},"end":{"line":15,"column":33}},"type":"binary-expr","locations":[{"start":{"line":15,"column":20},"end":{"line":15,"column":33}},{"start":{"line":15,"column":37},"end":{"line":15,"column":94}}]},"1":{"loc":{"start":{"line":26,"column":20},"end":{"line":26,"column":33}},"type":"binary-expr","locations":[{"start":{"line":26,"column":20},"end":{"line":26,"column":33}},{"start":{"line":26,"column":37},"end":{"line":26,"column":94}}]},"2":{"loc":{"start":{"line":35,"column":20},"end":{"line":35,"column":33}},"type":"binary-expr","locations":[{"start":{"line":35,"column":20},"end":{"line":35,"column":33}},{"start":{"line":35,"column":37},"end":{"line":35,"column":94}}]}},"s":{"0":0,"1":0,"2":0,"3":0,"4":0,"5":0,"6":0,"7":0,"8":0,"9":0,"10":0,"11":0,"12":0,"13":0,"14":0,"15":0,"16":0,"17":0,"18":0},"f":{"0":0,"1":0,"2":0},"b":{"0":[0,0],"1":[0,0],"2":[0,0]}}
,"/Users/nareshsiramsetty/IdeaProjects/app-engine-search-and-filtering/src/handler/hashtag/hashtag.handler.ts": {"path":"/Users/nareshsiramsetty/IdeaProjects/app-engine-search-and-filtering/src/handler/hashtag/hashtag.handler.ts","statementMap":{"0":{"start":{"line":4,"column":0},"end":{"line":4,"column":78}},"1":{"start":{"line":5,"column":0},"end":{"line":5,"column":67}},"2":{"start":{"line":6,"column":0},"end":{"line":6,"column":78}},"3":{"start":{"line":7,"column":0},"end":{"line":7,"column":82}},"4":{"start":{"line":8,"column":0},"end":{"line":8,"column":66}},"5":{"start":{"line":14,"column":2},"end":{"line":19,"column":null}},"6":{"start":{"line":15,"column":4},"end":{"line":15,"column":56}},"7":{"start":{"line":17,"column":20},"end":{"line":17,"column":94}},"8":{"start":{"line":18,"column":4},"end":{"line":18,"column":75}},"9":{"start":{"line":11,"column":0},"end":{"line":11,"column":7}},"10":{"start":{"line":25,"column":2},"end":{"line":30,"column":null}},"11":{"start":{"line":26,"column":4},"end":{"line":26,"column":56}},"12":{"start":{"line":28,"column":20},"end":{"line":28,"column":94}},"13":{"start":{"line":29,"column":4},"end":{"line":29,"column":75}},"14":{"start":{"line":22,"column":0},"end":{"line":22,"column":7}},"15":{"start":{"line":34,"column":2},"end":{"line":39,"column":null}},"16":{"start":{"line":35,"column":4},"end":{"line":35,"column":51}},"17":{"start":{"line":37,"column":20},"end":{"line":37,"column":94}},"18":{"start":{"line":38,"column":4},"end":{"line":38,"column":75}},"19":{"start":{"line":33,"column":0},"end":{"line":33,"column":7}},"20":{"start":{"line":43,"column":2},"end":{"line":48,"column":null}},"21":{"start":{"line":44,"column":4},"end":{"line":44,"column":58}},"22":{"start":{"line":46,"column":20},"end":{"line":46,"column":94}},"23":{"start":{"line":47,"column":4},"end":{"line":47,"column":75}},"24":{"start":{"line":42,"column":0},"end":{"line":42,"column":7}}},"fnMap":{"0":{"name":"hashtagSearchHandler","decl":{"start":{"line":11,"column":22},"end":{"line":11,"column":42}},"loc":{"start":{"line":12,"column":25},"end":{"line":20,"column":1}}},"1":{"name":"hashtagFilterHandler","decl":{"start":{"line":22,"column":22},"end":{"line":22,"column":42}},"loc":{"start":{"line":23,"column":25},"end":{"line":31,"column":1}}},"2":{"name":"hashtagsGetByIDHandler","decl":{"start":{"line":33,"column":22},"end":{"line":33,"column":44}},"loc":{"start":{"line":33,"column":68},"end":{"line":40,"column":1}}},"3":{"name":"getTrendingHashtags","decl":{"start":{"line":42,"column":22},"end":{"line":42,"column":41}},"loc":{"start":{"line":42,"column":65},"end":{"line":49,"column":1}}}},"branchMap":{"0":{"loc":{"start":{"line":17,"column":20},"end":{"line":17,"column":33}},"type":"binary-expr","locations":[{"start":{"line":17,"column":20},"end":{"line":17,"column":33}},{"start":{"line":17,"column":37},"end":{"line":17,"column":94}}]},"1":{"loc":{"start":{"line":28,"column":20},"end":{"line":28,"column":33}},"type":"binary-expr","locations":[{"start":{"line":28,"column":20},"end":{"line":28,"column":33}},{"start":{"line":28,"column":37},"end":{"line":28,"column":94}}]},"2":{"loc":{"start":{"line":37,"column":20},"end":{"line":37,"column":33}},"type":"binary-expr","locations":[{"start":{"line":37,"column":20},"end":{"line":37,"column":33}},{"start":{"line":37,"column":37},"end":{"line":37,"column":94}}]},"3":{"loc":{"start":{"line":46,"column":20},"end":{"line":46,"column":33}},"type":"binary-expr","locations":[{"start":{"line":46,"column":20},"end":{"line":46,"column":33}},{"start":{"line":46,"column":37},"end":{"line":46,"column":94}}]}},"s":{"0":0,"1":0,"2":0,"3":0,"4":0,"5":0,"6":0,"7":0,"8":0,"9":0,"10":0,"11":0,"12":0,"13":0,"14":0,"15":0,"16":0,"17":0,"18":0,"19":0,"20":0,"21":0,"22":0,"23":0,"24":0},"f":{"0":0,"1":0,"2":0,"3":0},"b":{"0":[0,0],"1":[0,0],"2":[0,0],"3":[0,0]}}
,"/Users/nareshsiramsetty/IdeaProjects/app-engine-search-and-filtering/src/handler/library-item/audio.handler.ts": {"path":"/Users/nareshsiramsetty/IdeaProjects/app-engine-search-and-filtering/src/handler/library-item/audio.handler.ts","statementMap":{"0":{"start":{"line":3,"column":0},"end":{"line":3,"column":78}},"1":{"start":{"line":4,"column":0},"end":{"line":4,"column":66}},"2":{"start":{"line":10,"column":2},"end":{"line":15,"column":null}},"3":{"start":{"line":11,"column":4},"end":{"line":11,"column":53}},"4":{"start":{"line":13,"column":20},"end":{"line":13,"column":94}},"5":{"start":{"line":14,"column":4},"end":{"line":14,"column":75}},"6":{"start":{"line":7,"column":0},"end":{"line":7,"column":15}}},"fnMap":{"0":{"name":"audioSearchHandler","decl":{"start":{"line":7,"column":30},"end":{"line":7,"column":48}},"loc":{"start":{"line":8,"column":25},"end":{"line":16,"column":1}}}},"branchMap":{"0":{"loc":{"start":{"line":13,"column":20},"end":{"line":13,"column":33}},"type":"binary-expr","locations":[{"start":{"line":13,"column":20},"end":{"line":13,"column":33}},{"start":{"line":13,"column":37},"end":{"line":13,"column":94}}]}},"s":{"0":0,"1":0,"2":0,"3":0,"4":0,"5":0,"6":0},"f":{"0":0},"b":{"0":[0,0]}}
,"/Users/nareshsiramsetty/IdeaProjects/app-engine-search-and-filtering/src/handler/library-item/course.handler.ts": {"path":"/Users/nareshsiramsetty/IdeaProjects/app-engine-search-and-filtering/src/handler/library-item/course.handler.ts","statementMap":{"0":{"start":{"line":3,"column":0},"end":{"line":3,"column":88}},"1":{"start":{"line":4,"column":0},"end":{"line":4,"column":null}},"2":{"start":{"line":10,"column":0},"end":{"line":10,"column":88}},"3":{"start":{"line":11,"column":0},"end":{"line":11,"column":66}},"4":{"start":{"line":17,"column":2},"end":{"line":22,"column":null}},"5":{"start":{"line":18,"column":4},"end":{"line":18,"column":55}},"6":{"start":{"line":20,"column":20},"end":{"line":20,"column":94}},"7":{"start":{"line":21,"column":4},"end":{"line":21,"column":75}},"8":{"start":{"line":14,"column":0},"end":{"line":14,"column":7}},"9":{"start":{"line":28,"column":2},"end":{"line":33,"column":null}},"10":{"start":{"line":29,"column":4},"end":{"line":29,"column":55}},"11":{"start":{"line":31,"column":20},"end":{"line":31,"column":94}},"12":{"start":{"line":32,"column":4},"end":{"line":32,"column":75}},"13":{"start":{"line":25,"column":0},"end":{"line":25,"column":7}},"14":{"start":{"line":37,"column":2},"end":{"line":42,"column":null}},"15":{"start":{"line":38,"column":4},"end":{"line":38,"column":50}},"16":{"start":{"line":40,"column":20},"end":{"line":40,"column":94}},"17":{"start":{"line":41,"column":4},"end":{"line":41,"column":75}},"18":{"start":{"line":36,"column":0},"end":{"line":36,"column":7}},"19":{"start":{"line":46,"column":2},"end":{"line":51,"column":null}},"20":{"start":{"line":47,"column":4},"end":{"line":47,"column":66}},"21":{"start":{"line":49,"column":20},"end":{"line":49,"column":94}},"22":{"start":{"line":50,"column":4},"end":{"line":50,"column":75}},"23":{"start":{"line":45,"column":0},"end":{"line":45,"column":7}},"24":{"start":{"line":57,"column":2},"end":{"line":62,"column":null}},"25":{"start":{"line":58,"column":4},"end":{"line":58,"column":81}},"26":{"start":{"line":60,"column":20},"end":{"line":60,"column":94}},"27":{"start":{"line":61,"column":4},"end":{"line":61,"column":75}},"28":{"start":{"line":54,"column":0},"end":{"line":54,"column":7}},"29":{"start":{"line":66,"column":2},"end":{"line":71,"column":null}},"30":{"start":{"line":67,"column":4},"end":{"line":67,"column":54}},"31":{"start":{"line":69,"column":20},"end":{"line":69,"column":94}},"32":{"start":{"line":70,"column":4},"end":{"line":70,"column":75}},"33":{"start":{"line":65,"column":0},"end":{"line":65,"column":7}}},"fnMap":{"0":{"name":"courseSearchHandler","decl":{"start":{"line":14,"column":22},"end":{"line":14,"column":41}},"loc":{"start":{"line":15,"column":25},"end":{"line":23,"column":1}}},"1":{"name":"courseFilterHandler","decl":{"start":{"line":25,"column":22},"end":{"line":25,"column":41}},"loc":{"start":{"line":26,"column":25},"end":{"line":34,"column":1}}},"2":{"name":"courseGetByIDHandler","decl":{"start":{"line":36,"column":22},"end":{"line":36,"column":42}},"loc":{"start":{"line":36,"column":66},"end":{"line":43,"column":1}}},"3":{"name":"coursePublisherProfileHandler","decl":{"start":{"line":45,"column":22},"end":{"line":45,"column":51}},"loc":{"start":{"line":45,"column":75},"end":{"line":52,"column":1}}},"4":{"name":"courseReviewsHandler","decl":{"start":{"line":54,"column":22},"end":{"line":54,"column":42}},"loc":{"start":{"line":55,"column":25},"end":{"line":63,"column":1}}},"5":{"name":"courseDaysHandler","decl":{"start":{"line":65,"column":22},"end":{"line":65,"column":39}},"loc":{"start":{"line":65,"column":63},"end":{"line":72,"column":1}}}},"branchMap":{"0":{"loc":{"start":{"line":20,"column":20},"end":{"line":20,"column":33}},"type":"binary-expr","locations":[{"start":{"line":20,"column":20},"end":{"line":20,"column":33}},{"start":{"line":20,"column":37},"end":{"line":20,"column":94}}]},"1":{"loc":{"start":{"line":31,"column":20},"end":{"line":31,"column":33}},"type":"binary-expr","locations":[{"start":{"line":31,"column":20},"end":{"line":31,"column":33}},{"start":{"line":31,"column":37},"end":{"line":31,"column":94}}]},"2":{"loc":{"start":{"line":40,"column":20},"end":{"line":40,"column":33}},"type":"binary-expr","locations":[{"start":{"line":40,"column":20},"end":{"line":40,"column":33}},{"start":{"line":40,"column":37},"end":{"line":40,"column":94}}]},"3":{"loc":{"start":{"line":49,"column":20},"end":{"line":49,"column":33}},"type":"binary-expr","locations":[{"start":{"line":49,"column":20},"end":{"line":49,"column":33}},{"start":{"line":49,"column":37},"end":{"line":49,"column":94}}]},"4":{"loc":{"start":{"line":60,"column":20},"end":{"line":60,"column":33}},"type":"binary-expr","locations":[{"start":{"line":60,"column":20},"end":{"line":60,"column":33}},{"start":{"line":60,"column":37},"end":{"line":60,"column":94}}]},"5":{"loc":{"start":{"line":69,"column":20},"end":{"line":69,"column":33}},"type":"binary-expr","locations":[{"start":{"line":69,"column":20},"end":{"line":69,"column":33}},{"start":{"line":69,"column":37},"end":{"line":69,"column":94}}]}},"s":{"0":0,"1":0,"2":0,"3":0,"4":0,"5":0,"6":0,"7":0,"8":0,"9":0,"10":0,"11":0,"12":0,"13":0,"14":0,"15":0,"16":0,"17":0,"18":0,"19":0,"20":0,"21":0,"22":0,"23":0,"24":0,"25":0,"26":0,"27":0,"28":0,"29":0,"30":0,"31":0,"32":0,"33":0},"f":{"0":0,"1":0,"2":0,"3":0,"4":0,"5":0},"b":{"0":[0,0],"1":[0,0],"2":[0,0],"3":[0,0],"4":[0,0],"5":[0,0]}}
,"/Users/nareshsiramsetty/IdeaProjects/app-engine-search-and-filtering/src/handler/library-item/daily-insight.handler.ts": {"path":"/Users/nareshsiramsetty/IdeaProjects/app-engine-search-and-filtering/src/handler/library-item/daily-insight.handler.ts","statementMap":{"0":{"start":{"line":3,"column":0},"end":{"line":3,"column":107}},"1":{"start":{"line":4,"column":0},"end":{"line":4,"column":null}},"2":{"start":{"line":8,"column":0},"end":{"line":8,"column":108}},"3":{"start":{"line":9,"column":0},"end":{"line":9,"column":66}},"4":{"start":{"line":15,"column":2},"end":{"line":20,"column":null}},"5":{"start":{"line":16,"column":4},"end":{"line":16,"column":61}},"6":{"start":{"line":18,"column":20},"end":{"line":18,"column":94}},"7":{"start":{"line":19,"column":4},"end":{"line":19,"column":75}},"8":{"start":{"line":12,"column":0},"end":{"line":12,"column":7}},"9":{"start":{"line":26,"column":2},"end":{"line":31,"column":null}},"10":{"start":{"line":27,"column":4},"end":{"line":27,"column":60}},"11":{"start":{"line":29,"column":20},"end":{"line":29,"column":94}},"12":{"start":{"line":30,"column":4},"end":{"line":30,"column":75}},"13":{"start":{"line":23,"column":0},"end":{"line":23,"column":7}},"14":{"start":{"line":35,"column":2},"end":{"line":40,"column":null}},"15":{"start":{"line":36,"column":4},"end":{"line":36,"column":60}},"16":{"start":{"line":38,"column":20},"end":{"line":38,"column":94}},"17":{"start":{"line":39,"column":4},"end":{"line":39,"column":75}},"18":{"start":{"line":34,"column":0},"end":{"line":34,"column":7}},"19":{"start":{"line":46,"column":2},"end":{"line":51,"column":null}},"20":{"start":{"line":47,"column":4},"end":{"line":47,"column":72}},"21":{"start":{"line":49,"column":20},"end":{"line":49,"column":94}},"22":{"start":{"line":50,"column":4},"end":{"line":50,"column":75}},"23":{"start":{"line":43,"column":0},"end":{"line":43,"column":7}},"24":{"start":{"line":57,"column":2},"end":{"line":62,"column":null}},"25":{"start":{"line":58,"column":4},"end":{"line":58,"column":87}},"26":{"start":{"line":60,"column":20},"end":{"line":60,"column":94}},"27":{"start":{"line":61,"column":4},"end":{"line":61,"column":75}},"28":{"start":{"line":54,"column":0},"end":{"line":54,"column":7}}},"fnMap":{"0":{"name":"dailyInsightSearchHandler","decl":{"start":{"line":12,"column":22},"end":{"line":12,"column":47}},"loc":{"start":{"line":13,"column":25},"end":{"line":21,"column":1}}},"1":{"name":"dailyInsightFilterHandler","decl":{"start":{"line":23,"column":22},"end":{"line":23,"column":47}},"loc":{"start":{"line":24,"column":25},"end":{"line":32,"column":1}}},"2":{"name":"dailyInsightGetByIDHandler","decl":{"start":{"line":34,"column":22},"end":{"line":34,"column":48}},"loc":{"start":{"line":34,"column":72},"end":{"line":41,"column":1}}},"3":{"name":"dailyInsightPublisherProfileHandler","decl":{"start":{"line":43,"column":22},"end":{"line":43,"column":57}},"loc":{"start":{"line":44,"column":25},"end":{"line":52,"column":1}}},"4":{"name":"dailyInsightReviewsHandler","decl":{"start":{"line":54,"column":22},"end":{"line":54,"column":48}},"loc":{"start":{"line":55,"column":25},"end":{"line":63,"column":1}}}},"branchMap":{"0":{"loc":{"start":{"line":18,"column":20},"end":{"line":18,"column":33}},"type":"binary-expr","locations":[{"start":{"line":18,"column":20},"end":{"line":18,"column":33}},{"start":{"line":18,"column":37},"end":{"line":18,"column":94}}]},"1":{"loc":{"start":{"line":29,"column":20},"end":{"line":29,"column":33}},"type":"binary-expr","locations":[{"start":{"line":29,"column":20},"end":{"line":29,"column":33}},{"start":{"line":29,"column":37},"end":{"line":29,"column":94}}]},"2":{"loc":{"start":{"line":38,"column":20},"end":{"line":38,"column":33}},"type":"binary-expr","locations":[{"start":{"line":38,"column":20},"end":{"line":38,"column":33}},{"start":{"line":38,"column":37},"end":{"line":38,"column":94}}]},"3":{"loc":{"start":{"line":49,"column":20},"end":{"line":49,"column":33}},"type":"binary-expr","locations":[{"start":{"line":49,"column":20},"end":{"line":49,"column":33}},{"start":{"line":49,"column":37},"end":{"line":49,"column":94}}]},"4":{"loc":{"start":{"line":60,"column":20},"end":{"line":60,"column":33}},"type":"binary-expr","locations":[{"start":{"line":60,"column":20},"end":{"line":60,"column":33}},{"start":{"line":60,"column":37},"end":{"line":60,"column":94}}]}},"s":{"0":0,"1":0,"2":0,"3":0,"4":0,"5":0,"6":0,"7":0,"8":0,"9":0,"10":0,"11":0,"12":0,"13":0,"14":0,"15":0,"16":0,"17":0,"18":0,"19":0,"20":0,"21":0,"22":0,"23":0,"24":0,"25":0,"26":0,"27":0,"28":0},"f":{"0":0,"1":0,"2":0,"3":0,"4":0},"b":{"0":[0,0],"1":[0,0],"2":[0,0],"3":[0,0],"4":[0,0]}}
,"/Users/nareshsiramsetty/IdeaProjects/app-engine-search-and-filtering/src/handler/library-item/single-track.handler.ts": {"path":"/Users/nareshsiramsetty/IdeaProjects/app-engine-search-and-filtering/src/handler/library-item/single-track.handler.ts","statementMap":{"0":{"start":{"line":3,"column":0},"end":{"line":3,"column":105}},"1":{"start":{"line":4,"column":0},"end":{"line":4,"column":null}},"2":{"start":{"line":8,"column":0},"end":{"line":8,"column":105}},"3":{"start":{"line":9,"column":0},"end":{"line":9,"column":66}},"4":{"start":{"line":15,"column":2},"end":{"line":20,"column":null}},"5":{"start":{"line":16,"column":4},"end":{"line":16,"column":60}},"6":{"start":{"line":18,"column":20},"end":{"line":18,"column":94}},"7":{"start":{"line":19,"column":4},"end":{"line":19,"column":75}},"8":{"start":{"line":12,"column":0},"end":{"line":12,"column":7}},"9":{"start":{"line":26,"column":2},"end":{"line":31,"column":null}},"10":{"start":{"line":27,"column":4},"end":{"line":27,"column":60}},"11":{"start":{"line":29,"column":20},"end":{"line":29,"column":94}},"12":{"start":{"line":30,"column":4},"end":{"line":30,"column":75}},"13":{"start":{"line":23,"column":0},"end":{"line":23,"column":7}},"14":{"start":{"line":37,"column":2},"end":{"line":42,"column":null}},"15":{"start":{"line":38,"column":4},"end":{"line":38,"column":86}},"16":{"start":{"line":40,"column":20},"end":{"line":40,"column":94}},"17":{"start":{"line":41,"column":4},"end":{"line":41,"column":75}},"18":{"start":{"line":34,"column":0},"end":{"line":34,"column":7}},"19":{"start":{"line":46,"column":2},"end":{"line":51,"column":null}},"20":{"start":{"line":47,"column":4},"end":{"line":47,"column":55}},"21":{"start":{"line":49,"column":20},"end":{"line":49,"column":94}},"22":{"start":{"line":50,"column":4},"end":{"line":50,"column":75}},"23":{"start":{"line":45,"column":0},"end":{"line":45,"column":7}},"24":{"start":{"line":57,"column":2},"end":{"line":62,"column":null}},"25":{"start":{"line":58,"column":4},"end":{"line":58,"column":71}},"26":{"start":{"line":60,"column":20},"end":{"line":60,"column":94}},"27":{"start":{"line":61,"column":4},"end":{"line":61,"column":75}},"28":{"start":{"line":54,"column":0},"end":{"line":54,"column":7}}},"fnMap":{"0":{"name":"singleTrackSearchHandler","decl":{"start":{"line":12,"column":22},"end":{"line":12,"column":46}},"loc":{"start":{"line":13,"column":25},"end":{"line":21,"column":1}}},"1":{"name":"singleTrackFilterHandler","decl":{"start":{"line":23,"column":22},"end":{"line":23,"column":46}},"loc":{"start":{"line":24,"column":25},"end":{"line":32,"column":1}}},"2":{"name":"singleTrackReviewsHandler","decl":{"start":{"line":34,"column":22},"end":{"line":34,"column":47}},"loc":{"start":{"line":35,"column":25},"end":{"line":43,"column":1}}},"3":{"name":"singleTrackGetByIDHandler","decl":{"start":{"line":45,"column":22},"end":{"line":45,"column":47}},"loc":{"start":{"line":45,"column":71},"end":{"line":52,"column":1}}},"4":{"name":"singleTrackPublisherProfileHandler","decl":{"start":{"line":54,"column":22},"end":{"line":54,"column":56}},"loc":{"start":{"line":55,"column":25},"end":{"line":63,"column":1}}}},"branchMap":{"0":{"loc":{"start":{"line":18,"column":20},"end":{"line":18,"column":33}},"type":"binary-expr","locations":[{"start":{"line":18,"column":20},"end":{"line":18,"column":33}},{"start":{"line":18,"column":37},"end":{"line":18,"column":94}}]},"1":{"loc":{"start":{"line":29,"column":20},"end":{"line":29,"column":33}},"type":"binary-expr","locations":[{"start":{"line":29,"column":20},"end":{"line":29,"column":33}},{"start":{"line":29,"column":37},"end":{"line":29,"column":94}}]},"2":{"loc":{"start":{"line":40,"column":20},"end":{"line":40,"column":33}},"type":"binary-expr","locations":[{"start":{"line":40,"column":20},"end":{"line":40,"column":33}},{"start":{"line":40,"column":37},"end":{"line":40,"column":94}}]},"3":{"loc":{"start":{"line":49,"column":20},"end":{"line":49,"column":33}},"type":"binary-expr","locations":[{"start":{"line":49,"column":20},"end":{"line":49,"column":33}},{"start":{"line":49,"column":37},"end":{"line":49,"column":94}}]},"4":{"loc":{"start":{"line":60,"column":20},"end":{"line":60,"column":33}},"type":"binary-expr","locations":[{"start":{"line":60,"column":20},"end":{"line":60,"column":33}},{"start":{"line":60,"column":37},"end":{"line":60,"column":94}}]}},"s":{"0":0,"1":0,"2":0,"3":0,"4":0,"5":0,"6":0,"7":0,"8":0,"9":0,"10":0,"11":0,"12":0,"13":0,"14":0,"15":0,"16":0,"17":0,"18":0,"19":0,"20":0,"21":0,"22":0,"23":0,"24":0,"25":0,"26":0,"27":0,"28":0},"f":{"0":0,"1":0,"2":0,"3":0,"4":0},"b":{"0":[0,0],"1":[0,0],"2":[0,0],"3":[0,0],"4":[0,0]}}
,"/Users/nareshsiramsetty/IdeaProjects/app-engine-search-and-filtering/src/handler/playlist/playlist.handler.ts": {"path":"/Users/nareshsiramsetty/IdeaProjects/app-engine-search-and-filtering/src/handler/playlist/playlist.handler.ts","statementMap":{"0":{"start":{"line":3,"column":0},"end":{"line":3,"column":81}},"1":{"start":{"line":4,"column":0},"end":{"line":4,"column":70}},"2":{"start":{"line":5,"column":0},"end":{"line":5,"column":79}},"3":{"start":{"line":6,"column":0},"end":{"line":6,"column":83}},"4":{"start":{"line":7,"column":0},"end":{"line":7,"column":81}},"5":{"start":{"line":8,"column":0},"end":{"line":8,"column":66}},"6":{"start":{"line":14,"column":2},"end":{"line":19,"column":null}},"7":{"start":{"line":15,"column":4},"end":{"line":15,"column":57}},"8":{"start":{"line":17,"column":20},"end":{"line":17,"column":94}},"9":{"start":{"line":18,"column":4},"end":{"line":18,"column":75}},"10":{"start":{"line":11,"column":0},"end":{"line":11,"column":7}},"11":{"start":{"line":25,"column":2},"end":{"line":30,"column":null}},"12":{"start":{"line":26,"column":4},"end":{"line":26,"column":57}},"13":{"start":{"line":28,"column":20},"end":{"line":28,"column":94}},"14":{"start":{"line":29,"column":4},"end":{"line":29,"column":75}},"15":{"start":{"line":22,"column":0},"end":{"line":22,"column":7}},"16":{"start":{"line":34,"column":2},"end":{"line":39,"column":null}},"17":{"start":{"line":35,"column":4},"end":{"line":35,"column":52}},"18":{"start":{"line":37,"column":20},"end":{"line":37,"column":94}},"19":{"start":{"line":38,"column":4},"end":{"line":38,"column":75}},"20":{"start":{"line":33,"column":0},"end":{"line":33,"column":7}},"21":{"start":{"line":45,"column":2},"end":{"line":51,"column":null}},"22":{"start":{"line":46,"column":23},"end":{"line":46,"column":44}},"23":{"start":{"line":47,"column":4},"end":{"line":47,"column":70}},"24":{"start":{"line":49,"column":20},"end":{"line":49,"column":94}},"25":{"start":{"line":50,"column":4},"end":{"line":50,"column":75}},"26":{"start":{"line":42,"column":0},"end":{"line":42,"column":7}},"27":{"start":{"line":57,"column":2},"end":{"line":63,"column":null}},"28":{"start":{"line":58,"column":23},"end":{"line":58,"column":44}},"29":{"start":{"line":59,"column":4},"end":{"line":59,"column":68}},"30":{"start":{"line":61,"column":20},"end":{"line":61,"column":94}},"31":{"start":{"line":62,"column":4},"end":{"line":62,"column":75}},"32":{"start":{"line":54,"column":0},"end":{"line":54,"column":7}}},"fnMap":{"0":{"name":"playlistSearchHandler","decl":{"start":{"line":11,"column":22},"end":{"line":11,"column":43}},"loc":{"start":{"line":12,"column":25},"end":{"line":20,"column":1}}},"1":{"name":"playlistFilterHandler","decl":{"start":{"line":22,"column":22},"end":{"line":22,"column":43}},"loc":{"start":{"line":23,"column":25},"end":{"line":31,"column":1}}},"2":{"name":"playlistGetByIDHandler","decl":{"start":{"line":33,"column":22},"end":{"line":33,"column":44}},"loc":{"start":{"line":33,"column":68},"end":{"line":40,"column":1}}},"3":{"name":"relatedPlaylistByIDHandler","decl":{"start":{"line":42,"column":22},"end":{"line":42,"column":48}},"loc":{"start":{"line":43,"column":25},"end":{"line":52,"column":1}}},"4":{"name":"otherPlaylistByIDHandler","decl":{"start":{"line":54,"column":22},"end":{"line":54,"column":46}},"loc":{"start":{"line":55,"column":25},"end":{"line":64,"column":1}}}},"branchMap":{"0":{"loc":{"start":{"line":17,"column":20},"end":{"line":17,"column":33}},"type":"binary-expr","locations":[{"start":{"line":17,"column":20},"end":{"line":17,"column":33}},{"start":{"line":17,"column":37},"end":{"line":17,"column":94}}]},"1":{"loc":{"start":{"line":28,"column":20},"end":{"line":28,"column":33}},"type":"binary-expr","locations":[{"start":{"line":28,"column":20},"end":{"line":28,"column":33}},{"start":{"line":28,"column":37},"end":{"line":28,"column":94}}]},"2":{"loc":{"start":{"line":37,"column":20},"end":{"line":37,"column":33}},"type":"binary-expr","locations":[{"start":{"line":37,"column":20},"end":{"line":37,"column":33}},{"start":{"line":37,"column":37},"end":{"line":37,"column":94}}]},"3":{"loc":{"start":{"line":49,"column":20},"end":{"line":49,"column":33}},"type":"binary-expr","locations":[{"start":{"line":49,"column":20},"end":{"line":49,"column":33}},{"start":{"line":49,"column":37},"end":{"line":49,"column":94}}]},"4":{"loc":{"start":{"line":61,"column":20},"end":{"line":61,"column":33}},"type":"binary-expr","locations":[{"start":{"line":61,"column":20},"end":{"line":61,"column":33}},{"start":{"line":61,"column":37},"end":{"line":61,"column":94}}]}},"s":{"0":0,"1":0,"2":0,"3":0,"4":0,"5":0,"6":0,"7":0,"8":0,"9":0,"10":0,"11":0,"12":0,"13":0,"14":0,"15":0,"16":0,"17":0,"18":0,"19":0,"20":0,"21":0,"22":0,"23":0,"24":0,"25":0,"26":0,"27":0,"28":0,"29":0,"30":0,"31":0,"32":0},"f":{"0":0,"1":0,"2":0,"3":0,"4":0},"b":{"0":[0,0],"1":[0,0],"2":[0,0],"3":[0,0],"4":[0,0]}}
,"/Users/nareshsiramsetty/IdeaProjects/app-engine-search-and-filtering/src/handler/top-view/top-view.handler.ts": {"path":"/Users/nareshsiramsetty/IdeaProjects/app-engine-search-and-filtering/src/handler/top-view/top-view.handler.ts","statementMap":{"0":{"start":{"line":3,"column":0},"end":{"line":3,"column":89}},"1":{"start":{"line":4,"column":0},"end":{"line":4,"column":66}},"2":{"start":{"line":10,"column":2},"end":{"line":15,"column":null}},"3":{"start":{"line":11,"column":4},"end":{"line":11,"column":55}},"4":{"start":{"line":13,"column":20},"end":{"line":13,"column":94}},"5":{"start":{"line":14,"column":4},"end":{"line":14,"column":75}},"6":{"start":{"line":7,"column":0},"end":{"line":7,"column":15}},"7":{"start":{"line":19,"column":2},"end":{"line":24,"column":null}},"8":{"start":{"line":20,"column":4},"end":{"line":20,"column":57}},"9":{"start":{"line":22,"column":20},"end":{"line":22,"column":94}},"10":{"start":{"line":23,"column":4},"end":{"line":23,"column":75}},"11":{"start":{"line":18,"column":0},"end":{"line":18,"column":7}}},"fnMap":{"0":{"name":"topViewHandler","decl":{"start":{"line":7,"column":30},"end":{"line":7,"column":44}},"loc":{"start":{"line":8,"column":25},"end":{"line":16,"column":1}}},"1":{"name":"topViewHandlerV2","decl":{"start":{"line":18,"column":22},"end":{"line":18,"column":38}},"loc":{"start":{"line":18,"column":62},"end":{"line":25,"column":1}}}},"branchMap":{"0":{"loc":{"start":{"line":13,"column":20},"end":{"line":13,"column":33}},"type":"binary-expr","locations":[{"start":{"line":13,"column":20},"end":{"line":13,"column":33}},{"start":{"line":13,"column":37},"end":{"line":13,"column":94}}]},"1":{"loc":{"start":{"line":22,"column":20},"end":{"line":22,"column":33}},"type":"binary-expr","locations":[{"start":{"line":22,"column":20},"end":{"line":22,"column":33}},{"start":{"line":22,"column":37},"end":{"line":22,"column":94}}]}},"s":{"0":0,"1":0,"2":0,"3":0,"4":0,"5":0,"6":0,"7":0,"8":0,"9":0,"10":0,"11":0},"f":{"0":0,"1":0},"b":{"0":[0,0],"1":[0,0]}}
,"/Users/nareshsiramsetty/IdeaProjects/app-engine-search-and-filtering/src/handler/topic/topic.handler.ts": {"path":"/Users/nareshsiramsetty/IdeaProjects/app-engine-search-and-filtering/src/handler/topic/topic.handler.ts","statementMap":{"0":{"start":{"line":4,"column":0},"end":{"line":4,"column":67}},"1":{"start":{"line":5,"column":0},"end":{"line":5,"column":78}},"2":{"start":{"line":6,"column":0},"end":{"line":6,"column":72}},"3":{"start":{"line":7,"column":0},"end":{"line":7,"column":66}},"4":{"start":{"line":13,"column":2},"end":{"line":18,"column":null}},"5":{"start":{"line":14,"column":4},"end":{"line":14,"column":56}},"6":{"start":{"line":16,"column":20},"end":{"line":16,"column":94}},"7":{"start":{"line":17,"column":4},"end":{"line":17,"column":75}},"8":{"start":{"line":10,"column":0},"end":{"line":10,"column":7}},"9":{"start":{"line":22,"column":2},"end":{"line":27,"column":null}},"10":{"start":{"line":23,"column":4},"end":{"line":23,"column":54}},"11":{"start":{"line":25,"column":20},"end":{"line":25,"column":94}},"12":{"start":{"line":26,"column":4},"end":{"line":26,"column":75}},"13":{"start":{"line":21,"column":0},"end":{"line":21,"column":7}},"14":{"start":{"line":31,"column":2},"end":{"line":36,"column":null}},"15":{"start":{"line":32,"column":4},"end":{"line":32,"column":51}},"16":{"start":{"line":34,"column":20},"end":{"line":34,"column":94}},"17":{"start":{"line":35,"column":4},"end":{"line":35,"column":75}},"18":{"start":{"line":30,"column":0},"end":{"line":30,"column":7}}},"fnMap":{"0":{"name":"hashtagSearchHandler","decl":{"start":{"line":10,"column":22},"end":{"line":10,"column":42}},"loc":{"start":{"line":11,"column":25},"end":{"line":19,"column":1}}},"1":{"name":"topicsFilterHandler","decl":{"start":{"line":21,"column":22},"end":{"line":21,"column":41}},"loc":{"start":{"line":21,"column":65},"end":{"line":28,"column":1}}},"2":{"name":"hashtagsGetByIDHandler","decl":{"start":{"line":30,"column":22},"end":{"line":30,"column":44}},"loc":{"start":{"line":30,"column":68},"end":{"line":37,"column":1}}}},"branchMap":{"0":{"loc":{"start":{"line":16,"column":20},"end":{"line":16,"column":33}},"type":"binary-expr","locations":[{"start":{"line":16,"column":20},"end":{"line":16,"column":33}},{"start":{"line":16,"column":37},"end":{"line":16,"column":94}}]},"1":{"loc":{"start":{"line":25,"column":20},"end":{"line":25,"column":33}},"type":"binary-expr","locations":[{"start":{"line":25,"column":20},"end":{"line":25,"column":33}},{"start":{"line":25,"column":37},"end":{"line":25,"column":94}}]},"2":{"loc":{"start":{"line":34,"column":20},"end":{"line":34,"column":33}},"type":"binary-expr","locations":[{"start":{"line":34,"column":20},"end":{"line":34,"column":33}},{"start":{"line":34,"column":37},"end":{"line":34,"column":94}}]}},"s":{"0":0,"1":0,"2":0,"3":0,"4":0,"5":0,"6":0,"7":0,"8":0,"9":0,"10":0,"11":0,"12":0,"13":0,"14":0,"15":0,"16":0,"17":0,"18":0},"f":{"0":0,"1":0,"2":0},"b":{"0":[0,0],"1":[0,0],"2":[0,0]}}
,"/Users/nareshsiramsetty/IdeaProjects/app-engine-search-and-filtering/src/handler/user/publisher.handler.ts": {"path":"/Users/nareshsiramsetty/IdeaProjects/app-engine-search-and-filtering/src/handler/user/publisher.handler.ts","statementMap":{"0":{"start":{"line":3,"column":0},"end":{"line":3,"column":85}},"1":{"start":{"line":4,"column":0},"end":{"line":4,"column":89}},"2":{"start":{"line":5,"column":0},"end":{"line":5,"column":null}},"3":{"start":{"line":14,"column":0},"end":{"line":14,"column":89}},"4":{"start":{"line":15,"column":0},"end":{"line":15,"column":66}},"5":{"start":{"line":21,"column":2},"end":{"line":26,"column":null}},"6":{"start":{"line":22,"column":4},"end":{"line":22,"column":58}},"7":{"start":{"line":24,"column":20},"end":{"line":24,"column":94}},"8":{"start":{"line":25,"column":4},"end":{"line":25,"column":75}},"9":{"start":{"line":18,"column":0},"end":{"line":18,"column":7}},"10":{"start":{"line":32,"column":2},"end":{"line":37,"column":null}},"11":{"start":{"line":33,"column":4},"end":{"line":33,"column":58}},"12":{"start":{"line":35,"column":20},"end":{"line":35,"column":94}},"13":{"start":{"line":36,"column":4},"end":{"line":36,"column":75}},"14":{"start":{"line":29,"column":0},"end":{"line":29,"column":7}},"15":{"start":{"line":41,"column":2},"end":{"line":46,"column":null}},"16":{"start":{"line":42,"column":4},"end":{"line":42,"column":53}},"17":{"start":{"line":44,"column":20},"end":{"line":44,"column":94}},"18":{"start":{"line":45,"column":4},"end":{"line":45,"column":75}},"19":{"start":{"line":40,"column":0},"end":{"line":40,"column":7}},"20":{"start":{"line":52,"column":2},"end":{"line":58,"column":null}},"21":{"start":{"line":53,"column":26},"end":{"line":53,"column":100}},"22":{"start":{"line":54,"column":4},"end":{"line":54,"column":103}},"23":{"start":{"line":56,"column":20},"end":{"line":56,"column":94}},"24":{"start":{"line":57,"column":4},"end":{"line":57,"column":75}},"25":{"start":{"line":49,"column":0},"end":{"line":49,"column":7}},"26":{"start":{"line":64,"column":2},"end":{"line":70,"column":null}},"27":{"start":{"line":65,"column":26},"end":{"line":65,"column":74}},"28":{"start":{"line":66,"column":4},"end":{"line":66,"column":103}},"29":{"start":{"line":68,"column":20},"end":{"line":68,"column":94}},"30":{"start":{"line":69,"column":4},"end":{"line":69,"column":75}},"31":{"start":{"line":61,"column":0},"end":{"line":61,"column":7}},"32":{"start":{"line":76,"column":2},"end":{"line":82,"column":null}},"33":{"start":{"line":77,"column":26},"end":{"line":77,"column":80}},"34":{"start":{"line":78,"column":4},"end":{"line":78,"column":103}},"35":{"start":{"line":80,"column":20},"end":{"line":80,"column":94}},"36":{"start":{"line":81,"column":4},"end":{"line":81,"column":75}},"37":{"start":{"line":73,"column":0},"end":{"line":73,"column":7}},"38":{"start":{"line":88,"column":2},"end":{"line":94,"column":null}},"39":{"start":{"line":89,"column":26},"end":{"line":89,"column":103}},"40":{"start":{"line":90,"column":4},"end":{"line":90,"column":103}},"41":{"start":{"line":92,"column":20},"end":{"line":92,"column":94}},"42":{"start":{"line":93,"column":4},"end":{"line":93,"column":75}},"43":{"start":{"line":85,"column":0},"end":{"line":85,"column":7}},"44":{"start":{"line":100,"column":2},"end":{"line":105,"column":null}},"45":{"start":{"line":101,"column":4},"end":{"line":101,"column":66}},"46":{"start":{"line":103,"column":20},"end":{"line":103,"column":94}},"47":{"start":{"line":104,"column":4},"end":{"line":104,"column":75}},"48":{"start":{"line":97,"column":0},"end":{"line":97,"column":7}},"49":{"start":{"line":111,"column":2},"end":{"line":117,"column":null}},"50":{"start":{"line":112,"column":26},"end":{"line":112,"column":77}},"51":{"start":{"line":113,"column":4},"end":{"line":113,"column":103}},"52":{"start":{"line":115,"column":20},"end":{"line":115,"column":94}},"53":{"start":{"line":116,"column":4},"end":{"line":116,"column":75}},"54":{"start":{"line":108,"column":0},"end":{"line":108,"column":7}}},"fnMap":{"0":{"name":"publisherSearchHandler","decl":{"start":{"line":18,"column":22},"end":{"line":18,"column":44}},"loc":{"start":{"line":19,"column":25},"end":{"line":27,"column":1}}},"1":{"name":"publisherFilterHandler","decl":{"start":{"line":29,"column":22},"end":{"line":29,"column":44}},"loc":{"start":{"line":30,"column":25},"end":{"line":38,"column":1}}},"2":{"name":"getPublisherHandler","decl":{"start":{"line":40,"column":22},"end":{"line":40,"column":41}},"loc":{"start":{"line":40,"column":65},"end":{"line":47,"column":1}}},"3":{"name":"getPublisherPlaylistsHandler","decl":{"start":{"line":49,"column":22},"end":{"line":49,"column":50}},"loc":{"start":{"line":50,"column":25},"end":{"line":59,"column":1}}},"4":{"name":"getPublisherCoursesHandler","decl":{"start":{"line":61,"column":22},"end":{"line":61,"column":48}},"loc":{"start":{"line":62,"column":25},"end":{"line":71,"column":1}}},"5":{"name":"getPublisherDailyInsightsHandler","decl":{"start":{"line":73,"column":22},"end":{"line":73,"column":54}},"loc":{"start":{"line":74,"column":25},"end":{"line":83,"column":1}}},"6":{"name":"getPublisherLibraryItemsHandler","decl":{"start":{"line":85,"column":22},"end":{"line":85,"column":53}},"loc":{"start":{"line":86,"column":25},"end":{"line":95,"column":1}}},"7":{"name":"getPublisherGratitudeWallHandler","decl":{"start":{"line":97,"column":22},"end":{"line":97,"column":54}},"loc":{"start":{"line":98,"column":25},"end":{"line":106,"column":1}}},"8":{"name":"getPublisherLiveEventsHandler","decl":{"start":{"line":108,"column":22},"end":{"line":108,"column":51}},"loc":{"start":{"line":109,"column":25},"end":{"line":118,"column":1}}}},"branchMap":{"0":{"loc":{"start":{"line":24,"column":20},"end":{"line":24,"column":33}},"type":"binary-expr","locations":[{"start":{"line":24,"column":20},"end":{"line":24,"column":33}},{"start":{"line":24,"column":37},"end":{"line":24,"column":94}}]},"1":{"loc":{"start":{"line":35,"column":20},"end":{"line":35,"column":33}},"type":"binary-expr","locations":[{"start":{"line":35,"column":20},"end":{"line":35,"column":33}},{"start":{"line":35,"column":37},"end":{"line":35,"column":94}}]},"2":{"loc":{"start":{"line":44,"column":20},"end":{"line":44,"column":33}},"type":"binary-expr","locations":[{"start":{"line":44,"column":20},"end":{"line":44,"column":33}},{"start":{"line":44,"column":37},"end":{"line":44,"column":94}}]},"3":{"loc":{"start":{"line":56,"column":20},"end":{"line":56,"column":33}},"type":"binary-expr","locations":[{"start":{"line":56,"column":20},"end":{"line":56,"column":33}},{"start":{"line":56,"column":37},"end":{"line":56,"column":94}}]},"4":{"loc":{"start":{"line":68,"column":20},"end":{"line":68,"column":33}},"type":"binary-expr","locations":[{"start":{"line":68,"column":20},"end":{"line":68,"column":33}},{"start":{"line":68,"column":37},"end":{"line":68,"column":94}}]},"5":{"loc":{"start":{"line":80,"column":20},"end":{"line":80,"column":33}},"type":"binary-expr","locations":[{"start":{"line":80,"column":20},"end":{"line":80,"column":33}},{"start":{"line":80,"column":37},"end":{"line":80,"column":94}}]},"6":{"loc":{"start":{"line":92,"column":20},"end":{"line":92,"column":33}},"type":"binary-expr","locations":[{"start":{"line":92,"column":20},"end":{"line":92,"column":33}},{"start":{"line":92,"column":37},"end":{"line":92,"column":94}}]},"7":{"loc":{"start":{"line":103,"column":20},"end":{"line":103,"column":33}},"type":"binary-expr","locations":[{"start":{"line":103,"column":20},"end":{"line":103,"column":33}},{"start":{"line":103,"column":37},"end":{"line":103,"column":94}}]},"8":{"loc":{"start":{"line":115,"column":20},"end":{"line":115,"column":33}},"type":"binary-expr","locations":[{"start":{"line":115,"column":20},"end":{"line":115,"column":33}},{"start":{"line":115,"column":37},"end":{"line":115,"column":94}}]}},"s":{"0":0,"1":0,"2":0,"3":0,"4":0,"5":0,"6":0,"7":0,"8":0,"9":0,"10":0,"11":0,"12":0,"13":0,"14":0,"15":0,"16":0,"17":0,"18":0,"19":0,"20":0,"21":0,"22":0,"23":0,"24":0,"25":0,"26":0,"27":0,"28":0,"29":0,"30":0,"31":0,"32":0,"33":0,"34":0,"35":0,"36":0,"37":0,"38":0,"39":0,"40":0,"41":0,"42":0,"43":0,"44":0,"45":0,"46":0,"47":0,"48":0,"49":0,"50":0,"51":0,"52":0,"53":0,"54":0},"f":{"0":0,"1":0,"2":0,"3":0,"4":0,"5":0,"6":0,"7":0,"8":0},"b":{"0":[0,0],"1":[0,0],"2":[0,0],"3":[0,0],"4":[0,0],"5":[0,0],"6":[0,0],"7":[0,0],"8":[0,0]}}
,"/Users/nareshsiramsetty/IdeaProjects/app-engine-search-and-filtering/src/handler/user/user.handler.ts": {"path":"/Users/nareshsiramsetty/IdeaProjects/app-engine-search-and-filtering/src/handler/user/user.handler.ts","statementMap":{"0":{"start":{"line":3,"column":0},"end":{"line":3,"column":85}},"1":{"start":{"line":4,"column":0},"end":{"line":4,"column":null}},"2":{"start":{"line":12,"column":0},"end":{"line":12,"column":70}},"3":{"start":{"line":13,"column":0},"end":{"line":13,"column":66}},"4":{"start":{"line":17,"column":2},"end":{"line":22,"column":null}},"5":{"start":{"line":18,"column":4},"end":{"line":18,"column":53}},"6":{"start":{"line":20,"column":20},"end":{"line":20,"column":94}},"7":{"start":{"line":21,"column":4},"end":{"line":21,"column":75}},"8":{"start":{"line":16,"column":0},"end":{"line":16,"column":7}},"9":{"start":{"line":26,"column":2},"end":{"line":31,"column":null}},"10":{"start":{"line":27,"column":4},"end":{"line":27,"column":48}},"11":{"start":{"line":29,"column":20},"end":{"line":29,"column":94}},"12":{"start":{"line":30,"column":4},"end":{"line":30,"column":75}},"13":{"start":{"line":25,"column":0},"end":{"line":25,"column":7}},"14":{"start":{"line":37,"column":2},"end":{"line":43,"column":null}},"15":{"start":{"line":38,"column":26},"end":{"line":38,"column":69}},"16":{"start":{"line":39,"column":4},"end":{"line":39,"column":103}},"17":{"start":{"line":41,"column":20},"end":{"line":41,"column":94}},"18":{"start":{"line":42,"column":4},"end":{"line":42,"column":75}},"19":{"start":{"line":34,"column":0},"end":{"line":34,"column":7}},"20":{"start":{"line":49,"column":2},"end":{"line":55,"column":null}},"21":{"start":{"line":50,"column":26},"end":{"line":50,"column":92}},"22":{"start":{"line":51,"column":4},"end":{"line":51,"column":103}},"23":{"start":{"line":53,"column":20},"end":{"line":53,"column":94}},"24":{"start":{"line":54,"column":4},"end":{"line":54,"column":75}},"25":{"start":{"line":46,"column":0},"end":{"line":46,"column":7}},"26":{"start":{"line":61,"column":2},"end":{"line":67,"column":null}},"27":{"start":{"line":62,"column":26},"end":{"line":62,"column":96}},"28":{"start":{"line":63,"column":4},"end":{"line":63,"column":103}},"29":{"start":{"line":65,"column":20},"end":{"line":65,"column":94}},"30":{"start":{"line":66,"column":4},"end":{"line":66,"column":75}},"31":{"start":{"line":58,"column":0},"end":{"line":58,"column":7}},"32":{"start":{"line":73,"column":2},"end":{"line":79,"column":null}},"33":{"start":{"line":74,"column":26},"end":{"line":74,"column":95}},"34":{"start":{"line":75,"column":4},"end":{"line":75,"column":103}},"35":{"start":{"line":77,"column":20},"end":{"line":77,"column":94}},"36":{"start":{"line":78,"column":4},"end":{"line":78,"column":75}},"37":{"start":{"line":70,"column":0},"end":{"line":70,"column":7}},"38":{"start":{"line":85,"column":2},"end":{"line":91,"column":null}},"39":{"start":{"line":86,"column":26},"end":{"line":86,"column":93}},"40":{"start":{"line":87,"column":4},"end":{"line":87,"column":103}},"41":{"start":{"line":89,"column":20},"end":{"line":89,"column":94}},"42":{"start":{"line":90,"column":4},"end":{"line":90,"column":75}},"43":{"start":{"line":82,"column":0},"end":{"line":82,"column":7}}},"fnMap":{"0":{"name":"userSearchHandler","decl":{"start":{"line":16,"column":22},"end":{"line":16,"column":39}},"loc":{"start":{"line":16,"column":63},"end":{"line":23,"column":1}}},"1":{"name":"userGetByIDHandler","decl":{"start":{"line":25,"column":22},"end":{"line":25,"column":40}},"loc":{"start":{"line":25,"column":64},"end":{"line":32,"column":1}}},"2":{"name":"getUserCoursesHandler","decl":{"start":{"line":34,"column":22},"end":{"line":34,"column":43}},"loc":{"start":{"line":35,"column":25},"end":{"line":44,"column":1}}},"3":{"name":"getUserGroupsHandler","decl":{"start":{"line":46,"column":22},"end":{"line":46,"column":42}},"loc":{"start":{"line":47,"column":25},"end":{"line":56,"column":1}}},"4":{"name":"getUserFollowingsHandler","decl":{"start":{"line":58,"column":22},"end":{"line":58,"column":46}},"loc":{"start":{"line":59,"column":25},"end":{"line":68,"column":1}}},"5":{"name":"getUserFollowersHandler","decl":{"start":{"line":70,"column":22},"end":{"line":70,"column":45}},"loc":{"start":{"line":71,"column":25},"end":{"line":80,"column":1}}},"6":{"name":"getUserFriendsHandler","decl":{"start":{"line":82,"column":22},"end":{"line":82,"column":43}},"loc":{"start":{"line":83,"column":25},"end":{"line":92,"column":1}}}},"branchMap":{"0":{"loc":{"start":{"line":20,"column":20},"end":{"line":20,"column":33}},"type":"binary-expr","locations":[{"start":{"line":20,"column":20},"end":{"line":20,"column":33}},{"start":{"line":20,"column":37},"end":{"line":20,"column":94}}]},"1":{"loc":{"start":{"line":29,"column":20},"end":{"line":29,"column":33}},"type":"binary-expr","locations":[{"start":{"line":29,"column":20},"end":{"line":29,"column":33}},{"start":{"line":29,"column":37},"end":{"line":29,"column":94}}]},"2":{"loc":{"start":{"line":41,"column":20},"end":{"line":41,"column":33}},"type":"binary-expr","locations":[{"start":{"line":41,"column":20},"end":{"line":41,"column":33}},{"start":{"line":41,"column":37},"end":{"line":41,"column":94}}]},"3":{"loc":{"start":{"line":53,"column":20},"end":{"line":53,"column":33}},"type":"binary-expr","locations":[{"start":{"line":53,"column":20},"end":{"line":53,"column":33}},{"start":{"line":53,"column":37},"end":{"line":53,"column":94}}]},"4":{"loc":{"start":{"line":65,"column":20},"end":{"line":65,"column":33}},"type":"binary-expr","locations":[{"start":{"line":65,"column":20},"end":{"line":65,"column":33}},{"start":{"line":65,"column":37},"end":{"line":65,"column":94}}]},"5":{"loc":{"start":{"line":77,"column":20},"end":{"line":77,"column":33}},"type":"binary-expr","locations":[{"start":{"line":77,"column":20},"end":{"line":77,"column":33}},{"start":{"line":77,"column":37},"end":{"line":77,"column":94}}]},"6":{"loc":{"start":{"line":89,"column":20},"end":{"line":89,"column":33}},"type":"binary-expr","locations":[{"start":{"line":89,"column":20},"end":{"line":89,"column":33}},{"start":{"line":89,"column":37},"end":{"line":89,"column":94}}]}},"s":{"0":0,"1":0,"2":0,"3":0,"4":0,"5":0,"6":0,"7":0,"8":0,"9":0,"10":0,"11":0,"12":0,"13":0,"14":0,"15":0,"16":0,"17":0,"18":0,"19":0,"20":0,"21":0,"22":0,"23":0,"24":0,"25":0,"26":0,"27":0,"28":0,"29":0,"30":0,"31":0,"32":0,"33":0,"34":0,"35":0,"36":0,"37":0,"38":0,"39":0,"40":0,"41":0,"42":0,"43":0},"f":{"0":0,"1":0,"2":0,"3":0,"4":0,"5":0,"6":0},"b":{"0":[0,0],"1":[0,0],"2":[0,0],"3":[0,0],"4":[0,0],"5":[0,0],"6":[0,0]}}
,"/Users/nareshsiramsetty/IdeaProjects/app-engine-search-and-filtering/src/helper/axios.helper.ts": {"path":"/Users/nareshsiramsetty/IdeaProjects/app-engine-search-and-filtering/src/helper/axios.helper.ts","statementMap":{"0":{"start":{"line":1,"column":0},"end":{"line":1,"column":44}},"1":{"start":{"line":2,"column":0},"end":{"line":2,"column":31}},"2":{"start":{"line":5,"column":0},"end":{"line":5,"column":24}},"3":{"start":{"line":6,"column":0},"end":{"line":6,"column":31}},"4":{"start":{"line":8,"column":0},"end":{"line":8,"column":38}},"5":{"start":{"line":9,"column":0},"end":{"line":9,"column":63}},"6":{"start":{"line":11,"column":12},"end":{"line":11,"column":60}},"7":{"start":{"line":13,"column":23},"end":{"line":13,"column":59}},"8":{"start":{"line":21,"column":4},"end":{"line":21,"column":41}},"9":{"start":{"line":22,"column":23},"end":{"line":22,"column":88}},"10":{"start":{"line":23,"column":4},"end":{"line":23,"column":75}},"11":{"start":{"line":27,"column":16},"end":{"line":27,"column":35}},"12":{"start":{"line":28,"column":4},"end":{"line":32,"column":7}},"13":{"start":{"line":36,"column":16},"end":{"line":36,"column":35}},"14":{"start":{"line":37,"column":4},"end":{"line":40,"column":7}},"15":{"start":{"line":44,"column":16},"end":{"line":44,"column":35}},"16":{"start":{"line":45,"column":4},"end":{"line":48,"column":7}},"17":{"start":{"line":52,"column":16},"end":{"line":52,"column":35}},"18":{"start":{"line":53,"column":4},"end":{"line":56,"column":7}},"19":{"start":{"line":60,"column":16},"end":{"line":60,"column":35}},"20":{"start":{"line":61,"column":4},"end":{"line":64,"column":7}},"21":{"start":{"line":68,"column":4},"end":{"line":70,"column":null}},"22":{"start":{"line":69,"column":6},"end":{"line":69,"column":38}},"23":{"start":{"line":71,"column":4},"end":{"line":71,"column":36}},"24":{"start":{"line":75,"column":4},"end":{"line":78,"column":6}},"25":{"start":{"line":15,"column":0},"end":{"line":15,"column":13}},"26":{"start":{"line":82,"column":0},"end":{"line":82,"column":49}},"27":{"start":{"line":83,"column":13},"end":{"line":83,"column":87}},"28":{"start":{"line":84,"column":13},"end":{"line":84,"column":89}}},"fnMap":{"0":{"name":"(anonymous_7)","decl":{"start":{"line":20,"column":2},"end":{"line":20,"column":21}},"loc":{"start":{"line":20,"column":62},"end":{"line":24,"column":3}}},"1":{"name":"(anonymous_8)","decl":{"start":{"line":26,"column":9},"end":{"line":26,"column":13}},"loc":{"start":{"line":26,"column":91},"end":{"line":33,"column":3}}},"2":{"name":"(anonymous_9)","decl":{"start":{"line":35,"column":9},"end":{"line":35,"column":12}},"loc":{"start":{"line":35,"column":41},"end":{"line":41,"column":3}}},"3":{"name":"(anonymous_10)","decl":{"start":{"line":43,"column":9},"end":{"line":43,"column":15}},"loc":{"start":{"line":43,"column":30},"end":{"line":49,"column":3}}},"4":{"name":"(anonymous_11)","decl":{"start":{"line":51,"column":9},"end":{"line":51,"column":12}},"loc":{"start":{"line":51,"column":27},"end":{"line":57,"column":3}}},"5":{"name":"(anonymous_12)","decl":{"start":{"line":59,"column":9},"end":{"line":59,"column":13}},"loc":{"start":{"line":59,"column":28},"end":{"line":65,"column":3}}},"6":{"name":"(anonymous_13)","decl":{"start":{"line":67,"column":10},"end":{"line":67,"column":16}},"loc":{"start":{"line":67,"column":31},"end":{"line":72,"column":3}}},"7":{"name":"(anonymous_14)","decl":{"start":{"line":74,"column":10},"end":{"line":74,"column":20}},"loc":{"start":{"line":74,"column":20},"end":{"line":79,"column":3}}}},"branchMap":{"0":{"loc":{"start":{"line":68,"column":4},"end":{"line":70,"column":null}},"type":"if","locations":[{"start":{"line":68,"column":4},"end":{"line":70,"column":null}},{"start":{"line":68,"column":4},"end":{"line":70,"column":null}}]}},"s":{"0":0,"1":0,"2":0,"3":0,"4":0,"5":0,"6":0,"7":0,"8":0,"9":0,"10":0,"11":0,"12":0,"13":0,"14":0,"15":0,"16":0,"17":0,"18":0,"19":0,"20":0,"21":0,"22":0,"23":0,"24":0,"25":0,"26":0,"27":0,"28":0},"f":{"0":0,"1":0,"2":0,"3":0,"4":0,"5":0,"6":0,"7":0},"b":{"0":[0,0]}}
,"/Users/nareshsiramsetty/IdeaProjects/app-engine-search-and-filtering/src/helper/response.builder.ts": {"path":"/Users/nareshsiramsetty/IdeaProjects/app-engine-search-and-filtering/src/helper/response.builder.ts","statementMap":{"0":{"start":{"line":2,"column":0},"end":{"line":2,"column":34}},"1":{"start":{"line":3,"column":0},"end":{"line":3,"column":68}},"2":{"start":{"line":9,"column":18},"end":{"line":9,"column":67}},"3":{"start":{"line":11,"column":18},"end":{"line":11,"column":87}},"4":{"start":{"line":14,"column":4},"end":{"line":14,"column":32}},"5":{"start":{"line":15,"column":4},"end":{"line":19,"column":24}},"6":{"start":{"line":23,"column":4},"end":{"line":23,"column":32}},"7":{"start":{"line":24,"column":4},"end":{"line":24,"column":97}},"8":{"start":{"line":28,"column":4},"end":{"line":31,"column":19}},"9":{"start":{"line":35,"column":24},"end":{"line":35,"column":45}},"10":{"start":{"line":37,"column":0},"end":{"line":37,"column":31}}},"fnMap":{"0":{"name":"(anonymous_0)","decl":{"start":{"line":8,"column":0},"end":{"line":8,"column":6}},"loc":{"start":{"line":8,"column":0},"end":{"line":33,"column":1}}},"1":{"name":"(anonymous_1)","decl":{"start":{"line":13,"column":9},"end":{"line":13,"column":30}},"loc":{"start":{"line":13,"column":94},"end":{"line":20,"column":3}}},"2":{"name":"(anonymous_2)","decl":{"start":{"line":22,"column":9},"end":{"line":22,"column":35}},"loc":{"start":{"line":22,"column":77},"end":{"line":25,"column":3}}},"3":{"name":"(anonymous_3)","decl":{"start":{"line":27,"column":9},"end":{"line":27,"column":33}},"loc":{"start":{"line":27,"column":72},"end":{"line":32,"column":3}}}},"branchMap":{"0":{"loc":{"start":{"line":29,"column":14},"end":{"line":29,"column":30}},"type":"binary-expr","locations":[{"start":{"line":29,"column":14},"end":{"line":29,"column":30}},{"start":{"line":29,"column":34},"end":{"line":29,"column":53}}]}},"s":{"0":0,"1":0,"2":0,"3":0,"4":0,"5":0,"6":0,"7":0,"8":0,"9":0,"10":0},"f":{"0":0,"1":0,"2":0,"3":0},"b":{"0":[0,0]}}
,"/Users/nareshsiramsetty/IdeaProjects/app-engine-search-and-filtering/src/middleware/cache.handler.ts": {"path":"/Users/nareshsiramsetty/IdeaProjects/app-engine-search-and-filtering/src/middleware/cache.handler.ts","statementMap":{"0":{"start":{"line":2,"column":0},"end":{"line":2,"column":24}},"1":{"start":{"line":3,"column":0},"end":{"line":3,"column":31}},"2":{"start":{"line":4,"column":0},"end":{"line":4,"column":45}},"3":{"start":{"line":5,"column":0},"end":{"line":5,"column":38}},"4":{"start":{"line":7,"column":12},"end":{"line":7,"column":60}},"5":{"start":{"line":10,"column":2},"end":{"line":21,"column":null}},"6":{"start":{"line":12,"column":6},"end":{"line":12,"column":115}},"7":{"start":{"line":14,"column":6},"end":{"line":14,"column":107}},"8":{"start":{"line":15,"column":4},"end":{"line":15,"column":90}},"9":{"start":{"line":18,"column":4},"end":{"line":18,"column":31}},"10":{"start":{"line":20,"column":4},"end":{"line":20,"column":42}},"11":{"start":{"line":9,"column":0},"end":{"line":9,"column":16}},"12":{"start":{"line":30,"column":4},"end":{"line":30,"column":113}},"13":{"start":{"line":31,"column":18},"end":{"line":31,"column":119}},"14":{"start":{"line":32,"column":2},"end":{"line":32,"column":89}},"15":{"start":{"line":35,"column":2},"end":{"line":35,"column":44}},"16":{"start":{"line":24,"column":0},"end":{"line":24,"column":16}}},"fnMap":{"0":{"name":"addCacheControlToResp","decl":{"start":{"line":9,"column":16},"end":{"line":9,"column":37}},"loc":{"start":{"line":9,"column":111},"end":{"line":22,"column":1}}},"1":{"name":"addPrivateCacheControlToResp","decl":{"start":{"line":24,"column":16},"end":{"line":24,"column":44}},"loc":{"start":{"line":27,"column":28},"end":{"line":36,"column":1}}}},"branchMap":{"0":{"loc":{"start":{"line":10,"column":2},"end":{"line":21,"column":null}},"type":"if","locations":[{"start":{"line":10,"column":2},"end":{"line":21,"column":null}},{"start":{"line":10,"column":2},"end":{"line":21,"column":null}}]},"1":{"loc":{"start":{"line":12,"column":59},"end":{"line":12,"column":79}},"type":"cond-expr","locations":[{"start":{"line":12,"column":59},"end":{"line":12,"column":79}},{"start":{"line":12,"column":82},"end":{"line":12,"column":115}}]},"2":{"loc":{"start":{"line":12,"column":6},"end":{"line":12,"column":26}},"type":"binary-expr","locations":[{"start":{"line":12,"column":6},"end":{"line":12,"column":26}},{"start":{"line":12,"column":30},"end":{"line":12,"column":56}}]},"3":{"loc":{"start":{"line":14,"column":53},"end":{"line":14,"column":70}},"type":"cond-expr","locations":[{"start":{"line":14,"column":53},"end":{"line":14,"column":70}},{"start":{"line":14,"column":73},"end":{"line":14,"column":107}}]},"4":{"loc":{"start":{"line":14,"column":6},"end":{"line":14,"column":23}},"type":"binary-expr","locations":[{"start":{"line":14,"column":6},"end":{"line":14,"column":23}},{"start":{"line":14,"column":27},"end":{"line":14,"column":50}}]},"5":{"loc":{"start":{"line":15,"column":49},"end":{"line":15,"column":55}},"type":"binary-expr","locations":[{"start":{"line":15,"column":49},"end":{"line":15,"column":55}},{"start":{"line":15,"column":59},"end":{"line":15,"column":60}}]},"6":{"loc":{"start":{"line":15,"column":74},"end":{"line":15,"column":81}},"type":"binary-expr","locations":[{"start":{"line":15,"column":74},"end":{"line":15,"column":81}},{"start":{"line":15,"column":85},"end":{"line":15,"column":86}}]},"7":{"loc":{"start":{"line":30,"column":57},"end":{"line":30,"column":77}},"type":"cond-expr","locations":[{"start":{"line":30,"column":57},"end":{"line":30,"column":77}},{"start":{"line":30,"column":80},"end":{"line":30,"column":113}}]},"8":{"loc":{"start":{"line":30,"column":4},"end":{"line":30,"column":24}},"type":"binary-expr","locations":[{"start":{"line":30,"column":4},"end":{"line":30,"column":24}},{"start":{"line":30,"column":28},"end":{"line":30,"column":54}}]},"9":{"loc":{"start":{"line":31,"column":65},"end":{"line":31,"column":82}},"type":"cond-expr","locations":[{"start":{"line":31,"column":65},"end":{"line":31,"column":82}},{"start":{"line":31,"column":85},"end":{"line":31,"column":119}}]},"10":{"loc":{"start":{"line":31,"column":18},"end":{"line":31,"column":35}},"type":"binary-expr","locations":[{"start":{"line":31,"column":18},"end":{"line":31,"column":35}},{"start":{"line":31,"column":39},"end":{"line":31,"column":62}}]},"11":{"loc":{"start":{"line":32,"column":48},"end":{"line":32,"column":54}},"type":"binary-expr","locations":[{"start":{"line":32,"column":48},"end":{"line":32,"column":54}},{"start":{"line":32,"column":58},"end":{"line":32,"column":59}}]},"12":{"loc":{"start":{"line":32,"column":73},"end":{"line":32,"column":80}},"type":"binary-expr","locations":[{"start":{"line":32,"column":73},"end":{"line":32,"column":80}},{"start":{"line":32,"column":84},"end":{"line":32,"column":85}}]}},"s":{"0":0,"1":0,"2":0,"3":0,"4":0,"5":0,"6":0,"7":0,"8":0,"9":0,"10":0,"11":0,"12":0,"13":0,"14":0,"15":0,"16":0},"f":{"0":0,"1":0},"b":{"0":[0,0],"1":[0,0],"2":[0,0],"3":[0,0],"4":[0,0],"5":[0,0],"6":[0,0],"7":[0,0],"8":[0,0],"9":[0,0],"10":[0,0],"11":[0,0],"12":[0,0]}}
,"/Users/nareshsiramsetty/IdeaProjects/app-engine-search-and-filtering/src/middleware/correlation.handler.ts": {"path":"/Users/nareshsiramsetty/IdeaProjects/app-engine-search-and-filtering/src/middleware/correlation.handler.ts","statementMap":{"0":{"start":{"line":1,"column":0},"end":{"line":1,"column":44}},"1":{"start":{"line":2,"column":0},"end":{"line":2,"column":30}},"2":{"start":{"line":5,"column":13},"end":{"line":5,"column":51}},"3":{"start":{"line":8,"column":2},"end":{"line":8,"column":60}},"4":{"start":{"line":8,"column":18},"end":{"line":8,"column":60}},"5":{"start":{"line":10,"column":2},"end":{"line":19,"column":4}},"6":{"start":{"line":11,"column":4},"end":{"line":11,"column":31}},"7":{"start":{"line":12,"column":4},"end":{"line":12,"column":31}},"8":{"start":{"line":14,"column":4},"end":{"line":18,"column":7}},"9":{"start":{"line":15,"column":28},"end":{"line":15,"column":46}},"10":{"start":{"line":16,"column":6},"end":{"line":16,"column":82}},"11":{"start":{"line":17,"column":6},"end":{"line":17,"column":13}},"12":{"start":{"line":22,"column":0},"end":{"line":22,"column":27}}},"fnMap":{"0":{"name":"correlation","decl":{"start":{"line":7,"column":9},"end":{"line":7,"column":20}},"loc":{"start":{"line":7,"column":41},"end":{"line":20,"column":1}}},"1":{"name":"clsfyMiddleware","decl":{"start":{"line":10,"column":18},"end":{"line":10,"column":33}},"loc":{"start":{"line":10,"column":81},"end":{"line":19,"column":3}}},"2":{"name":"(anonymous_3)","decl":{"start":{"line":14,"column":18},"end":{"line":14,"column":27}},"loc":{"start":{"line":14,"column":29},"end":{"line":18,"column":5}}}},"branchMap":{"0":{"loc":{"start":{"line":8,"column":2},"end":{"line":8,"column":60}},"type":"if","locations":[{"start":{"line":8,"column":2},"end":{"line":8,"column":60}},{"start":{"line":8,"column":2},"end":{"line":8,"column":60}}]}},"s":{"0":0,"1":0,"2":0,"3":0,"4":0,"5":0,"6":0,"7":0,"8":0,"9":0,"10":0,"11":0,"12":0},"f":{"0":0,"1":0,"2":0},"b":{"0":[0,0]}}
,"/Users/nareshsiramsetty/IdeaProjects/app-engine-search-and-filtering/src/middleware/error.handler.ts": {"path":"/Users/nareshsiramsetty/IdeaProjects/app-engine-search-and-filtering/src/middleware/error.handler.ts","statementMap":{"0":{"start":{"line":2,"column":0},"end":{"line":2,"column":24}},"1":{"start":{"line":3,"column":0},"end":{"line":3,"column":31}},"2":{"start":{"line":5,"column":0},"end":{"line":5,"column":38}},"3":{"start":{"line":6,"column":0},"end":{"line":6,"column":57}},"4":{"start":{"line":7,"column":0},"end":{"line":7,"column":63}},"5":{"start":{"line":8,"column":0},"end":{"line":8,"column":57}},"6":{"start":{"line":9,"column":0},"end":{"line":9,"column":42}},"7":{"start":{"line":11,"column":12},"end":{"line":11,"column":60}},"8":{"start":{"line":13,"column":0},"end":{"line":26,"column":2}},"9":{"start":{"line":14,"column":2},"end":{"line":14,"column":30}},"10":{"start":{"line":15,"column":2},"end":{"line":17,"column":null}},"11":{"start":{"line":16,"column":4},"end":{"line":16,"column":45}},"12":{"start":{"line":19,"column":4},"end":{"line":21,"column":100}},"13":{"start":{"line":22,"column":2},"end":{"line":24,"column":null}},"14":{"start":{"line":23,"column":4},"end":{"line":23,"column":16}},"15":{"start":{"line":25,"column":2},"end":{"line":25,"column":65}}},"fnMap":{"0":{"name":"(anonymous_1)","decl":{"start":{"line":13,"column":15},"end":{"line":13,"column":16}},"loc":{"start":{"line":13,"column":87},"end":{"line":26,"column":1}}}},"branchMap":{"0":{"loc":{"start":{"line":15,"column":2},"end":{"line":17,"column":null}},"type":"if","locations":[{"start":{"line":15,"column":2},"end":{"line":17,"column":null}},{"start":{"line":15,"column":2},"end":{"line":17,"column":null}}]},"1":{"loc":{"start":{"line":20,"column":8},"end":{"line":20,"column":13}},"type":"cond-expr","locations":[{"start":{"line":20,"column":8},"end":{"line":20,"column":13}},{"start":{"line":21,"column":8},"end":{"line":21,"column":100}}]},"2":{"loc":{"start":{"line":21,"column":83},"end":{"line":21,"column":94}},"type":"cond-expr","locations":[{"start":{"line":21,"column":83},"end":{"line":21,"column":94}},{"start":{"line":21,"column":97},"end":{"line":21,"column":99}}]},"3":{"loc":{"start":{"line":22,"column":2},"end":{"line":24,"column":null}},"type":"if","locations":[{"start":{"line":22,"column":2},"end":{"line":24,"column":null}},{"start":{"line":22,"column":2},"end":{"line":24,"column":null}}]}},"s":{"0":0,"1":0,"2":0,"3":0,"4":0,"5":0,"6":0,"7":0,"8":0,"9":0,"10":0,"11":0,"12":0,"13":0,"14":0,"15":0},"f":{"0":0},"b":{"0":[0,0],"1":[0,0],"2":[0,0],"3":[0,0]}}
[...]
,"/Users/nareshsiramsetty/IdeaProjects/app-engine-search-and-filtering/src/shared/http/http-client-error.ts": {"path":"/Users/nareshsiramsetty/IdeaProjects/app-engine-search-and-filtering/src/shared/http/http-client-error.ts","statementMap":{"0":{"start":{"line":9,"column":4},"end":{"line":9,"column":12}},"1":{"start":{"line":10,"column":4},"end":{"line":10,"column":27}},"2":{"start":{"line":11,"column":4},"end":{"line":11,"column":33}},"3":{"start":{"line":12,"column":4},"end":{"line":12,"column":33}},"4":{"start":{"line":1,"column":0},"end":{"line":1,"column":21}}},"fnMap":{"0":{"name":"(anonymous_0)","decl":{"start":{"line":8,"column":2},"end":{"line":8,"column":21}},"loc":{"start":{"line":8,"column":81},"end":{"line":13,"column":3}}}},"branchMap":{"0":{"loc":{"start":{"line":8,"column":79},"end":{"line":8,"column":81}},"type":"default-arg","locations":[{"start":{"line":8,"column":79},"end":{"line":8,"column":81}}]}},"s":{"0":0,"1":0,"2":0,"3":0,"4":0},"f":{"0":0},"b":{"0":[0]}}
,"/Users/nareshsiramsetty/IdeaProjects/app-engine-search-and-filtering/src/shared/http/http-request-body.ts": {"path":"/Users/nareshsiramsetty/IdeaProjects/app-engine-search-and-filtering/src/shared/http/http-request-body.ts","statementMap":{"0":{"start":{"line":1,"column":0},"end":{"line":1,"column":30}}},"fnMap":{},"branchMap":{},"s":{"0":0},"f":{},"b":{}}
,"/Users/nareshsiramsetty/IdeaProjects/app-engine-search-and-filtering/src/shared/http/http-request-context.ts": {"path":"/Users/nareshsiramsetty/IdeaProjects/app-engine-search-and-filtering/src/shared/http/http-request-context.ts","statementMap":{"0":{"start":{"line":2,"column":0},"end":{"line":2,"column":24}},"1":{"start":{"line":4,"column":0},"end":{"line":4,"column":44}},"2":{"start":{"line":5,"column":0},"end":{"line":5,"column":44}},"3":{"start":{"line":6,"column":0},"end":{"line":6,"column":31}},"4":{"start":{"line":9,"column":12},"end":{"line":9,"column":60}},"5":{"start":{"line":19,"column":4},"end":{"line":19,"column":27}},"6":{"start":{"line":20,"column":4},"end":{"line":20,"column":29}},"7":{"start":{"line":21,"column":4},"end":{"line":21,"column":21}},"8":{"start":{"line":25,"column":4},"end":{"line":31,"column":null}},"9":{"start":{"line":26,"column":6},"end":{"line":29,"column":null}},"10":{"start":{"line":27,"column":8},"end":{"line":27,"column":77}},"11":{"start":{"line":28,"column":8},"end":{"line":28,"column":39}},"12":{"start":{"line":30,"column":6},"end":{"line":30,"column":68}},"13":{"start":{"line":32,"column":4},"end":{"line":32,"column":55}},"14":{"start":{"line":36,"column":4},"end":{"line":38,"column":null}},"15":{"start":{"line":37,"column":6},"end":{"line":37,"column":32}},"16":{"start":{"line":39,"column":4},"end":{"line":39,"column":14}},"17":{"start":{"line":43,"column":4},"end":{"line":49,"column":null}},"18":{"start":{"line":44,"column":6},"end":{"line":47,"column":null}},"19":{"start":{"line":45,"column":8},"end":{"line":45,"column":74}},"20":{"start":{"line":46,"column":8},"end":{"line":46,"column":40}},"21":{"start":{"line":48,"column":6},"end":{"line":48,"column":64}},"22":{"start":{"line":50,"column":4},"end":{"line":50,"column":51}},"23":{"start":{"line":54,"column":4},"end":{"line":57,"column":null}},"24":{"start":{"line":55,"column":6},"end":{"line":55,"column":35}},"25":{"start":{"line":56,"column":6},"end":{"line":56,"column":31}},"26":{"start":{"line":58,"column":4},"end":{"line":58,"column":50}},"27":{"start":{"line":11,"column":0},"end":{"line":11,"column":21}}},"fnMap":{"0":{"name":"(anonymous_1)","decl":{"start":{"line":18,"column":2},"end":{"line":18,"column":21}},"loc":{"start":{"line":18,"column":77},"end":{"line":22,"column":3}}},"1":{"name":"(anonymous_2)","decl":{"start":{"line":24,"column":9},"end":{"line":24,"column":24}},"loc":{"start":{"line":24,"column":36},"end":{"line":33,"column":3}}},"2":{"name":"(anonymous_3)","decl":{"start":{"line":35,"column":9},"end":{"line":35,"column":25}},"loc":{"start":{"line":35,"column":25},"end":{"line":40,"column":3}}},"3":{"name":"(anonymous_4)","decl":{"start":{"line":42,"column":9},"end":{"line":42,"column":20}},"loc":{"start":{"line":42,"column":32},"end":{"line":51,"column":3}}},"4":{"name":"(anonymous_5)","decl":{"start":{"line":53,"column":9},"end":{"line":53,"column":23}},"loc":{"start":{"line":53,"column":23},"end":{"line":59,"column":3}}}},"branchMap":{"0":{"loc":{"start":{"line":25,"column":4},"end":{"line":31,"column":null}},"type":"if","locations":[{"start":{"line":25,"column":4},"end":{"line":31,"column":null}},{"start":{"line":25,"column":4},"end":{"line":31,"column":null}}]},"1":{"loc":{"start":{"line":26,"column":6},"end":{"line":29,"column":null}},"type":"if","locations":[{"start":{"line":26,"column":6},"end":{"line":29,"column":null}},{"start":{"line":26,"column":6},"end":{"line":29,"column":null}}]},"2":{"loc":{"start":{"line":36,"column":4},"end":{"line":38,"column":null}},"type":"if","locations":[{"start":{"line":36,"column":4},"end":{"line":38,"column":null}},{"start":{"line":36,"column":4},"end":{"line":38,"column":null}}]},"3":{"loc":{"start":{"line":36,"column":8},"end":{"line":36,"column":26}},"type":"binary-expr","locations":[{"start":{"line":36,"column":8},"end":{"line":36,"column":26}},{"start":{"line":36,"column":30},"end":{"line":36,"column":72}}]},"4":{"loc":{"start":{"line":43,"column":4},"end":{"line":49,"column":null}},"type":"if","locations":[{"start":{"line":43,"column":4},"end":{"line":49,"column":null}},{"start":{"line":43,"column":4},"end":{"line":49,"column":null}}]},"5":{"loc":{"start":{"line":44,"column":6},"end":{"line":47,"column":null}},"type":"if","locations":[{"start":{"line":44,"column":6},"end":{"line":47,"column":null}},{"start":{"line":44,"column":6},"end":{"line":47,"column":null}}]},"6":{"loc":{"start":{"line":54,"column":4},"end":{"line":57,"column":null}},"type":"if","locations":[{"start":{"line":54,"column":4},"end":{"line":57,"column":null}},{"start":{"line":54,"column":4},"end":{"line":57,"column":null}}]}},"s":{"0":0,"1":0,"2":0,"3":0,"4":0,"5":0,"6":0,"7":0,"8":0,"9":0,"10":0,"11":0,"12":0,"13":0,"14":0,"15":0,"16":0,"17":0,"18":0,"19":0,"20":0,"21":0,"22":0,"23":0,"24":0,"25":0,"26":0,"27":0},"f":{"0":0,"1":0,"2":0,"3":0,"4":0},"b":{"0":[0,0],"1":[0,0],"2":[0,0],"3":[0,0],"4":[0,0],"5":[0,0],"6":[0,0]}}
,"/Users/nareshsiramsetty/IdeaProjects/app-engine-search-and-filtering/src/utils/back-porter.ts": {"path":"/Users/nareshsiramsetty/IdeaProjects/app-engine-search-and-filtering/src/utils/back-porter.ts","statementMap":{"0":{"start":{"line":4,"column":19},"end":{"line":4,"column":35}},"1":{"start":{"line":5,"column":2},"end":{"line":5,"column":64}},"2":{"start":{"line":6,"column":2},"end":{"line":6,"column":21}},"3":{"start":{"line":10,"column":2},"end":{"line":12,"column":null}},"4":{"start":{"line":11,"column":4},"end":{"line":11,"column":42}},"5":{"start":{"line":13,"column":2},"end":{"line":13,"column":17}},"6":{"start":{"line":9,"column":0},"end":{"line":9,"column":16}},"7":{"start":{"line":17,"column":2},"end":{"line":19,"column":null}},"8":{"start":{"line":18,"column":4},"end":{"line":18,"column":37}},"9":{"start":{"line":20,"column":2},"end":{"line":20,"column":16}},"10":{"start":{"line":16,"column":0},"end":{"line":16,"column":16}}},"fnMap":{"0":{"name":"addRequiredFields","decl":{"start":{"line":3,"column":9},"end":{"line":3,"column":26}},"loc":{"start":{"line":3,"column":49},"end":{"line":7,"column":1}}},"1":{"name":"backwardCompatibleCourses","decl":{"start":{"line":9,"column":16},"end":{"line":9,"column":41}},"loc":{"start":{"line":9,"column":67},"end":{"line":14,"column":1}}},"2":{"name":"backwardCompatibleCourse","decl":{"start":{"line":16,"column":16},"end":{"line":16,"column":40}},"loc":{"start":{"line":16,"column":63},"end":{"line":21,"column":1}}}},"branchMap":{"0":{"loc":{"start":{"line":5,"column":48},"end":{"line":5,"column":50}},"type":"cond-expr","locations":[{"start":{"line":5,"column":48},"end":{"line":5,"column":50}},{"start":{"line":5,"column":42},"end":{"line":5,"column":60}}]},"1":{"loc":{"start":{"line":5,"column":42},"end":{"line":5,"column":50}},"type":"binary-expr","locations":[{"start":{"line":5,"column":42},"end":{"line":5,"column":50}},{"start":{"line":5,"column":42},"end":{"line":5,"column":50}}]},"2":{"loc":{"start":{"line":10,"column":2},"end":{"line":12,"column":null}},"type":"if","locations":[{"start":{"line":10,"column":2},"end":{"line":12,"column":null}},{"start":{"line":10,"column":2},"end":{"line":12,"column":null}}]},"3":{"loc":{"start":{"line":17,"column":2},"end":{"line":19,"column":null}},"type":"if","locations":[{"start":{"line":17,"column":2},"end":{"line":19,"column":null}},{"start":{"line":17,"column":2},"end":{"line":19,"column":null}}]}},"s":{"0":0,"1":0,"2":0,"3":0,"4":0,"5":0,"6":0,"7":0,"8":0,"9":0,"10":0},"f":{"0":0,"1":0,"2":0},"b":{"0":[0,0],"1":[0,0],"2":[0,0],"3":[0,0]}}
,"/Users/nareshsiramsetty/IdeaProjects/app-engine-search-and-filtering/src/utils/mysql-connect.ts": {"path":"/Users/nareshsiramsetty/IdeaProjects/app-engine-search-and-filtering/src/utils/mysql-connect.ts","statementMap":{"0":{"start":{"line":1,"column":0},"end":{"line":1,"column":39}},"1":{"start":{"line":2,"column":0},"end":{"line":2,"column":24}},"2":{"start":{"line":3,"column":0},"end":{"line":3,"column":31}},"3":{"start":{"line":5,"column":0},"end":{"line":5,"column":38}},"4":{"start":{"line":7,"column":12},"end":{"line":7,"column":60}},"5":{"start":{"line":10,"column":17},"end":{"line":10,"column":32}},"6":{"start":{"line":11,"column":21},"end":{"line":11,"column":60}},"7":{"start":{"line":12,"column":17},"end":{"line":12,"column":59}},"8":{"start":{"line":13,"column":41},"end":{"line":23,"column":4}},"9":{"start":{"line":24,"column":22},"end":{"line":24,"column":88}},"10":{"start":{"line":25,"column":2},"end":{"line":25,"column":78}},"11":{"start":{"line":26,"column":2},"end":{"line":37,"column":7}},"12":{"start":{"line":30,"column":8},"end":{"line":30,"column":61}},"13":{"start":{"line":31,"column":8},"end":{"line":31,"column":20}},"14":{"start":{"line":35,"column":6},"end":{"line":35,"column":51}},"15":{"start":{"line":36,"column":6},"end":{"line":36,"column":21}},"16":{"start":{"line":40,"column":13},"end":{"line":40,"column":81}},"17":{"start":{"line":41,"column":13},"end":{"line":41,"column":83}}},"fnMap":{"0":{"name":"createPool","decl":{"start":{"line":9,"column":9},"end":{"line":9,"column":19}},"loc":{"start":{"line":9,"column":58},"end":{"line":38,"column":1}}},"1":{"name":"(anonymous_8)","decl":{"start":{"line":29,"column":6},"end":{"line":29,"column":7}},"loc":{"start":{"line":29,"column":27},"end":{"line":32,"column":7}}},"2":{"name":"(anonymous_9)","decl":{"start":{"line":34,"column":11},"end":{"line":34,"column":12}},"loc":{"start":{"line":34,"column":27},"end":{"line":37,"column":5}}}},"branchMap":{"0":{"loc":{"start":{"line":11,"column":21},"end":{"line":11,"column":45}},"type":"binary-expr","locations":[{"start":{"line":11,"column":21},"end":{"line":11,"column":45}},{"start":{"line":11,"column":49},"end":{"line":11,"column":60}}]},"1":{"loc":{"start":{"line":12,"column":17},"end":{"line":12,"column":37}},"type":"binary-expr","locations":[{"start":{"line":12,"column":17},"end":{"line":12,"column":37}},{"start":{"line":12,"column":41},"end":{"line":12,"column":59}}]},"2":{"loc":{"start":{"line":24,"column":51},"end":{"line":24,"column":72}},"type":"cond-expr","locations":[{"start":{"line":24,"column":51},"end":{"line":24,"column":72}},{"start":{"line":24,"column":75},"end":{"line":24,"column":88}}]}},"s":{"0":0,"1":0,"2":0,"3":0,"4":0,"5":0,"6":0,"7":0,"8":0,"9":0,"10":0,"11":0,"12":0,"13":0,"14":0,"15":0,"16":0,"17":0},"f":{"0":0,"1":0,"2":0},"b":{"0":[0,0],"1":[0,0],"2":[0,0]}}
,"/Users/nareshsiramsetty/IdeaProjects/app-engine-search-and-filtering/src/utils/mysql-utils.ts": {"path":"/Users/nareshsiramsetty/IdeaProjects/app-engine-search-and-filtering/src/utils/mysql-utils.ts","statementMap":{"0":{"start":{"line":3,"column":2},"end":{"line":5,"column":null}},"1":{"start":{"line":4,"column":4},"end":{"line":4,"column":34}},"2":{"start":{"line":6,"column":2},"end":{"line":6,"column":16}},"3":{"start":{"line":2,"column":0},"end":{"line":2,"column":24}}},"fnMap":{"0":{"name":"restoreBooleanValue","decl":{"start":{"line":2,"column":24},"end":{"line":2,"column":43}},"loc":{"start":{"line":2,"column":65},"end":{"line":7,"column":1}}}},"branchMap":{"0":{"loc":{"start":{"line":3,"column":2},"end":{"line":5,"column":null}},"type":"if","locations":[{"start":{"line":3,"column":2},"end":{"line":5,"column":null}},{"start":{"line":3,"column":2},"end":{"line":5,"column":null}}]},"1":{"loc":{"start":{"line":3,"column":7},"end":{"line":3,"column":28}},"type":"binary-expr","locations":[{"start":{"line":3,"column":7},"end":{"line":3,"column":28}},{"start":{"line":3,"column":32},"end":{"line":3,"column":56}},{"start":{"line":3,"column":61},"end":{"line":3,"column":79}}]}},"s":{"0":0,"1":0,"2":0,"3":0},"f":{"0":0},"b":{"0":[0,0],"1":[0,0,0]}}
,"/Users/nareshsiramsetty/IdeaProjects/app-engine-search-and-filtering/src/utils/query-parameter-parser.ts": {"path":"/Users/nareshsiramsetty/IdeaProjects/app-engine-search-and-filtering/src/utils/query-parameter-parser.ts","statementMap":{"0":{"start":{"line":1,"column":0},"end":{"line":1,"column":33}},"1":{"start":{"line":8,"column":2},"end":{"line":10,"column":null}},"2":{"start":{"line":9,"column":4},"end":{"line":9,"column":24}},"3":{"start":{"line":11,"column":2},"end":{"line":11,"column":95}},"4":{"start":{"line":4,"column":0},"end":{"line":4,"column":16}},"5":{"start":{"line":18,"column":2},"end":{"line":20,"column":null}},"6":{"start":{"line":19,"column":4},"end":{"line":19,"column":24}},"7":{"start":{"line":21,"column":2},"end":{"line":25,"column":null}},"8":{"start":{"line":22,"column":4},"end":{"line":22,"column":18}},"9":{"start":{"line":24,"column":4},"end":{"line":24,"column":24}},"10":{"start":{"line":14,"column":0},"end":{"line":14,"column":16}},"11":{"start":{"line":29,"column":2},"end":{"line":31,"column":null}},"12":{"start":{"line":30,"column":4},"end":{"line":30,"column":24}},"13":{"start":{"line":32,"column":2},"end":{"line":36,"column":null}},"14":{"start":{"line":33,"column":4},"end":{"line":33,"column":39}},"15":{"start":{"line":35,"column":4},"end":{"line":35,"column":24}},"16":{"start":{"line":28,"column":0},"end":{"line":28,"column":16}},"17":{"start":{"line":40,"column":31},"end":{"line":40,"column":33}},"18":{"start":{"line":42,"column":2},"end":{"line":48,"column":null}},"19":{"start":{"line":43,"column":4},"end":{"line":47,"column":50}},"20":{"start":{"line":45,"column":30},"end":{"line":45,"column":45}},"21":{"start":{"line":46,"column":26},"end":{"line":46,"column":34}},"22":{"start":{"line":47,"column":30},"end":{"line":47,"column":48}},"23":{"start":{"line":49,"column":2},"end":{"line":49,"column":33}},"24":{"start":{"line":39,"column":0},"end":{"line":39,"column":16}}},"fnMap":{"0":{"name":"booleanOrDefault","decl":{"start":{"line":4,"column":16},"end":{"line":4,"column":32}},"loc":{"start":{"line":6,"column":23},"end":{"line":12,"column":1}}},"1":{"name":"numberOrDefault","decl":{"start":{"line":14,"column":16},"end":{"line":14,"column":31}},"loc":{"start":{"line":16,"column":18},"end":{"line":26,"column":1}}},"2":{"name":"floatOrDefault","decl":{"start":{"line":28,"column":16},"end":{"line":28,"column":30}},"loc":{"start":{"line":28,"column":97},"end":{"line":37,"column":1}}},"3":{"name":"csvStringToArray","decl":{"start":{"line":39,"column":16},"end":{"line":39,"column":32}},"loc":{"start":{"line":39,"column":93},"end":{"line":50,"column":1}}},"4":{"name":"(anonymous_10)","decl":{"start":{"line":45,"column":14},"end":{"line":45,"column":15}},"loc":{"start":{"line":45,"column":30},"end":{"line":45,"column":45}}},"5":{"name":"(anonymous_11)","decl":{"start":{"line":46,"column":11},"end":{"line":46,"column":12}},"loc":{"start":{"line":46,"column":26},"end":{"line":46,"column":34}}},"6":{"name":"(anonymous_12)","decl":{"start":{"line":47,"column":15},"end":{"line":47,"column":16}},"loc":{"start":{"line":47,"column":30},"end":{"line":47,"column":48}}}},"branchMap":{"0":{"loc":{"start":{"line":8,"column":2},"end":{"line":10,"column":null}},"type":"if","locations":[{"start":{"line":8,"column":2},"end":{"line":10,"column":null}},{"start":{"line":8,"column":2},"end":{"line":10,"column":null}}]},"1":{"loc":{"start":{"line":8,"column":6},"end":{"line":8,"column":25}},"type":"binary-expr","locations":[{"start":{"line":8,"column":6},"end":{"line":8,"column":25}},{"start":{"line":8,"column":29},"end":{"line":8,"column":43}}]},"2":{"loc":{"start":{"line":11,"column":75},"end":{"line":11,"column":79}},"type":"cond-expr","locations":[{"start":{"line":11,"column":75},"end":{"line":11,"column":79}},{"start":{"line":11,"column":82},"end":{"line":11,"column":94}}]},"3":{"loc":{"start":{"line":11,"column":9},"end":{"line":11,"column":31}},"type":"binary-expr","locations":[{"start":{"line":11,"column":9},"end":{"line":11,"column":31}},{"start":{"line":11,"column":35},"end":{"line":11,"column":72}}]},"4":{"loc":{"start":{"line":16,"column":17},"end":{"line":16,"column":18}},"type":"default-arg","locations":[{"start":{"line":16,"column":17},"end":{"line":16,"column":18}}]},"5":{"loc":{"start":{"line":18,"column":2},"end":{"line":20,"column":null}},"type":"if","locations":[{"start":{"line":18,"column":2},"end":{"line":20,"column":null}},{"start":{"line":18,"column":2},"end":{"line":20,"column":null}}]},"6":{"loc":{"start":{"line":28,"column":96},"end":{"line":28,"column":97}},"type":"default-arg","locations":[{"start":{"line":28,"column":96},"end":{"line":28,"column":97}}]},"7":{"loc":{"start":{"line":29,"column":2},"end":{"line":31,"column":null}},"type":"if","locations":[{"start":{"line":29,"column":2},"end":{"line":31,"column":null}},{"start":{"line":29,"column":2},"end":{"line":31,"column":null}}]},"8":{"loc":{"start":{"line":42,"column":2},"end":{"line":48,"column":null}},"type":"if","locations":[{"start":{"line":42,"column":2},"end":{"line":48,"column":null}},{"start":{"line":42,"column":2},"end":{"line":48,"column":null}}]},"9":{"loc":{"start":{"line":42,"column":6},"end":{"line":42,"column":28}},"type":"binary-expr","locations":[{"start":{"line":42,"column":6},"end":{"line":42,"column":28}},{"start":{"line":42,"column":32},"end":{"line":42,"column":57}}]}},"s":{"0":0,"1":0,"2":0,"3":0,"4":0,"5":0,"6":0,"7":0,"8":0,"9":0,"10":0,"11":0,"12":0,"13":0,"14":0,"15":0,"16":0,"17":0,"18":0,"19":0,"20":0,"21":0,"22":0,"23":0,"24":0},"f":{"0":0,"1":0,"2":0,"3":0,"4":0,"5":0,"6":0},"b":{"0":[0,0],"1":[0,0],"2":[0,0],"3":[0,0],"4":[0],"5":[0,0],"6":[0],"7":[0,0],"8":[0,0],"9":[0,0]}}
,"/Users/nareshsiramsetty/IdeaProjects/app-engine-search-and-filtering/src/utils/supported-language.util.ts": {"path":"/Users/nareshsiramsetty/IdeaProjects/app-engine-search-and-filtering/src/utils/supported-language.util.ts","statementMap":{"0":{"start":{"line":1,"column":0},"end":{"line":1,"column":51}},"1":{"start":{"line":15,"column":0},"end":{"line":15,"column":48}}},"fnMap":{},"branchMap":{},"s":{"0":0,"1":0},"f":{},"b":{}}
}
