TN:
SF:/Users/nareshsiramsetty/IdeaProjects/app-engine-search-and-filtering/src/app.ts
FN:76,startServer
FN:78,(anonymous_8)
FN:87,(anonymous_9)
FN:95,(anonymous_10)
FNF:4
FNH:0
FNDA:0,startServer
FNDA:0,(anonymous_8)
FNDA:0,(anonymous_9)
FNDA:0,(anonymous_10)
DA:1,0
DA:2,0
DA:3,0
DA:4,0
DA:6,0
DA:7,0
DA:8,0
DA:9,0
DA:10,0
DA:11,0
DA:12,0
DA:13,0
DA:14,0
DA:15,0
DA:16,0
DA:18,0
DA:20,0
DA:23,0
DA:27,0
DA:35,0
DA:36,0
DA:38,0
DA:40,0
DA:42,0
DA:44,0
DA:61,0
DA:62,0
DA:64,0
DA:66,0
DA:70,0
DA:72,0
DA:74,0
DA:78,0
DA:80,0
DA:81,0
DA:86,0
DA:88,0
DA:90,0
DA:91,0
DA:92,0
DA:93,0
DA:96,0
DA:97,0
DA:98,0
DA:99,0
LF:45
LH:0
BRDA:50,0,0,0
BRDA:50,0,1,0
BRDA:78,1,0,0
BRDA:78,1,1,0
BRDA:80,2,0,0
BRDA:80,2,1,0
BRF:6
BRH:0
end_of_record
TN:
SF:/Users/nareshsiramsetty/IdeaProjects/app-engine-search-and-filtering/src/config/index.ts
FN:12,(anonymous_1)
FNF:1
FNH:0
FNDA:0,(anonymous_1)
DA:1,0
DA:2,0
DA:5,0
DA:6,0
DA:7,0
DA:11,0
DA:12,0
DA:13,0
DA:14,0
DA:20,0
DA:22,0
LF:11
LH:0
BRDA:6,0,0,0
BRDA:6,0,1,0
BRDA:13,1,0,0
BRDA:13,1,1,0
BRDA:25,2,0,0
BRDA:25,2,1,0
BRDA:29,3,0,0
BRDA:29,3,1,0
BRF:8
BRH:0
end_of_record
TN:
SF:/Users/nareshsiramsetty/IdeaProjects/app-engine-search-and-filtering/src/config/environments/demo.config.ts
FNF:0
FNH:0
DA:1,0
LF:1
LH:0
BRF:0
BRH:0
end_of_record
TN:
SF:/Users/nareshsiramsetty/IdeaProjects/app-engine-search-and-filtering/src/config/environments/preprod.config.ts
FNF:0
FNH:0
DA:1,0
LF:1
LH:0
BRF:0
BRH:0
end_of_record
TN:
SF:/Users/nareshsiramsetty/IdeaProjects/app-engine-search-and-filtering/src/config/environments/production.config.ts
FNF:0
FNH:0
DA:1,0
LF:1
LH:0
BRF:0
BRH:0
end_of_record
TN:
SF:/Users/nareshsiramsetty/IdeaProjects/app-engine-search-and-filtering/src/config/environments/prototype.config.ts
FNF:0
FNH:0
DA:1,0
LF:1
LH:0
BRF:0
BRH:0
end_of_record
TN:
SF:/Users/nareshsiramsetty/IdeaProjects/app-engine-search-and-filtering/src/config/environments/test.config.ts
FNF:0
FNH:0
DA:1,0
LF:1
LH:0
BRF:0
BRH:0
end_of_record
TN:
SF:/Users/nareshsiramsetty/IdeaProjects/app-engine-search-and-filtering/src/config/model/search.model.ts
FN:24,(anonymous_1)
FNF:1
FNH:0
FNDA:0,(anonymous_1)
DA:2,0
DA:3,0
DA:4,0
DA:5,0
DA:6,0
DA:7,0
DA:9,0
DA:25,0
DA:27,0
DA:28,0
DA:30,0
DA:31,0
DA:33,0
DA:34,0
DA:36,0
DA:37,0
DA:39,0
DA:40,0
DA:42,0
LF:19
LH:0
BRDA:26,0,0,0
BRDA:26,0,1,0
BRDA:26,0,2,0
BRDA:26,0,3,0
BRDA:26,0,4,0
BRF:5
BRH:0
end_of_record
TN:
SF:/Users/nareshsiramsetty/IdeaProjects/app-engine-search-and-filtering/src/config/utils/firebase.config.ts
FN:3,initFireBase
FNF:1
FNH:0
FNDA:0,initFireBase
DA:1,0
DA:3,0
DA:4,0
DA:8,0
LF:4
LH:0
BRF:0
BRH:0
end_of_record
TN:
SF:/Users/nareshsiramsetty/IdeaProjects/app-engine-search-and-filtering/src/handler/event/event.handler.ts
FN:9,eventSearchHandler
FN:20,eventFilterHandler
FN:31,homeCarouselEventsHandler
FN:42,eventGetByIDHandler
FNF:4
FNH:0
FNDA:0,eventSearchHandler
FNDA:0,eventFilterHandler
FNDA:0,homeCarouselEventsHandler
FNDA:0,eventGetByIDHandler
DA:3,0
DA:4,0
DA:5,0
DA:6,0
DA:9,0
DA:12,0
DA:13,0
DA:15,0
DA:16,0
DA:20,0
DA:23,0
DA:24,0
DA:26,0
DA:27,0
DA:31,0
DA:34,0
DA:35,0
DA:37,0
DA:38,0
DA:42,0
DA:43,0
DA:44,0
DA:46,0
DA:47,0
LF:24
LH:0
BRDA:15,0,0,0
BRDA:15,0,1,0
BRDA:26,1,0,0
BRDA:26,1,1,0
BRDA:37,2,0,0
BRDA:37,2,1,0
BRDA:46,3,0,0
BRDA:46,3,1,0
BRF:8
BRH:0
end_of_record
TN:
SF:/Users/nareshsiramsetty/IdeaProjects/app-engine-search-and-filtering/src/handler/group/group.handler.ts
FN:9,groupSearchHandler
FN:20,groupFilterHandler
FN:31,groupGetByIDHandler
FNF:3
FNH:0
FNDA:0,groupSearchHandler
FNDA:0,groupFilterHandler
FNDA:0,groupGetByIDHandler
DA:3,0
DA:4,0
DA:5,0
DA:6,0
DA:9,0
DA:12,0
DA:13,0
DA:15,0
DA:16,0
DA:20,0
DA:23,0
DA:24,0
DA:26,0
DA:27,0
DA:31,0
DA:32,0
DA:33,0
DA:35,0
DA:36,0
LF:19
LH:0
BRDA:15,0,0,0
BRDA:15,0,1,0
BRDA:26,1,0,0
BRDA:26,1,1,0
BRDA:35,2,0,0
BRDA:35,2,1,0
BRF:6
BRH:0
end_of_record
TN:
SF:/Users/nareshsiramsetty/IdeaProjects/app-engine-search-and-filtering/src/handler/hashtag/hashtag.handler.ts
FN:11,hashtagSearchHandler
FN:22,hashtagFilterHandler
FN:33,hashtagsGetByIDHandler
FN:42,getTrendingHashtags
FNF:4
FNH:0
FNDA:0,hashtagSearchHandler
FNDA:0,hashtagFilterHandler
FNDA:0,hashtagsGetByIDHandler
FNDA:0,getTrendingHashtags
DA:4,0
DA:5,0
DA:6,0
DA:7,0
DA:8,0
DA:11,0
DA:14,0
DA:15,0
DA:17,0
DA:18,0
DA:22,0
DA:25,0
DA:26,0
DA:28,0
DA:29,0
DA:33,0
DA:34,0
DA:35,0
DA:37,0
DA:38,0
DA:42,0
DA:43,0
DA:44,0
DA:46,0
DA:47,0
LF:25
LH:0
BRDA:17,0,0,0
BRDA:17,0,1,0
BRDA:28,1,0,0
BRDA:28,1,1,0
BRDA:37,2,0,0
BRDA:37,2,1,0
BRDA:46,3,0,0
BRDA:46,3,1,0
BRF:8
BRH:0
end_of_record
TN:
SF:/Users/nareshsiramsetty/IdeaProjects/app-engine-search-and-filtering/src/handler/library-item/audio.handler.ts
FN:7,audioSearchHandler
FNF:1
FNH:0
FNDA:0,audioSearchHandler
DA:3,0
DA:4,0
DA:7,0
DA:10,0
DA:11,0
DA:13,0
DA:14,0
LF:7
LH:0
BRDA:13,0,0,0
BRDA:13,0,1,0
BRF:2
BRH:0
end_of_record
TN:
SF:/Users/nareshsiramsetty/IdeaProjects/app-engine-search-and-filtering/src/handler/library-item/course.handler.ts
FN:14,courseSearchHandler
FN:25,courseFilterHandler
FN:36,courseGetByIDHandler
FN:45,coursePublisherProfileHandler
FN:54,courseReviewsHandler
FN:65,courseDaysHandler
FNF:6
FNH:0
FNDA:0,courseSearchHandler
FNDA:0,courseFilterHandler
FNDA:0,courseGetByIDHandler
FNDA:0,coursePublisherProfileHandler
FNDA:0,courseReviewsHandler
FNDA:0,courseDaysHandler
DA:3,0
DA:4,0
DA:10,0
DA:11,0
DA:14,0
DA:17,0
DA:18,0
DA:20,0
DA:21,0
DA:25,0
DA:28,0
DA:29,0
DA:31,0
DA:32,0
DA:36,0
DA:37,0
DA:38,0
DA:40,0
DA:41,0
DA:45,0
DA:46,0
DA:47,0
DA:49,0
DA:50,0
DA:54,0
DA:57,0
DA:58,0
DA:60,0
DA:61,0
DA:65,0
DA:66,0
DA:67,0
DA:69,0
DA:70,0
LF:34
LH:0
BRDA:20,0,0,0
BRDA:20,0,1,0
BRDA:31,1,0,0
BRDA:31,1,1,0
BRDA:40,2,0,0
BRDA:40,2,1,0
BRDA:49,3,0,0
BRDA:49,3,1,0
BRDA:60,4,0,0
BRDA:60,4,1,0
BRDA:69,5,0,0
BRDA:69,5,1,0
BRF:12
BRH:0
end_of_record
TN:
SF:/Users/nareshsiramsetty/IdeaProjects/app-engine-search-and-filtering/src/handler/library-item/daily-insight.handler.ts
FN:12,dailyInsightSearchHandler
FN:23,dailyInsightFilterHandler
FN:34,dailyInsightGetByIDHandler
FN:43,dailyInsightPublisherProfileHandler
FN:54,dailyInsightReviewsHandler
FNF:5
FNH:0
FNDA:0,dailyInsightSearchHandler
FNDA:0,dailyInsightFilterHandler
FNDA:0,dailyInsightGetByIDHandler
FNDA:0,dailyInsightPublisherProfileHandler
FNDA:0,dailyInsightReviewsHandler
DA:3,0
DA:4,0
DA:8,0
DA:9,0
DA:12,0
DA:15,0
DA:16,0
DA:18,0
DA:19,0
DA:23,0
DA:26,0
DA:27,0
DA:29,0
DA:30,0
DA:34,0
DA:35,0
DA:36,0
DA:38,0
DA:39,0
DA:43,0
DA:46,0
DA:47,0
DA:49,0
DA:50,0
DA:54,0
DA:57,0
DA:58,0
DA:60,0
DA:61,0
LF:29
LH:0
BRDA:18,0,0,0
BRDA:18,0,1,0
BRDA:29,1,0,0
BRDA:29,1,1,0
BRDA:38,2,0,0
BRDA:38,2,1,0
BRDA:49,3,0,0
BRDA:49,3,1,0
BRDA:60,4,0,0
BRDA:60,4,1,0
BRF:10
BRH:0
end_of_record
TN:
SF:/Users/nareshsiramsetty/IdeaProjects/app-engine-search-and-filtering/src/handler/library-item/single-track.handler.ts
FN:12,singleTrackSearchHandler
FN:23,singleTrackFilterHandler
FN:34,singleTrackReviewsHandler
FN:45,singleTrackGetByIDHandler
FN:54,singleTrackPublisherProfileHandler
FNF:5
FNH:0
FNDA:0,singleTrackSearchHandler
FNDA:0,singleTrackFilterHandler
FNDA:0,singleTrackReviewsHandler
FNDA:0,singleTrackGetByIDHandler
FNDA:0,singleTrackPublisherProfileHandler
DA:3,0
DA:4,0
DA:8,0
DA:9,0
DA:12,0
DA:15,0
DA:16,0
DA:18,0
DA:19,0
DA:23,0
DA:26,0
DA:27,0
DA:29,0
DA:30,0
DA:34,0
DA:37,0
DA:38,0
DA:40,0
DA:41,0
DA:45,0
DA:46,0
DA:47,0
DA:49,0
DA:50,0
DA:54,0
DA:57,0
DA:58,0
DA:60,0
DA:61,0
LF:29
LH:0
BRDA:18,0,0,0
BRDA:18,0,1,0
BRDA:29,1,0,0
BRDA:29,1,1,0
BRDA:40,2,0,0
BRDA:40,2,1,0
BRDA:49,3,0,0
BRDA:49,3,1,0
BRDA:60,4,0,0
BRDA:60,4,1,0
BRF:10
BRH:0
end_of_record
TN:
SF:/Users/nareshsiramsetty/IdeaProjects/app-engine-search-and-filtering/src/handler/playlist/playlist.handler.ts
FN:11,playlistSearchHandler
FN:22,playlistFilterHandler
FN:33,playlistGetByIDHandler
FN:42,relatedPlaylistByIDHandler
FN:54,otherPlaylistByIDHandler
FNF:5
FNH:0
FNDA:0,playlistSearchHandler
FNDA:0,playlistFilterHandler
FNDA:0,playlistGetByIDHandler
FNDA:0,relatedPlaylistByIDHandler
FNDA:0,otherPlaylistByIDHandler
DA:3,0
DA:4,0
DA:5,0
DA:6,0
DA:7,0
DA:8,0
DA:11,0
DA:14,0
DA:15,0
DA:17,0
DA:18,0
DA:22,0
DA:25,0
DA:26,0
DA:28,0
DA:29,0
DA:33,0
DA:34,0
DA:35,0
DA:37,0
DA:38,0
DA:42,0
DA:45,0
DA:46,0
DA:47,0
DA:49,0
DA:50,0
DA:54,0
DA:57,0
DA:58,0
DA:59,0
DA:61,0
DA:62,0
LF:33
LH:0
BRDA:17,0,0,0
BRDA:17,0,1,0
BRDA:28,1,0,0
BRDA:28,1,1,0
BRDA:37,2,0,0
BRDA:37,2,1,0
BRDA:49,3,0,0
BRDA:49,3,1,0
BRDA:61,4,0,0
BRDA:61,4,1,0
BRF:10
BRH:0
end_of_record
TN:
SF:/Users/nareshsiramsetty/IdeaProjects/app-engine-search-and-filtering/src/handler/top-view/top-view.handler.ts
FN:7,topViewHandler
FN:18,topViewHandlerV2
FNF:2
FNH:0
FNDA:0,topViewHandler
FNDA:0,topViewHandlerV2
DA:3,0
DA:4,0
DA:7,0
DA:10,0
DA:11,0
DA:13,0
DA:14,0
DA:18,0
DA:19,0
DA:20,0
DA:22,0
DA:23,0
LF:12
LH:0
BRDA:13,0,0,0
BRDA:13,0,1,0
BRDA:22,1,0,0
BRDA:22,1,1,0
BRF:4
BRH:0
end_of_record
TN:
SF:/Users/nareshsiramsetty/IdeaProjects/app-engine-search-and-filtering/src/handler/topic/topic.handler.ts
FN:10,hashtagSearchHandler
FN:21,topicsFilterHandler
FN:30,hashtagsGetByIDHandler
FNF:3
FNH:0
FNDA:0,hashtagSearchHandler
FNDA:0,topicsFilterHandler
FNDA:0,hashtagsGetByIDHandler
DA:4,0
DA:5,0
DA:6,0
DA:7,0
DA:10,0
DA:13,0
DA:14,0
DA:16,0
DA:17,0
DA:21,0
DA:22,0
DA:23,0
DA:25,0
DA:26,0
DA:30,0
DA:31,0
DA:32,0
DA:34,0
DA:35,0
LF:19
LH:0
BRDA:16,0,0,0
BRDA:16,0,1,0
BRDA:25,1,0,0
BRDA:25,1,1,0
BRDA:34,2,0,0
BRDA:34,2,1,0
BRF:6
BRH:0
end_of_record
TN:
SF:/Users/nareshsiramsetty/IdeaProjects/app-engine-search-and-filtering/src/handler/user/publisher.handler.ts
FN:18,publisherSearchHandler
FN:29,publisherFilterHandler
FN:40,getPublisherHandler
FN:49,getPublisherPlaylistsHandler
FN:61,getPublisherCoursesHandler
FN:73,getPublisherDailyInsightsHandler
FN:85,getPublisherLibraryItemsHandler
FN:97,getPublisherGratitudeWallHandler
FN:108,getPublisherLiveEventsHandler
FNF:9
FNH:0
FNDA:0,publisherSearchHandler
FNDA:0,publisherFilterHandler
FNDA:0,getPublisherHandler
FNDA:0,getPublisherPlaylistsHandler
FNDA:0,getPublisherCoursesHandler
FNDA:0,getPublisherDailyInsightsHandler
FNDA:0,getPublisherLibraryItemsHandler
FNDA:0,getPublisherGratitudeWallHandler
FNDA:0,getPublisherLiveEventsHandler
DA:3,0
DA:4,0
DA:5,0
DA:14,0
DA:15,0
DA:18,0
DA:21,0
DA:22,0
DA:24,0
DA:25,0
DA:29,0
DA:32,0
DA:33,0
DA:35,0
DA:36,0
DA:40,0
DA:41,0
DA:42,0
DA:44,0
DA:45,0
DA:49,0
DA:52,0
DA:53,0
DA:54,0
DA:56,0
DA:57,0
DA:61,0
DA:64,0
DA:65,0
DA:66,0
DA:68,0
DA:69,0
DA:73,0
DA:76,0
DA:77,0
DA:78,0
DA:80,0
DA:81,0
DA:85,0
DA:88,0
DA:89,0
DA:90,0
DA:92,0
DA:93,0
DA:97,0
DA:100,0
DA:101,0
DA:103,0
DA:104,0
DA:108,0
DA:111,0
DA:112,0
DA:113,0
DA:115,0
DA:116,0
LF:55
LH:0
BRDA:24,0,0,0
BRDA:24,0,1,0
BRDA:35,1,0,0
BRDA:35,1,1,0
BRDA:44,2,0,0
BRDA:44,2,1,0
BRDA:56,3,0,0
BRDA:56,3,1,0
BRDA:68,4,0,0
BRDA:68,4,1,0
BRDA:80,5,0,0
BRDA:80,5,1,0
BRDA:92,6,0,0
BRDA:92,6,1,0
BRDA:103,7,0,0
BRDA:103,7,1,0
BRDA:115,8,0,0
BRDA:115,8,1,0
BRF:18
BRH:0
end_of_record
TN:
SF:/Users/nareshsiramsetty/IdeaProjects/app-engine-search-and-filtering/src/handler/user/user.handler.ts
FN:16,userSearchHandler
FN:25,userGetByIDHandler
FN:34,getUserCoursesHandler
FN:46,getUserGroupsHandler
FN:58,getUserFollowingsHandler
FN:70,getUserFollowersHandler
FN:82,getUserFriendsHandler
FNF:7
FNH:0
FNDA:0,userSearchHandler
FNDA:0,userGetByIDHandler
FNDA:0,getUserCoursesHandler
FNDA:0,getUserGroupsHandler
FNDA:0,getUserFollowingsHandler
FNDA:0,getUserFollowersHandler
FNDA:0,getUserFriendsHandler
DA:3,0
DA:4,0
DA:12,0
DA:13,0
DA:16,0
DA:17,0
DA:18,0
DA:20,0
DA:21,0
DA:25,0
DA:26,0
DA:27,0
DA:29,0
DA:30,0
DA:34,0
DA:37,0
DA:38,0
DA:39,0
DA:41,0
DA:42,0
DA:46,0
DA:49,0
DA:50,0
DA:51,0
DA:53,0
DA:54,0
DA:58,0
DA:61,0
DA:62,0
DA:63,0
DA:65,0
DA:66,0
DA:70,0
DA:73,0
DA:74,0
DA:75,0
DA:77,0
DA:78,0
DA:82,0
DA:85,0
DA:86,0
DA:87,0
DA:89,0
DA:90,0
LF:44
LH:0
BRDA:20,0,0,0
BRDA:20,0,1,0
BRDA:29,1,0,0
BRDA:29,1,1,0
BRDA:41,2,0,0
BRDA:41,2,1,0
BRDA:53,3,0,0
BRDA:53,3,1,0
BRDA:65,4,0,0
BRDA:65,4,1,0
BRDA:77,5,0,0
BRDA:77,5,1,0
BRDA:89,6,0,0
BRDA:89,6,1,0
BRF:14
BRH:0
end_of_record
TN:
SF:/Users/nareshsiramsetty/IdeaProjects/app-engine-search-and-filtering/src/helper/axios.helper.ts
FN:20,(anonymous_7)
FN:26,(anonymous_8)
FN:35,(anonymous_9)
FN:43,(anonymous_10)
FN:51,(anonymous_11)
FN:59,(anonymous_12)
FN:67,(anonymous_13)
FN:74,(anonymous_14)
FNF:8
FNH:0
FNDA:0,(anonymous_7)
FNDA:0,(anonymous_8)
FNDA:0,(anonymous_9)
FNDA:0,(anonymous_10)
FNDA:0,(anonymous_11)
FNDA:0,(anonymous_12)
FNDA:0,(anonymous_13)
FNDA:0,(anonymous_14)
DA:1,0
DA:2,0
DA:5,0
DA:6,0
DA:8,0
DA:9,0
DA:11,0
DA:13,0
DA:15,0
DA:21,0
DA:22,0
DA:23,0
DA:27,0
DA:28,0
DA:36,0
DA:37,0
DA:44,0
DA:45,0
DA:52,0
DA:53,0
DA:60,0
DA:61,0
DA:68,0
DA:69,0
DA:71,0
DA:75,0
DA:82,0
DA:83,0
DA:84,0
LF:29
LH:0
BRDA:68,0,0,0
BRDA:68,0,1,0
BRF:2
BRH:0
end_of_record
TN:
SF:/Users/nareshsiramsetty/IdeaProjects/app-engine-search-and-filtering/src/helper/response.builder.ts
FN:8,(anonymous_0)
FN:13,(anonymous_1)
FN:22,(anonymous_2)
FN:27,(anonymous_3)
FNF:4
FNH:0
FNDA:0,(anonymous_0)
FNDA:0,(anonymous_1)
FNDA:0,(anonymous_2)
FNDA:0,(anonymous_3)
DA:2,0
DA:3,0
DA:9,0
DA:11,0
DA:14,0
DA:15,0
DA:23,0
DA:24,0
DA:28,0
DA:35,0
DA:37,0
LF:11
LH:0
BRDA:29,0,0,0
BRDA:29,0,1,0
BRF:2
BRH:0
end_of_record
TN:
SF:/Users/nareshsiramsetty/IdeaProjects/app-engine-search-and-filtering/src/middleware/cache.handler.ts
FN:9,addCacheControlToResp
FN:24,addPrivateCacheControlToResp
FNF:2
FNH:0
FNDA:0,addCacheControlToResp
FNDA:0,addPrivateCacheControlToResp
DA:2,0
DA:3,0
DA:4,0
DA:5,0
DA:7,0
DA:9,0
DA:10,0
DA:12,0
DA:14,0
DA:15,0
DA:18,0
DA:20,0
DA:24,0
DA:30,0
DA:31,0
DA:32,0
DA:35,0
LF:17
LH:0
BRDA:10,0,0,0
BRDA:10,0,1,0
BRDA:12,1,0,0
BRDA:12,1,1,0
BRDA:12,2,0,0
BRDA:12,2,1,0
BRDA:14,3,0,0
BRDA:14,3,1,0
BRDA:14,4,0,0
BRDA:14,4,1,0
BRDA:15,5,0,0
BRDA:15,5,1,0
BRDA:15,6,0,0
BRDA:15,6,1,0
BRDA:30,7,0,0
BRDA:30,7,1,0
BRDA:30,8,0,0
BRDA:30,8,1,0
BRDA:31,9,0,0
BRDA:31,9,1,0
BRDA:31,10,0,0
BRDA:31,10,1,0
BRDA:32,11,0,0
BRDA:32,11,1,0
BRDA:32,12,0,0
BRDA:32,12,1,0
BRF:26
BRH:0
end_of_record
TN:
SF:/Users/nareshsiramsetty/IdeaProjects/app-engine-search-and-filtering/src/middleware/correlation.handler.ts
FN:7,correlation
FN:10,clsfyMiddleware
FN:14,(anonymous_3)
FNF:3
FNH:0
FNDA:0,correlation
FNDA:0,clsfyMiddleware
FNDA:0,(anonymous_3)
DA:1,0
DA:2,0
DA:5,0
DA:8,0
DA:10,0
DA:11,0
DA:12,0
DA:14,0
DA:15,0
DA:16,0
DA:17,0
DA:22,0
LF:12
LH:0
BRDA:8,0,0,0
BRDA:8,0,1,0
BRF:2
BRH:0
end_of_record
TN:
SF:/Users/nareshsiramsetty/IdeaProjects/app-engine-search-and-filtering/src/middleware/error.handler.ts
FN:13,(anonymous_1)
FNF:1
FNH:0
FNDA:0,(anonymous_1)
DA:2,0
DA:3,0
DA:5,0
DA:6,0
DA:7,0
DA:8,0
DA:9,0
DA:11,0
DA:13,0
DA:14,0
DA:15,0
DA:16,0
DA:19,0
DA:22,0
DA:23,0
DA:25,0
LF:16
LH:0
BRDA:15,0,0,0
BRDA:15,0,1,0
BRDA:20,1,0,0
BRDA:20,1,1,0
BRDA:21,2,0,0
BRDA:21,2,1,0
BRDA:22,3,0,0
BRDA:22,3,1,0
BRF:8
BRH:0
end_of_record
TN:
SF:/Users/nareshsiramsetty/IdeaProjects/app-engine-search-and-filtering/src/middleware/index.ts
FNF:0
FNH:0
DA:1,0
DA:2,0
DA:3,0
DA:5,0
LF:4
LH:0
BRF:0
BRH:0
end_of_record
TN:
SF:/Users/nareshsiramsetty/IdeaProjects/app-engine-search-and-filtering/src/middleware/morgan.logger.ts
FN:6,(anonymous_1)
FNF:1
FNH:0
FNDA:0,(anonymous_1)
DA:1,0
DA:2,0
DA:3,0
DA:4,0
DA:6,0
DA:7,0
LF:6
LH:0
BRDA:8,0,0,0
BRDA:8,0,1,0
BRDA:19,1,0,0
BRDA:19,1,1,0
BRF:4
BRH:0
end_of_record
TN:
SF:/Users/nareshsiramsetty/IdeaProjects/app-engine-search-and-filtering/src/middleware/route.logger.ts
FN:7,(anonymous_1)
FNF:1
FNH:0
FNDA:0,(anonymous_1)
DA:2,0
DA:3,0
DA:5,0
DA:7,0
DA:8,0
DA:9,0
LF:6
LH:0
BRF:0
BRH:0
end_of_record
TN:
SF:/Users/nareshsiramsetty/IdeaProjects/app-engine-search-and-filtering/src/model/event/event.model.ts
FNF:0
FNH:0
DA:3,0
DA:16,0
LF:2
LH:0
BRF:0
BRH:0
end_of_record
TN:
SF:/Users/nareshsiramsetty/IdeaProjects/app-engine-search-and-filtering/src/model/group/group.model.ts
FNF:0
FNH:0
DA:16,0
DA:26,0
LF:2
LH:0
BRF:0
BRH:0
end_of_record
TN:
SF:/Users/nareshsiramsetty/IdeaProjects/app-engine-search-and-filtering/src/model/hashtag/hashtag.model.ts
FNF:0
FNH:0
DA:3,0
DA:15,0
LF:2
LH:0
BRF:0
BRH:0
end_of_record
TN:
SF:/Users/nareshsiramsetty/IdeaProjects/app-engine-search-and-filtering/src/model/library-item/library-item.model.ts
FNF:0
FNH:0
DA:3,0
DA:30,0
DA:57,0
DA:84,0
DA:96,0
DA:117,0
LF:6
LH:0
BRF:0
BRH:0
end_of_record
TN:
SF:/Users/nareshsiramsetty/IdeaProjects/app-engine-search-and-filtering/src/model/playlist/playlist.model.ts
FNF:0
FNH:0
DA:3,0
DA:19,0
LF:2
LH:0
BRF:0
BRH:0
end_of_record
TN:
SF:/Users/nareshsiramsetty/IdeaProjects/app-engine-search-and-filtering/src/model/user/user.model.ts
FNF:0
FNH:0
DA:59,0
DA:87,0
LF:2
LH:0
BRF:0
BRH:0
end_of_record
TN:
SF:/Users/nareshsiramsetty/IdeaProjects/app-engine-search-and-filtering/src/router/index.ts
FN:36,(anonymous_1)
FNF:1
FNH:0
FNDA:0,(anonymous_1)
DA:1,0
DA:2,0
DA:3,0
DA:4,0
DA:5,0
DA:6,0
DA:7,0
DA:8,0
DA:9,0
DA:10,0
DA:11,0
DA:12,0
DA:13,0
DA:14,0
DA:15,0
DA:17,0
DA:19,0
DA:21,0
DA:36,0
DA:37,0
DA:38,0
DA:41,0
DA:42,0
DA:43,0
DA:46,0
DA:47,0
DA:48,0
DA:51,0
DA:52,0
DA:53,0
DA:56,0
DA:57,0
DA:58,0
DA:61,0
DA:62,0
DA:63,0
DA:68,0
LF:37
LH:0
BRDA:39,0,0,0
BRDA:39,0,1,0
BRDA:39,0,2,0
BRDA:39,0,3,0
BRDA:39,0,4,0
BRDA:39,0,5,0
BRDA:39,0,6,0
BRDA:39,0,7,0
BRDA:39,0,8,0
BRDA:39,0,9,0
BRDA:39,0,10,0
BRF:11
BRH:0
end_of_record
TN:
SF:/Users/nareshsiramsetty/IdeaProjects/app-engine-search-and-filtering/src/router/event/event.route.ts
FN:56,(anonymous_1)
FN:186,(anonymous_2)
FN:224,(anonymous_3)
FN:254,(anonymous_4)
FNF:4
FNH:0
FNDA:0,(anonymous_1)
FNDA:0,(anonymous_2)
FNDA:0,(anonymous_3)
FNDA:0,(anonymous_4)
DA:2,0
DA:8,0
DA:9,0
DA:10,0
DA:12,0
DA:57,0
DA:58,0
DA:59,0
DA:61,0
DA:187,0
DA:188,0
DA:189,0
DA:191,0
DA:225,0
DA:226,0
DA:227,0
DA:229,0
DA:255,0
DA:256,0
DA:257,0
DA:259,0
LF:21
LH:0
BRF:0
BRH:0
end_of_record
TN:
SF:/Users/nareshsiramsetty/IdeaProjects/app-engine-search-and-filtering/src/router/group/group.route.ts
FN:65,(anonymous_1)
FN:163,(anonymous_2)
FN:201,(anonymous_3)
FNF:3
FNH:0
FNDA:0,(anonymous_1)
FNDA:0,(anonymous_2)
FNDA:0,(anonymous_3)
DA:2,0
DA:3,0
DA:4,0
DA:5,0
DA:7,0
DA:66,0
DA:67,0
DA:68,0
DA:70,0
DA:164,0
DA:165,0
DA:166,0
DA:168,0
DA:202,0
DA:203,0
DA:204,0
DA:206,0
LF:17
LH:0
BRF:0
BRH:0
end_of_record
TN:
SF:/Users/nareshsiramsetty/IdeaProjects/app-engine-search-and-filtering/src/router/hashtag/hashtag.route.ts
FN:56,(anonymous_1)
FN:126,(anonymous_2)
FN:180,(anonymous_3)
FN:218,(anonymous_4)
FNF:4
FNH:0
FNDA:0,(anonymous_1)
FNDA:0,(anonymous_2)
FNDA:0,(anonymous_3)
FNDA:0,(anonymous_4)
DA:2,0
DA:8,0
DA:9,0
DA:10,0
DA:12,0
DA:57,0
DA:58,0
DA:59,0
DA:61,0
DA:127,0
DA:128,0
DA:129,0
DA:131,0
DA:181,0
DA:182,0
DA:183,0
DA:185,0
DA:219,0
DA:220,0
DA:221,0
DA:223,0
LF:21
LH:0
BRF:0
BRH:0
end_of_record
TN:
SF:/Users/nareshsiramsetty/IdeaProjects/app-engine-search-and-filtering/src/router/health/health.route.ts
FN:21,(anonymous_0)
FN:55,(anonymous_1)
FNF:2
FNH:0
FNDA:0,(anonymous_0)
FNDA:0,(anonymous_1)
DA:1,0
DA:3,0
DA:21,0
DA:22,0
DA:55,0
DA:56,0
DA:59,0
LF:7
LH:0
BRF:0
BRH:0
end_of_record
TN:
SF:/Users/nareshsiramsetty/IdeaProjects/app-engine-search-and-filtering/src/router/library-item/audio.route.ts
FN:100,(anonymous_1)
FNF:1
FNH:0
FNDA:0,(anonymous_1)
DA:2,0
DA:3,0
DA:4,0
DA:5,0
DA:7,0
DA:101,0
DA:102,0
DA:103,0
DA:105,0
LF:9
LH:0
BRF:0
BRH:0
end_of_record
TN:
SF:/Users/nareshsiramsetty/IdeaProjects/app-engine-search-and-filtering/src/router/library-item/course.route.ts
FN:100,(anonymous_1)
FN:238,(anonymous_2)
FN:276,(anonymous_3)
FN:314,(anonymous_4)
FN:352,(anonymous_5)
FN:390,(anonymous_6)
FNF:6
FNH:0
FNDA:0,(anonymous_1)
FNDA:0,(anonymous_2)
FNDA:0,(anonymous_3)
FNDA:0,(anonymous_4)
FNDA:0,(anonymous_5)
FNDA:0,(anonymous_6)
DA:2,0
DA:10,0
DA:11,0
DA:12,0
DA:14,0
DA:101,0
DA:102,0
DA:103,0
DA:105,0
DA:239,0
DA:240,0
DA:241,0
DA:243,0
DA:277,0
DA:278,0
DA:279,0
DA:281,0
DA:315,0
DA:316,0
DA:317,0
DA:319,0
DA:353,0
DA:354,0
DA:355,0
DA:357,0
DA:391,0
DA:392,0
DA:393,0
DA:395,0
LF:29
LH:0
BRF:0
BRH:0
end_of_record
TN:
SF:/Users/nareshsiramsetty/IdeaProjects/app-engine-search-and-filtering/src/router/library-item/daily-insight.route.ts
FN:99,(anonymous_1)
FN:193,(anonymous_2)
FN:231,(anonymous_3)
FN:269,(anonymous_4)
FN:307,(anonymous_5)
FNF:5
FNH:0
FNDA:0,(anonymous_1)
FNDA:0,(anonymous_2)
FNDA:0,(anonymous_3)
FNDA:0,(anonymous_4)
FNDA:0,(anonymous_5)
DA:2,0
DA:9,0
DA:10,0
DA:11,0
DA:13,0
DA:100,0
DA:101,0
DA:102,0
DA:104,0
DA:194,0
DA:195,0
DA:196,0
DA:198,0
DA:232,0
DA:233,0
DA:234,0
DA:236,0
DA:270,0
DA:271,0
DA:272,0
DA:274,0
DA:308,0
DA:309,0
DA:310,0
DA:312,0
LF:25
LH:0
BRF:0
BRH:0
end_of_record
TN:
SF:/Users/nareshsiramsetty/IdeaProjects/app-engine-search-and-filtering/src/router/library-item/single-track.route.ts
FN:99,(anonymous_1)
FN:308,(anonymous_2)
FN:346,(anonymous_3)
FN:384,(anonymous_4)
FN:422,(anonymous_5)
FNF:5
FNH:0
FNDA:0,(anonymous_1)
FNDA:0,(anonymous_2)
FNDA:0,(anonymous_3)
FNDA:0,(anonymous_4)
FNDA:0,(anonymous_5)
DA:2,0
DA:9,0
DA:10,0
DA:11,0
DA:13,0
DA:100,0
DA:101,0
DA:102,0
DA:104,0
DA:309,0
DA:310,0
DA:311,0
DA:313,0
DA:347,0
DA:348,0
DA:349,0
DA:351,0
DA:385,0
DA:386,0
DA:387,0
DA:389,0
DA:423,0
DA:424,0
DA:425,0
DA:427,0
LF:25
LH:0
BRF:0
BRH:0
end_of_record
TN:
SF:/Users/nareshsiramsetty/IdeaProjects/app-engine-search-and-filtering/src/router/playlist/playlist.route.ts
FN:64,(anonymous_1)
FN:156,(anonymous_2)
FN:194,(anonymous_3)
FN:254,(anonymous_4)
FN:314,(anonymous_5)
FNF:5
FNH:0
FNDA:0,(anonymous_1)
FNDA:0,(anonymous_2)
FNDA:0,(anonymous_3)
FNDA:0,(anonymous_4)
FNDA:0,(anonymous_5)
DA:2,0
DA:9,0
DA:10,0
DA:11,0
DA:13,0
DA:65,0
DA:66,0
DA:67,0
DA:69,0
DA:157,0
DA:158,0
DA:159,0
DA:161,0
DA:195,0
DA:196,0
DA:197,0
DA:199,0
DA:255,0
DA:256,0
DA:257,0
DA:259,0
DA:315,0
DA:316,0
DA:317,0
DA:319,0
LF:25
LH:0
BRF:0
BRH:0
end_of_record
TN:
SF:/Users/nareshsiramsetty/IdeaProjects/app-engine-search-and-filtering/src/router/swagger/swagger.route.ts
FN:28,(anonymous_0)
FN:33,(anonymous_1)
FNF:2
FNH:0
FNDA:0,(anonymous_0)
FNDA:0,(anonymous_1)
DA:1,0
DA:2,0
DA:4,0
DA:28,0
DA:29,0
DA:30,0
DA:33,0
DA:34,0
DA:35,0
DA:38,0
LF:10
LH:0
BRF:0
BRH:0
end_of_record
TN:
SF:/Users/nareshsiramsetty/IdeaProjects/app-engine-search-and-filtering/src/router/top-view/top-view.route.ts
FN:74,(anonymous_1)
FNF:1
FNH:0
FNDA:0,(anonymous_1)
DA:2,0
DA:3,0
DA:4,0
DA:7,0
DA:9,0
DA:75,0
DA:76,0
DA:79,0
DA:81,0
LF:9
LH:0
BRF:0
BRH:0
end_of_record
TN:
SF:/Users/nareshsiramsetty/IdeaProjects/app-engine-search-and-filtering/src/router/topic/topic.route.ts
FN:44,(anonymous_1)
FNF:1
FNH:0
FNDA:0,(anonymous_1)
DA:2,0
DA:3,0
DA:4,0
DA:5,0
DA:7,0
DA:45,0
DA:46,0
DA:47,0
DA:49,0
LF:9
LH:0
BRF:0
BRH:0
end_of_record
TN:
SF:/Users/nareshsiramsetty/IdeaProjects/app-engine-search-and-filtering/src/router/user/publisher.route.ts
FN:68,(anonymous_1)
FN:166,(anonymous_2)
FN:204,(anonymous_3)
FN:242,(anonymous_4)
FN:280,(anonymous_5)
FN:318,(anonymous_6)
FN:356,(anonymous_7)
FN:394,(anonymous_8)
FN:432,(anonymous_9)
FNF:9
FNH:0
FNDA:0,(anonymous_1)
FNDA:0,(anonymous_2)
FNDA:0,(anonymous_3)
FNDA:0,(anonymous_4)
FNDA:0,(anonymous_5)
FNDA:0,(anonymous_6)
FNDA:0,(anonymous_7)
FNDA:0,(anonymous_8)
FNDA:0,(anonymous_9)
DA:2,0
DA:13,0
DA:14,0
DA:15,0
DA:17,0
DA:69,0
DA:70,0
DA:71,0
DA:73,0
DA:167,0
DA:168,0
DA:169,0
DA:171,0
DA:205,0
DA:206,0
DA:207,0
DA:209,0
DA:243,0
DA:244,0
DA:245,0
DA:247,0
DA:281,0
DA:282,0
DA:283,0
DA:285,0
DA:319,0
DA:320,0
DA:321,0
DA:323,0
DA:357,0
DA:358,0
DA:359,0
DA:361,0
DA:395,0
DA:396,0
DA:397,0
DA:399,0
DA:433,0
DA:434,0
DA:435,0
DA:437,0
LF:41
LH:0
BRF:0
BRH:0
end_of_record
TN:
SF:/Users/nareshsiramsetty/IdeaProjects/app-engine-search-and-filtering/src/router/user/user.route.ts
FN:73,(anonymous_1)
FN:111,(anonymous_2)
FN:149,(anonymous_3)
FN:201,(anonymous_4)
FN:253,(anonymous_5)
FN:305,(anonymous_6)
FN:357,(anonymous_7)
FNF:7
FNH:0
FNDA:0,(anonymous_1)
FNDA:0,(anonymous_2)
FNDA:0,(anonymous_3)
FNDA:0,(anonymous_4)
FNDA:0,(anonymous_5)
FNDA:0,(anonymous_6)
FNDA:0,(anonymous_7)
DA:2,0
DA:11,0
DA:12,0
DA:13,0
DA:15,0
DA:74,0
DA:75,0
DA:76,0
DA:78,0
DA:112,0
DA:113,0
DA:114,0
DA:116,0
DA:150,0
DA:151,0
DA:152,0
DA:154,0
DA:202,0
DA:203,0
DA:204,0
DA:206,0
DA:254,0
DA:255,0
DA:256,0
DA:258,0
DA:306,0
DA:307,0
DA:308,0
DA:310,0
DA:358,0
DA:359,0
DA:360,0
DA:362,0
LF:33
LH:0
BRF:0
BRH:0
end_of_record
TN:
SF:/Users/nareshsiramsetty/IdeaProjects/app-engine-search-and-filtering/src/service/event/event.filter.service.ts
FN:21,getEventESQueryForRegularFilter
FN:95,(anonymous_8)
FN:109,(anonymous_9)
FN:121,(anonymous_10)
FN:153,(anonymous_11)
FN:179,getEventsFilterResultsFromES
FN:187,filterEvents
FN:197,(anonymous_14)
FN:199,(anonymous_15)
FN:214,getHomeCarouselEvents
FNF:10
FNH:0
FNDA:0,getEventESQueryForRegularFilter
FNDA:0,(anonymous_8)
FNDA:0,(anonymous_9)
FNDA:0,(anonymous_10)
FNDA:0,(anonymous_11)
FNDA:0,getEventsFilterResultsFromES
FNDA:0,filterEvents
FNDA:0,(anonymous_14)
FNDA:0,(anonymous_15)
FNDA:0,getHomeCarouselEvents
DA:1,0
DA:2,0
DA:3,0
DA:4,0
DA:6,0
DA:10,0
DA:11,0
DA:12,0
DA:13,0
DA:14,0
DA:15,0
DA:16,0
DA:17,0
DA:19,0
DA:21,0
DA:22,0
DA:23,0
DA:24,0
DA:26,0
DA:28,0
DA:30,0
DA:31,0
DA:33,0
DA:34,0
DA:36,0
DA:37,0
DA:39,0
DA:40,0
DA:41,0
DA:43,0
DA:45,0
DA:50,0
DA:52,0
DA:53,0
DA:58,0
DA:59,0
DA:61,0
DA:62,0
DA:64,0
DA:65,0
DA:67,0
DA:68,0
DA:71,0
DA:74,0
DA:75,0
DA:77,0
DA:78,0
DA:81,0
DA:82,0
DA:85,0
DA:86,0
DA:89,0
DA:90,0
DA:91,0
DA:92,0
DA:95,0
DA:101,0
DA:102,0
DA:103,0
DA:104,0
DA:109,0
DA:117,0
DA:118,0
DA:119,0
DA:120,0
DA:121,0
DA:122,0
DA:124,0
DA:125,0
DA:127,0
DA:128,0
DA:130,0
DA:138,0
DA:140,0
DA:143,0
DA:144,0
DA:149,0
DA:150,0
DA:153,0
DA:158,0
DA:159,0
DA:160,0
DA:161,0
DA:176,0
DA:179,0
DA:180,0
DA:181,0
DA:182,0
DA:183,0
DA:184,0
DA:187,0
DA:188,0
DA:189,0
DA:190,0
DA:191,0
DA:192,0
DA:194,0
DA:195,0
DA:196,0
DA:197,0
DA:198,0
DA:200,0
DA:201,0
DA:204,0
DA:206,0
DA:207,0
DA:208,0
DA:214,0
DA:217,0
DA:218,0
DA:219,0
DA:220,0
DA:221,0
DA:222,0
DA:223,0
DA:224,0
DA:225,0
DA:226,0
DA:227,0
LF:119
LH:0
BRDA:22,0,0,0
BRDA:22,0,1,0
BRDA:22,1,0,0
BRDA:22,1,1,0
BRDA:23,2,0,0
BRDA:23,2,1,0
BRDA:24,3,0,0
BRDA:24,3,1,0
BRDA:33,4,0,0
BRDA:33,4,1,0
BRDA:33,5,0,0
BRDA:33,5,1,0
BRDA:34,6,0,0
BRDA:34,6,1,0
BRDA:34,7,0,0
BRDA:34,7,1,0
BRDA:36,8,0,0
BRDA:36,8,1,0
BRDA:36,9,0,0
BRDA:36,9,1,0
BRDA:37,10,0,0
BRDA:37,10,1,0
BRDA:37,11,0,0
BRDA:37,11,1,0
BRDA:39,12,0,0
BRDA:39,12,1,0
BRDA:39,13,0,0
BRDA:39,13,1,0
BRDA:40,14,0,0
BRDA:40,14,1,0
BRDA:40,15,0,0
BRDA:40,15,1,0
BRDA:41,16,0,0
BRDA:41,16,1,0
BRDA:41,17,0,0
BRDA:41,17,1,0
BRDA:43,18,0,0
BRDA:43,18,1,0
BRDA:43,19,0,0
BRDA:43,19,1,0
BRDA:46,20,0,0
BRDA:46,20,1,0
BRDA:45,21,0,0
BRDA:45,21,1,0
BRDA:47,22,0,0
BRDA:47,22,1,0
BRDA:46,23,0,0
BRDA:46,23,1,0
BRDA:58,24,0,0
BRDA:58,24,1,0
BRDA:58,25,0,0
BRDA:58,25,1,0
BRDA:60,26,0,0
BRDA:60,26,1,0
BRDA:60,26,2,0
BRDA:61,27,0,0
BRDA:61,27,1,0
BRDA:64,28,0,0
BRDA:64,28,1,0
BRDA:67,29,0,0
BRDA:67,29,1,0
BRDA:71,30,0,0
BRDA:71,30,1,0
BRDA:74,31,0,0
BRDA:74,31,1,0
BRDA:77,32,0,0
BRDA:77,32,1,0
BRDA:81,33,0,0
BRDA:81,33,1,0
BRDA:85,34,0,0
BRDA:85,34,1,0
BRDA:89,35,0,0
BRDA:89,35,1,0
BRDA:89,36,0,0
BRDA:89,36,1,0
BRDA:91,37,0,0
BRDA:91,37,1,0
BRDA:101,38,0,0
BRDA:101,38,1,0
BRDA:101,39,0,0
BRDA:101,39,1,0
BRDA:103,40,0,0
BRDA:103,40,1,0
BRDA:117,41,0,0
BRDA:117,41,1,0
BRDA:117,42,0,0
BRDA:117,42,1,0
BRDA:119,43,0,0
BRDA:119,43,1,0
BRDA:123,44,0,0
BRDA:123,44,1,0
BRDA:123,44,2,0
BRDA:123,44,3,0
BRDA:143,45,0,0
BRDA:143,45,1,0
BRDA:149,46,0,0
BRDA:149,46,1,0
BRDA:158,47,0,0
BRDA:158,47,1,0
BRDA:190,48,0,0
BRDA:190,48,1,0
BRDA:190,49,0,0
BRDA:190,49,1,0
BRDA:191,50,0,0
BRDA:191,50,1,0
BRDA:198,51,0,0
BRDA:198,51,1,0
BRDA:198,52,0,0
BRDA:198,52,1,0
BRF:109
BRH:0
end_of_record
TN:
SF:/Users/nareshsiramsetty/IdeaProjects/app-engine-search-and-filtering/src/service/event/event.get.service.ts
FN:14,getEvent
FN:19,(anonymous_2)
FNF:2
FNH:0
FNDA:0,getEvent
FNDA:0,(anonymous_2)
DA:1,0
DA:2,0
DA:4,0
DA:6,0
DA:8,0
DA:9,0
DA:10,0
DA:12,0
DA:14,0
DA:17,0
DA:18,0
DA:20,0
DA:21,0
LF:13
LH:0
BRF:0
BRH:0
end_of_record
TN:
SF:/Users/nareshsiramsetty/IdeaProjects/app-engine-search-and-filtering/src/service/event/event.search.service.ts
FN:21,getESQueryForEventsRegularSearch
FN:52,getESQueryFoEventsTopViewSearch
FN:78,getEventSearchResultsFromFS
FN:105,getEventsSearchResultsFromES
FN:117,searchEvents
FNF:5
FNH:0
FNDA:0,getESQueryForEventsRegularSearch
FNDA:0,getESQueryFoEventsTopViewSearch
FNDA:0,getEventSearchResultsFromFS
FNDA:0,getEventsSearchResultsFromES
FNDA:0,searchEvents
DA:1,0
DA:2,0
DA:3,0
DA:5,0
DA:10,0
DA:11,0
DA:12,0
DA:13,0
DA:14,0
DA:15,0
DA:16,0
DA:17,0
DA:19,0
DA:21,0
DA:26,0
DA:27,0
DA:28,0
DA:34,0
DA:52,0
DA:57,0
DA:58,0
DA:59,0
DA:60,0
DA:61,0
DA:62,0
DA:78,0
DA:83,0
DA:84,0
DA:85,0
DA:90,0
DA:91,0
DA:92,0
DA:93,0
DA:94,0
DA:95,0
DA:105,0
DA:110,0
DA:111,0
DA:112,0
DA:113,0
DA:114,0
DA:117,0
DA:118,0
DA:119,0
DA:120,0
DA:122,0
DA:123,0
DA:124,0
DA:125,0
DA:126,0
DA:127,0
DA:128,0
DA:129,0
DA:130,0
DA:131,0
DA:132,0
DA:133,0
DA:138,0
DA:139,0
DA:140,0
LF:60
LH:0
BRDA:118,0,0,0
BRDA:118,0,1,0
BRDA:118,1,0,0
BRDA:118,1,1,0
BRDA:119,2,0,0
BRDA:119,2,1,0
BRDA:122,3,0,0
BRDA:122,3,1,0
BRDA:123,4,0,0
BRDA:123,4,1,0
BRDA:128,5,0,0
BRDA:128,5,1,0
BRF:12
BRH:0
end_of_record
TN:
SF:/Users/nareshsiramsetty/IdeaProjects/app-engine-search-and-filtering/src/service/group/group.filter.service.ts
FN:17,getESQueryForGroupsRegularFilter
FN:71,getGroupFilterResultsFromES
FN:79,filterGroups
FNF:3
FNH:0
FNDA:0,getESQueryForGroupsRegularFilter
FNDA:0,getGroupFilterResultsFromES
FNDA:0,filterGroups
DA:1,0
DA:2,0
DA:4,0
DA:8,0
DA:9,0
DA:10,0
DA:11,0
DA:12,0
DA:13,0
DA:15,0
DA:17,0
DA:18,0
DA:19,0
DA:20,0
DA:21,0
DA:22,0
DA:23,0
DA:24,0
DA:25,0
DA:26,0
DA:28,0
DA:29,0
DA:34,0
DA:35,0
DA:37,0
DA:38,0
DA:40,0
DA:41,0
DA:43,0
DA:47,0
DA:50,0
DA:52,0
DA:53,0
DA:60,0
DA:61,0
DA:64,0
DA:65,0
DA:68,0
DA:71,0
DA:72,0
DA:73,0
DA:74,0
DA:75,0
DA:76,0
DA:79,0
DA:80,0
DA:81,0
DA:82,0
DA:83,0
DA:84,0
DA:85,0
DA:86,0
LF:52
LH:0
BRDA:18,0,0,0
BRDA:18,0,1,0
BRDA:18,1,0,0
BRDA:18,1,1,0
BRDA:19,2,0,0
BRDA:19,2,1,0
BRDA:20,3,0,0
BRDA:20,3,1,0
BRDA:21,4,0,0
BRDA:21,4,1,0
BRDA:21,5,0,0
BRDA:21,5,1,0
BRDA:22,6,0,0
BRDA:22,6,1,0
BRDA:22,7,0,0
BRDA:22,7,1,0
BRDA:23,8,0,0
BRDA:23,8,1,0
BRDA:23,9,0,0
BRDA:23,9,1,0
BRDA:24,10,0,0
BRDA:24,10,1,0
BRDA:24,11,0,0
BRDA:24,11,1,0
BRDA:25,12,0,0
BRDA:25,12,1,0
BRDA:25,13,0,0
BRDA:25,13,1,0
BRDA:26,14,0,0
BRDA:26,14,1,0
BRDA:26,15,0,0
BRDA:26,15,1,0
BRDA:34,16,0,0
BRDA:34,16,1,0
BRDA:36,17,0,0
BRDA:36,17,1,0
BRDA:36,17,2,0
BRDA:37,18,0,0
BRDA:37,18,1,0
BRDA:40,19,0,0
BRDA:40,19,1,0
BRDA:48,20,0,0
BRDA:48,20,1,0
BRDA:52,21,0,0
BRDA:52,21,1,0
BRDA:52,22,0,0
BRDA:52,22,1,0
BRDA:60,23,0,0
BRDA:60,23,1,0
BRDA:64,24,0,0
BRDA:64,24,1,0
BRF:51
BRH:0
end_of_record
TN:
SF:/Users/nareshsiramsetty/IdeaProjects/app-engine-search-and-filtering/src/service/group/group.get.service.ts
FN:12,getGroup
FN:17,(anonymous_2)
FNF:2
FNH:0
FNDA:0,getGroup
FNDA:0,(anonymous_2)
DA:1,0
DA:2,0
DA:3,0
DA:5,0
DA:7,0
DA:8,0
DA:10,0
DA:12,0
DA:15,0
DA:16,0
DA:18,0
DA:19,0
LF:12
LH:0
BRF:0
BRH:0
end_of_record
TN:
SF:/Users/nareshsiramsetty/IdeaProjects/app-engine-search-and-filtering/src/service/group/group.search.service.ts
FN:26,getFriendsRegisteredWithGroups
FN:29,(anonymous_8)
FN:30,(anonymous_9)
FN:44,getESQueryForGroupsRegularSearch
FN:77,getESQueryForGroupsTopViewSearch
FN:103,getGroupSearchResultsFromFS
FN:130,getGroupSearchResultsFromES
FN:152,(anonymous_14)
FN:156,(anonymous_15)
FN:165,searchGroups
FNF:10
FNH:0
FNDA:0,getFriendsRegisteredWithGroups
FNDA:0,(anonymous_8)
FNDA:0,(anonymous_9)
FNDA:0,getESQueryForGroupsRegularSearch
FNDA:0,getESQueryForGroupsTopViewSearch
FNDA:0,getGroupSearchResultsFromFS
FNDA:0,getGroupSearchResultsFromES
FNDA:0,(anonymous_14)
FNDA:0,(anonymous_15)
FNDA:0,searchGroups
DA:1,0
DA:2,0
DA:4,0
DA:10,0
DA:11,0
DA:12,0
DA:13,0
DA:14,0
DA:15,0
DA:20,0
DA:21,0
DA:22,0
DA:24,0
DA:26,0
DA:27,0
DA:28,0
DA:29,0
DA:30,0
DA:31,0
DA:32,0
DA:33,0
DA:34,0
DA:36,0
DA:37,0
DA:41,0
DA:44,0
DA:52,0
DA:53,0
DA:59,0
DA:60,0
DA:61,0
DA:62,0
DA:63,0
DA:69,0
DA:77,0
DA:83,0
DA:84,0
DA:103,0
DA:108,0
DA:109,0
DA:110,0
DA:115,0
DA:116,0
DA:120,0
DA:130,0
DA:137,0
DA:138,0
DA:139,0
DA:140,0
DA:141,0
DA:142,0
DA:143,0
DA:144,0
DA:145,0
DA:147,0
DA:148,0
DA:149,0
DA:150,0
DA:151,0
DA:152,0
DA:153,0
DA:154,0
DA:156,0
DA:157,0
DA:159,0
DA:162,0
DA:165,0
DA:166,0
DA:167,0
DA:168,0
DA:169,0
DA:170,0
DA:171,0
DA:173,0
DA:174,0
DA:175,0
DA:176,0
DA:177,0
DA:178,0
DA:179,0
DA:180,0
DA:181,0
DA:182,0
DA:183,0
DA:184,0
DA:185,0
DA:190,0
DA:191,0
DA:192,0
DA:193,0
LF:90
LH:0
BRDA:30,0,0,0
BRDA:30,0,1,0
BRDA:30,1,0,0
BRDA:30,1,1,0
BRDA:31,2,0,0
BRDA:31,2,1,0
BRDA:33,3,0,0
BRDA:33,3,1,0
BRDA:33,4,0,0
BRDA:33,4,1,0
BRDA:60,5,0,0
BRDA:60,5,1,0
BRDA:62,6,0,0
BRDA:62,6,1,0
BRDA:141,7,0,0
BRDA:141,7,1,0
BRDA:143,8,0,0
BRDA:143,8,1,0
BRDA:143,9,0,0
BRDA:143,9,1,0
BRDA:143,10,0,0
BRDA:143,10,1,0
BRDA:144,11,0,0
BRDA:144,11,1,0
BRDA:144,12,0,0
BRDA:144,12,1,0
BRDA:144,13,0,0
BRDA:144,13,1,0
BRDA:153,14,0,0
BRDA:153,14,1,0
BRDA:156,15,0,0
BRDA:156,15,1,0
BRDA:169,16,0,0
BRDA:169,16,1,0
BRDA:169,17,0,0
BRDA:169,17,1,0
BRDA:170,18,0,0
BRDA:170,18,1,0
BRDA:173,19,0,0
BRDA:173,19,1,0
BRDA:173,20,0,0
BRDA:173,20,1,0
BRDA:174,21,0,0
BRDA:174,21,1,0
BRDA:175,22,0,0
BRDA:175,22,1,0
BRDA:176,23,0,0
BRDA:176,23,1,0
BRDA:176,24,0,0
BRDA:176,24,1,0
BRDA:179,25,0,0
BRDA:179,25,1,0
BRF:52
BRH:0
end_of_record
TN:
SF:/Users/nareshsiramsetty/IdeaProjects/app-engine-search-and-filtering/src/service/hashtag/hashtag.filter.service.ts
FN:17,getESQueryForHashtagsRegularFilter
FN:51,getHashtagFilterResultsFromES
FN:59,filterHashtags
FNF:3
FNH:0
FNDA:0,getESQueryForHashtagsRegularFilter
FNDA:0,getHashtagFilterResultsFromES
FNDA:0,filterHashtags
DA:1,0
DA:2,0
DA:4,0
DA:8,0
DA:9,0
DA:10,0
DA:11,0
DA:12,0
DA:13,0
DA:15,0
DA:17,0
DA:18,0
DA:19,0
DA:20,0
DA:21,0
DA:22,0
DA:24,0
DA:26,0
DA:31,0
DA:32,0
DA:34,0
DA:35,0
DA:37,0
DA:38,0
DA:40,0
DA:41,0
DA:44,0
DA:47,0
DA:48,0
DA:51,0
DA:52,0
DA:53,0
DA:54,0
DA:55,0
DA:56,0
DA:59,0
DA:60,0
DA:61,0
DA:62,0
DA:63,0
DA:64,0
DA:65,0
DA:66,0
LF:43
LH:0
BRDA:18,0,0,0
BRDA:18,0,1,0
BRDA:18,1,0,0
BRDA:18,1,1,0
BRDA:19,2,0,0
BRDA:19,2,1,0
BRDA:20,3,0,0
BRDA:20,3,1,0
BRDA:21,4,0,0
BRDA:21,4,1,0
BRDA:21,5,0,0
BRDA:21,5,1,0
BRDA:22,6,0,0
BRDA:22,6,1,0
BRDA:22,7,0,0
BRDA:22,7,1,0
BRDA:31,8,0,0
BRDA:31,8,1,0
BRDA:33,9,0,0
BRDA:33,9,1,0
BRDA:33,9,2,0
BRDA:34,10,0,0
BRDA:34,10,1,0
BRDA:37,11,0,0
BRDA:37,11,1,0
BRDA:40,12,0,0
BRDA:40,12,1,0
BRDA:45,13,0,0
BRDA:45,13,1,0
BRF:29
BRH:0
end_of_record
TN:
SF:/Users/nareshsiramsetty/IdeaProjects/app-engine-search-and-filtering/src/service/hashtag/hashtag.get.service.ts
FN:11,getHashtag
FN:16,(anonymous_2)
FNF:2
FNH:0
FNDA:0,getHashtag
FNDA:0,(anonymous_2)
DA:1,0
DA:2,0
DA:3,0
DA:4,0
DA:6,0
DA:7,0
DA:9,0
DA:11,0
DA:14,0
DA:15,0
DA:17,0
DA:18,0
LF:12
LH:0
BRF:0
BRH:0
end_of_record
TN:
SF:/Users/nareshsiramsetty/IdeaProjects/app-engine-search-and-filtering/src/service/hashtag/hashtag.search.service.ts
FN:20,getESQueryForHashtagsRegularSearch
FN:50,getESQueryForHashtagsTopViewSearch
FN:86,getHashtagSearchResultsFromFS
FN:113,getHashtagSearchResultsFromES
FN:125,searchHashtags
FNF:5
FNH:0
FNDA:0,getESQueryForHashtagsRegularSearch
FNDA:0,getESQueryForHashtagsTopViewSearch
FNDA:0,getHashtagSearchResultsFromFS
FNDA:0,getHashtagSearchResultsFromES
FNDA:0,searchHashtags
DA:1,0
DA:2,0
DA:4,0
DA:9,0
DA:10,0
DA:11,0
DA:12,0
DA:13,0
DA:14,0
DA:15,0
DA:16,0
DA:18,0
DA:20,0
DA:25,0
DA:26,0
DA:27,0
DA:28,0
DA:50,0
DA:56,0
DA:57,0
DA:86,0
DA:91,0
DA:92,0
DA:93,0
DA:98,0
DA:99,0
DA:100,0
DA:101,0
DA:102,0
DA:103,0
DA:113,0
DA:118,0
DA:119,0
DA:120,0
DA:121,0
DA:122,0
DA:125,0
DA:126,0
DA:127,0
DA:128,0
DA:130,0
DA:131,0
DA:132,0
DA:133,0
DA:134,0
DA:135,0
DA:136,0
DA:137,0
DA:138,0
DA:139,0
DA:140,0
DA:141,0
DA:146,0
DA:147,0
DA:148,0
LF:55
LH:0
BRDA:67,0,0,0
BRDA:67,0,1,0
BRDA:126,1,0,0
BRDA:126,1,1,0
BRDA:126,2,0,0
BRDA:126,2,1,0
BRDA:127,3,0,0
BRDA:127,3,1,0
BRDA:130,4,0,0
BRDA:130,4,1,0
BRDA:131,5,0,0
BRDA:131,5,1,0
BRDA:136,6,0,0
BRDA:136,6,1,0
BRF:14
BRH:0
end_of_record
TN:
SF:/Users/nareshsiramsetty/IdeaProjects/app-engine-search-and-filtering/src/service/hashtag/hashtag.trending.service.ts
FN:14,getESQueryForTrendingHashtagsFilter
FN:37,getTrendingHashtagFilterResultsFromES
FN:50,(anonymous_9)
FN:55,(anonymous_10)
FN:68,(anonymous_11)
FN:78,trendingHashtags
FNF:6
FNH:0
FNDA:0,getESQueryForTrendingHashtagsFilter
FNDA:0,getTrendingHashtagFilterResultsFromES
FNDA:0,(anonymous_9)
FNDA:0,(anonymous_10)
FNDA:0,(anonymous_11)
FNDA:0,trendingHashtags
DA:1,0
DA:2,0
DA:3,0
DA:5,0
DA:6,0
DA:8,0
DA:9,0
DA:10,0
DA:12,0
DA:14,0
DA:15,0
DA:16,0
DA:22,0
DA:23,0
DA:32,0
DA:34,0
DA:37,0
DA:43,0
DA:44,0
DA:45,0
DA:46,0
DA:47,0
DA:51,0
DA:53,0
DA:54,0
DA:56,0
DA:61,0
DA:69,0
DA:70,0
DA:78,0
DA:79,0
DA:80,0
DA:81,0
DA:82,0
DA:88,0
DA:89,0
DA:90,0
LF:37
LH:0
BRDA:22,0,0,0
BRDA:22,0,1,0
BRDA:53,1,0,0
BRDA:53,1,1,0
BRF:4
BRH:0
end_of_record
TN:
SF:/Users/nareshsiramsetty/IdeaProjects/app-engine-search-and-filtering/src/service/library-item/audio.search.service.ts
FN:28,getESQueryForAudioSearch
FN:105,getESQueryForAudioTopViewSearch
FN:179,getAudioSearchResultsFromES
FN:195,getAudioSearchResultsFromFS
FN:220,searchAudio
FNF:5
FNH:0
FNDA:0,getESQueryForAudioSearch
FNDA:0,getESQueryForAudioTopViewSearch
FNDA:0,getAudioSearchResultsFromES
FNDA:0,getAudioSearchResultsFromFS
FNDA:0,searchAudio
DA:1,0
DA:2,0
DA:4,0
DA:14,0
DA:15,0
DA:16,0
DA:17,0
DA:18,0
DA:19,0
DA:20,0
DA:21,0
DA:22,0
DA:24,0
DA:26,0
DA:28,0
DA:36,0
DA:37,0
DA:45,0
DA:46,0
DA:49,0
DA:50,0
DA:52,0
DA:53,0
DA:54,0
DA:56,0
DA:57,0
DA:59,0
DA:105,0
DA:113,0
DA:114,0
DA:122,0
DA:123,0
DA:127,0
DA:128,0
DA:130,0
DA:131,0
DA:132,0
DA:134,0
DA:135,0
DA:137,0
DA:179,0
DA:187,0
DA:188,0
DA:189,0
DA:190,0
DA:191,0
DA:192,0
DA:195,0
DA:200,0
DA:201,0
DA:202,0
DA:207,0
DA:208,0
DA:209,0
DA:210,0
DA:220,0
DA:221,0
DA:222,0
DA:223,0
DA:224,0
DA:225,0
DA:226,0
DA:228,0
DA:229,0
DA:230,0
DA:231,0
DA:232,0
DA:233,0
DA:241,0
DA:242,0
DA:243,0
DA:244,0
DA:245,0
DA:246,0
DA:251,0
DA:252,0
DA:253,0
LF:77
LH:0
BRDA:49,0,0,0
BRDA:49,0,1,0
BRDA:56,1,0,0
BRDA:56,1,1,0
BRDA:69,2,0,0
BRDA:69,2,1,0
BRDA:127,3,0,0
BRDA:127,3,1,0
BRDA:134,4,0,0
BRDA:134,4,1,0
BRDA:147,5,0,0
BRDA:147,5,1,0
BRDA:224,6,0,0
BRDA:224,6,1,0
BRDA:224,7,0,0
BRDA:224,7,1,0
BRDA:225,8,0,0
BRDA:225,8,1,0
BRDA:228,9,0,0
BRDA:228,9,1,0
BRDA:229,10,0,0
BRDA:229,10,1,0
BRDA:230,11,0,0
BRDA:230,11,1,0
BRDA:230,12,0,0
BRDA:230,12,1,0
BRDA:241,13,0,0
BRDA:241,13,1,0
BRF:28
BRH:0
end_of_record
TN:
SF:/Users/nareshsiramsetty/IdeaProjects/app-engine-search-and-filtering/src/service/library-item/library-item.get.service.ts
FN:17,getLibraryItem
FN:20,(anonymous_2)
FN:27,getLibraryItemReviews
FN:49,getLibraryItemPublisherProfile
FNF:4
FNH:0
FNDA:0,getLibraryItem
FNDA:0,(anonymous_2)
FNDA:0,getLibraryItemReviews
FNDA:0,getLibraryItemPublisherProfile
DA:1,0
DA:3,0
DA:5,0
DA:6,0
DA:7,0
DA:8,0
DA:10,0
DA:11,0
DA:12,0
DA:13,0
DA:15,0
DA:17,0
DA:18,0
DA:19,0
DA:21,0
DA:22,0
DA:27,0
DA:28,0
DA:29,0
DA:30,0
DA:31,0
DA:32,0
DA:33,0
DA:34,0
DA:35,0
DA:36,0
DA:37,0
DA:38,0
DA:49,0
DA:52,0
DA:53,0
DA:54,0
LF:32
LH:0
BRDA:29,0,0,0
BRDA:29,0,1,0
BRDA:30,1,0,0
BRDA:30,1,1,0
BRDA:42,2,0,0
BRDA:42,2,1,0
BRDA:43,3,0,0
BRDA:43,3,1,0
BRF:8
BRH:0
end_of_record
TN:
SF:/Users/nareshsiramsetty/IdeaProjects/app-engine-search-and-filtering/src/service/library-item/course/course.filter.service.ts
FN:22,getESQueryForCoursesFilter
FN:76,(anonymous_8)
FN:81,(anonymous_9)
FN:119,getCourseFilterResultsFromFS
FN:160,getCourseFilterResultsFromES
FN:173,filterCourses
FNF:6
FNH:0
FNDA:0,getESQueryForCoursesFilter
FNDA:0,(anonymous_8)
FNDA:0,(anonymous_9)
FNDA:0,getCourseFilterResultsFromFS
FNDA:0,getCourseFilterResultsFromES
FNDA:0,filterCourses
DA:1,0
DA:2,0
DA:4,0
DA:9,0
DA:10,0
DA:11,0
DA:12,0
DA:13,0
DA:14,0
DA:15,0
DA:16,0
DA:17,0
DA:18,0
DA:20,0
DA:22,0
DA:28,0
DA:29,0
DA:30,0
DA:31,0
DA:32,0
DA:33,0
DA:34,0
DA:37,0
DA:39,0
DA:40,0
DA:45,0
DA:51,0
DA:56,0
DA:57,0
DA:58,0
DA:61,0
DA:62,0
DA:64,0
DA:66,0
DA:67,0
DA:69,0
DA:70,0
DA:72,0
DA:73,0
DA:76,0
DA:80,0
DA:81,0
DA:84,0
DA:85,0
DA:87,0
DA:88,0
DA:90,0
DA:91,0
DA:93,0
DA:94,0
DA:96,0
DA:97,0
DA:99,0
DA:103,0
DA:116,0
DA:119,0
DA:124,0
DA:125,0
DA:126,0
DA:129,0
DA:131,0
DA:136,0
DA:137,0
DA:143,0
DA:144,0
DA:150,0
DA:160,0
DA:166,0
DA:167,0
DA:168,0
DA:169,0
DA:170,0
DA:173,0
DA:174,0
DA:175,0
DA:176,0
DA:177,0
DA:178,0
DA:179,0
DA:180,0
DA:181,0
DA:182,0
DA:183,0
DA:184,0
DA:189,0
DA:190,0
DA:191,0
LF:87
LH:0
BRDA:29,0,0,0
BRDA:29,0,1,0
BRDA:29,1,0,0
BRDA:29,1,1,0
BRDA:30,2,0,0
BRDA:30,2,1,0
BRDA:31,3,0,0
BRDA:31,3,1,0
BRDA:31,4,0,0
BRDA:31,4,1,0
BRDA:32,5,0,0
BRDA:32,5,1,0
BRDA:32,6,0,0
BRDA:32,6,1,0
BRDA:33,7,0,0
BRDA:33,7,1,0
BRDA:33,8,0,0
BRDA:33,8,1,0
BRDA:35,9,0,0
BRDA:35,9,1,0
BRDA:35,10,0,0
BRDA:35,10,1,0
BRDA:35,11,0,0
BRDA:35,11,1,0
BRDA:37,12,0,0
BRDA:37,12,1,0
BRDA:37,13,0,0
BRDA:37,13,1,0
BRDA:37,14,0,0
BRDA:37,14,1,0
BRDA:41,15,0,0
BRDA:41,15,1,0
BRDA:40,16,0,0
BRDA:40,16,1,0
BRDA:42,17,0,0
BRDA:42,17,1,0
BRDA:41,18,0,0
BRDA:41,18,1,0
BRDA:61,19,0,0
BRDA:61,19,1,0
BRDA:66,20,0,0
BRDA:66,20,1,0
BRDA:69,21,0,0
BRDA:69,21,1,0
BRDA:72,22,0,0
BRDA:72,22,1,0
BRDA:80,23,0,0
BRDA:80,23,1,0
BRDA:84,24,0,0
BRDA:84,24,1,0
BRDA:84,25,0,0
BRDA:84,25,1,0
BRDA:84,25,2,0
BRDA:87,26,0,0
BRDA:87,26,1,0
BRDA:89,27,0,0
BRDA:89,27,1,0
BRDA:89,27,2,0
BRDA:89,27,3,0
BRDA:90,28,0,0
BRDA:90,28,1,0
BRDA:93,29,0,0
BRDA:93,29,1,0
BRDA:96,30,0,0
BRDA:96,30,1,0
BRDA:110,31,0,0
BRDA:110,31,1,0
BRDA:127,32,0,0
BRDA:127,32,1,0
BRDA:127,33,0,0
BRDA:127,33,1,0
BRDA:127,34,0,0
BRDA:127,34,1,0
BRDA:129,35,0,0
BRDA:129,35,1,0
BRDA:129,36,0,0
BRDA:129,36,1,0
BRDA:129,37,0,0
BRDA:129,37,1,0
BRDA:136,38,0,0
BRDA:136,38,1,0
BRDA:143,39,0,0
BRDA:143,39,1,0
BRDA:174,40,0,0
BRDA:174,40,1,0
BRDA:174,41,0,0
BRDA:174,41,1,0
BRDA:175,42,0,0
BRDA:175,42,1,0
BRDA:176,43,0,0
BRDA:176,43,1,0
BRDA:179,44,0,0
BRDA:179,44,1,0
BRF:93
BRH:0
end_of_record
TN:
SF:/Users/nareshsiramsetty/IdeaProjects/app-engine-search-and-filtering/src/service/library-item/course/course.get.service.ts
FN:13,getCourse
FN:18,getCoursePublisherProfile
FN:25,getCourseReviews
FN:30,getCourseDays
FNF:4
FNH:0
FNDA:0,getCourse
FNDA:0,getCoursePublisherProfile
FNDA:0,getCourseReviews
FNDA:0,getCourseDays
DA:1,0
DA:4,0
DA:5,0
DA:6,0
DA:8,0
DA:9,0
DA:11,0
DA:13,0
DA:14,0
DA:15,0
DA:18,0
DA:21,0
DA:22,0
DA:25,0
DA:26,0
DA:27,0
DA:30,0
DA:31,0
DA:32,0
DA:33,0
DA:34,0
DA:35,0
DA:36,0
DA:37,0
DA:38,0
DA:39,0
LF:26
LH:0
BRF:0
BRH:0
end_of_record
TN:
SF:/Users/nareshsiramsetty/IdeaProjects/app-engine-search-and-filtering/src/service/library-item/course/course.search.service.ts
FN:22,getESQueryForCoursesRegularSearch
FN:55,getCourseSearchResultsFromFS
FN:83,getCourseSearchResultsFromES
FN:97,searchCourses
FNF:4
FNH:0
FNDA:0,getESQueryForCoursesRegularSearch
FNDA:0,getCourseSearchResultsFromFS
FNDA:0,getCourseSearchResultsFromES
FNDA:0,searchCourses
DA:1,0
DA:2,0
DA:4,0
DA:9,0
DA:10,0
DA:11,0
DA:12,0
DA:13,0
DA:14,0
DA:15,0
DA:16,0
DA:17,0
DA:18,0
DA:20,0
DA:22,0
DA:29,0
DA:30,0
DA:31,0
DA:35,0
DA:36,0
DA:37,0
DA:39,0
DA:40,0
DA:42,0
DA:55,0
DA:60,0
DA:61,0
DA:66,0
DA:71,0
DA:73,0
DA:83,0
DA:90,0
DA:91,0
DA:92,0
DA:93,0
DA:94,0
DA:97,0
DA:98,0
DA:99,0
DA:100,0
DA:101,0
DA:103,0
DA:104,0
DA:105,0
DA:106,0
DA:107,0
DA:108,0
DA:109,0
DA:110,0
DA:111,0
DA:112,0
DA:114,0
DA:115,0
DA:116,0
LF:54
LH:0
BRDA:39,0,0,0
BRDA:39,0,1,0
BRDA:98,1,0,0
BRDA:98,1,1,0
BRDA:98,2,0,0
BRDA:98,2,1,0
BRDA:99,3,0,0
BRDA:99,3,1,0
BRDA:99,4,0,0
BRDA:99,4,1,0
BRDA:100,5,0,0
BRDA:100,5,1,0
BRDA:103,6,0,0
BRDA:103,6,1,0
BRDA:104,7,0,0
BRDA:104,7,1,0
BRDA:107,8,0,0
BRDA:107,8,1,0
BRF:18
BRH:0
end_of_record
TN:
SF:/Users/nareshsiramsetty/IdeaProjects/app-engine-search-and-filtering/src/service/library-item/daily-insight/daily-insight.filter.service.ts
FN:20,combineRequestedLanguages
FN:26,(anonymous_8)
FN:27,(anonymous_9)
FN:28,(anonymous_10)
FN:42,(anonymous_11)
FN:55,getDailyInsightESQuery
FN:108,getDailyInsightFilterResultsFromES
FN:116,getDailyInsightFilterResultsFromFS
FN:153,filterDailyInsight
FNF:9
FNH:0
FNDA:0,combineRequestedLanguages
FNDA:0,(anonymous_8)
FNDA:0,(anonymous_9)
FNDA:0,(anonymous_10)
FNDA:0,(anonymous_11)
FNDA:0,getDailyInsightESQuery
FNDA:0,getDailyInsightFilterResultsFromES
FNDA:0,getDailyInsightFilterResultsFromFS
FNDA:0,filterDailyInsight
DA:1,0
DA:2,0
DA:3,0
DA:5,0
DA:10,0
DA:11,0
DA:12,0
DA:13,0
DA:14,0
DA:15,0
DA:16,0
DA:18,0
DA:20,0
DA:21,0
DA:22,0
DA:23,0
DA:24,0
DA:26,0
DA:27,0
DA:28,0
DA:30,0
DA:31,0
DA:36,0
DA:37,0
DA:39,0
DA:40,0
DA:41,0
DA:43,0
DA:44,0
DA:45,0
DA:48,0
DA:49,0
DA:50,0
DA:52,0
DA:55,0
DA:56,0
DA:57,0
DA:58,0
DA:59,0
DA:63,0
DA:64,0
DA:65,0
DA:66,0
DA:67,0
DA:68,0
DA:75,0
DA:79,0
DA:80,0
DA:84,0
DA:85,0
DA:87,0
DA:88,0
DA:90,0
DA:91,0
DA:93,0
DA:96,0
DA:99,0
DA:100,0
DA:101,0
DA:104,0
DA:105,0
DA:108,0
DA:109,0
DA:110,0
DA:111,0
DA:112,0
DA:113,0
DA:116,0
DA:117,0
DA:118,0
DA:119,0
DA:120,0
DA:121,0
DA:122,0
DA:123,0
DA:124,0
DA:125,0
DA:126,0
DA:130,0
DA:131,0
DA:136,0
DA:137,0
DA:138,0
DA:140,0
DA:141,0
DA:143,0
DA:153,0
DA:154,0
DA:155,0
DA:156,0
DA:157,0
DA:158,0
DA:159,0
DA:160,0
DA:162,0
DA:163,0
DA:164,0
LF:97
LH:0
BRDA:22,0,0,0
BRDA:22,0,1,0
BRDA:23,1,0,0
BRDA:23,1,1,0
BRDA:23,2,0,0
BRDA:23,2,1,0
BRDA:30,3,0,0
BRDA:30,3,1,0
BRDA:36,4,0,0
BRDA:36,4,1,0
BRDA:44,5,0,0
BRDA:44,5,1,0
BRDA:48,6,0,0
BRDA:48,6,1,0
BRDA:56,7,0,0
BRDA:56,7,1,0
BRDA:56,8,0,0
BRDA:56,8,1,0
BRDA:57,9,0,0
BRDA:57,9,1,0
BRDA:58,10,0,0
BRDA:58,10,1,0
BRDA:60,11,0,0
BRDA:60,11,1,0
BRDA:59,12,0,0
BRDA:59,12,1,0
BRDA:61,13,0,0
BRDA:61,13,1,0
BRDA:60,14,0,0
BRDA:60,14,1,0
BRDA:63,15,0,0
BRDA:63,15,1,0
BRDA:63,16,0,0
BRDA:63,16,1,0
BRDA:64,17,0,0
BRDA:64,17,1,0
BRDA:64,18,0,0
BRDA:64,18,1,0
BRDA:65,19,0,0
BRDA:65,19,1,0
BRDA:65,20,0,0
BRDA:65,20,1,0
BRDA:76,21,0,0
BRDA:76,21,1,0
BRDA:87,22,0,0
BRDA:87,22,1,0
BRDA:89,23,0,0
BRDA:89,23,1,0
BRDA:90,24,0,0
BRDA:90,24,1,0
BRDA:93,25,0,0
BRDA:93,25,1,0
BRDA:96,26,0,0
BRDA:96,26,1,0
BRDA:99,27,0,0
BRDA:99,27,1,0
BRDA:118,28,0,0
BRDA:118,28,1,0
BRDA:118,29,0,0
BRDA:118,29,1,0
BRDA:119,30,0,0
BRDA:119,30,1,0
BRDA:120,31,0,0
BRDA:120,31,1,0
BRDA:121,32,0,0
BRDA:121,32,1,0
BRDA:121,33,0,0
BRDA:121,33,1,0
BRDA:122,34,0,0
BRDA:122,34,1,0
BRDA:122,35,0,0
BRDA:122,35,1,0
BRDA:123,36,0,0
BRDA:123,36,1,0
BRDA:123,37,0,0
BRDA:123,37,1,0
BRDA:128,38,0,0
BRDA:128,38,1,0
BRDA:133,39,0,0
BRDA:133,39,1,0
BRDA:137,40,0,0
BRDA:137,40,1,0
BRDA:140,41,0,0
BRDA:140,41,1,0
BRDA:158,42,0,0
BRDA:158,42,1,0
BRF:86
BRH:0
end_of_record
TN:
SF:/Users/nareshsiramsetty/IdeaProjects/app-engine-search-and-filtering/src/service/library-item/daily-insight/daily-insight.get.service.ts
FN:10,getDailyInsightById
FN:17,getDailyInsightPublisherProfile
FN:24,getDailyInsightReviews
FNF:3
FNH:0
FNDA:0,getDailyInsightById
FNDA:0,getDailyInsightPublisherProfile
FNDA:0,getDailyInsightReviews
DA:1,0
DA:4,0
DA:5,0
DA:8,0
DA:10,0
DA:13,0
DA:14,0
DA:17,0
DA:20,0
DA:21,0
DA:24,0
DA:25,0
DA:26,0
LF:13
LH:0
BRF:0
BRH:0
end_of_record
TN:
SF:/Users/nareshsiramsetty/IdeaProjects/app-engine-search-and-filtering/src/service/library-item/daily-insight/daily-insight.search.service.ts
FN:22,getESQueryForDailyInsightsRegularSearch
FN:55,getDailyInsightSearchResultsFromFS
FN:82,getDailyInsightSearchResultsFromES
FN:96,searchDailyInsights
FNF:4
FNH:0
FNDA:0,getESQueryForDailyInsightsRegularSearch
FNDA:0,getDailyInsightSearchResultsFromFS
FNDA:0,getDailyInsightSearchResultsFromES
FNDA:0,searchDailyInsights
DA:1,0
DA:2,0
DA:4,0
DA:9,0
DA:10,0
DA:11,0
DA:12,0
DA:13,0
DA:14,0
DA:15,0
DA:16,0
DA:17,0
DA:18,0
DA:20,0
DA:22,0
DA:29,0
DA:30,0
DA:31,0
DA:35,0
DA:36,0
DA:37,0
DA:39,0
DA:40,0
DA:42,0
DA:55,0
DA:60,0
DA:61,0
DA:66,0
DA:71,0
DA:72,0
DA:82,0
DA:89,0
DA:90,0
DA:91,0
DA:92,0
DA:93,0
DA:96,0
DA:97,0
DA:98,0
DA:99,0
DA:100,0
DA:102,0
DA:103,0
DA:104,0
DA:105,0
DA:106,0
DA:107,0
DA:108,0
DA:109,0
DA:110,0
DA:111,0
DA:116,0
DA:117,0
DA:118,0
LF:54
LH:0
BRDA:39,0,0,0
BRDA:39,0,1,0
BRDA:97,1,0,0
BRDA:97,1,1,0
BRDA:97,2,0,0
BRDA:97,2,1,0
BRDA:98,3,0,0
BRDA:98,3,1,0
BRDA:98,4,0,0
BRDA:98,4,1,0
BRDA:99,5,0,0
BRDA:99,5,1,0
BRDA:102,6,0,0
BRDA:102,6,1,0
BRDA:103,7,0,0
BRDA:103,7,1,0
BRDA:106,8,0,0
BRDA:106,8,1,0
BRF:18
BRH:0
end_of_record
TN:
SF:/Users/nareshsiramsetty/IdeaProjects/app-engine-search-and-filtering/src/service/library-item/single-track/single-track.filter.service.ts
FN:19,combineRequestedLanguages
FN:29,(anonymous_8)
FN:30,(anonymous_9)
FN:31,(anonymous_10)
FN:45,(anonymous_11)
FN:78,getSingleTrackESQueryForRegularFilter
FN:145,(anonymous_13)
FN:155,(anonymous_14)
FN:169,(anonymous_15)
FN:174,(anonymous_16)
FN:177,(anonymous_17)
FN:190,(anonymous_18)
FN:199,(anonymous_19)
FN:210,(anonymous_20)
FN:221,(anonymous_21)
FN:230,(anonymous_22)
FN:301,(anonymous_23)
FN:343,(anonymous_24)
FN:351,(anonymous_25)
FN:407,getSingleTrackFilterResultsFromES
FN:415,filterSingleTracks
FNF:21
FNH:0
FNDA:0,combineRequestedLanguages
FNDA:0,(anonymous_8)
FNDA:0,(anonymous_9)
FNDA:0,(anonymous_10)
FNDA:0,(anonymous_11)
FNDA:0,getSingleTrackESQueryForRegularFilter
FNDA:0,(anonymous_13)
FNDA:0,(anonymous_14)
FNDA:0,(anonymous_15)
FNDA:0,(anonymous_16)
FNDA:0,(anonymous_17)
FNDA:0,(anonymous_18)
FNDA:0,(anonymous_19)
FNDA:0,(anonymous_20)
FNDA:0,(anonymous_21)
FNDA:0,(anonymous_22)
FNDA:0,(anonymous_23)
FNDA:0,(anonymous_24)
FNDA:0,(anonymous_25)
FNDA:0,getSingleTrackFilterResultsFromES
FNDA:0,filterSingleTracks
DA:1,0
DA:2,0
DA:3,0
DA:5,0
DA:9,0
DA:10,0
DA:11,0
DA:12,0
DA:13,0
DA:14,0
DA:15,0
DA:17,0
DA:19,0
DA:24,0
DA:25,0
DA:26,0
DA:27,0
DA:29,0
DA:30,0
DA:31,0
DA:33,0
DA:34,0
DA:39,0
DA:40,0
DA:42,0
DA:43,0
DA:44,0
DA:46,0
DA:51,0
DA:52,0
DA:56,0
DA:57,0
DA:62,0
DA:65,0
DA:66,0
DA:67,0
DA:72,0
DA:75,0
DA:78,0
DA:79,0
DA:80,0
DA:81,0
DA:82,0
DA:83,0
DA:84,0
DA:85,0
DA:86,0
DA:90,0
DA:91,0
DA:92,0
DA:93,0
DA:94,0
DA:95,0
DA:96,0
DA:97,0
DA:98,0
DA:99,0
DA:100,0
DA:102,0
DA:103,0
DA:104,0
DA:106,0
DA:112,0
DA:113,0
DA:116,0
DA:117,0
DA:126,0
DA:127,0
DA:129,0
DA:138,0
DA:139,0
DA:142,0
DA:143,0
DA:145,0
DA:146,0
DA:147,0
DA:150,0
DA:151,0
DA:155,0
DA:157,0
DA:158,0
DA:161,0
DA:162,0
DA:163,0
DA:164,0
DA:166,0
DA:167,0
DA:169,0
DA:170,0
DA:172,0
DA:173,0
DA:174,0
DA:176,0
DA:177,0
DA:182,0
DA:183,0
DA:185,0
DA:187,0
DA:189,0
DA:190,0
DA:191,0
DA:193,0
DA:194,0
DA:196,0
DA:199,0
DA:202,0
DA:204,0
DA:205,0
DA:210,0
DA:214,0
DA:215,0
DA:216,0
DA:221,0
DA:225,0
DA:230,0
DA:234,0
DA:235,0
DA:236,0
DA:237,0
DA:240,0
DA:241,0
DA:242,0
DA:243,0
DA:244,0
DA:246,0
DA:247,0
DA:248,0
DA:252,0
DA:253,0
DA:256,0
DA:257,0
DA:260,0
DA:261,0
DA:263,0
DA:264,0
DA:266,0
DA:267,0
DA:268,0
DA:270,0
DA:271,0
DA:272,0
DA:274,0
DA:278,0
DA:279,0
DA:281,0
DA:282,0
DA:284,0
DA:285,0
DA:287,0
DA:288,0
DA:290,0
DA:291,0
DA:293,0
DA:294,0
DA:296,0
DA:300,0
DA:301,0
DA:302,0
DA:303,0
DA:304,0
DA:305,0
DA:306,0
DA:307,0
DA:309,0
DA:310,0
DA:312,0
DA:313,0
DA:315,0
DA:316,0
DA:318,0
DA:319,0
DA:321,0
DA:322,0
DA:324,0
DA:325,0
DA:327,0
DA:328,0
DA:330,0
DA:334,0
DA:335,0
DA:336,0
DA:337,0
DA:340,0
DA:341,0
DA:343,0
DA:344,0
DA:345,0
DA:348,0
DA:349,0
DA:351,0
DA:352,0
DA:353,0
DA:358,0
DA:359,0
DA:360,0
DA:361,0
DA:362,0
DA:364,0
DA:367,0
DA:368,0
DA:371,0
DA:372,0
DA:373,0
DA:375,0
DA:377,0
DA:379,0
DA:383,0
DA:385,0
DA:394,0
DA:395,0
DA:402,0
DA:404,0
DA:407,0
DA:408,0
DA:409,0
DA:410,0
DA:411,0
DA:412,0
DA:415,0
DA:416,0
DA:417,0
DA:418,0
DA:419,0
DA:420,0
DA:421,0
DA:422,0
DA:423,0
LF:227
LH:0
BRDA:22,0,0,0
BRDA:25,1,0,0
BRDA:25,1,1,0
BRDA:26,2,0,0
BRDA:26,2,1,0
BRDA:26,3,0,0
BRDA:26,3,1,0
BRDA:33,4,0,0
BRDA:33,4,1,0
BRDA:39,5,0,0
BRDA:39,5,1,0
BRDA:51,6,0,0
BRDA:51,6,1,0
BRDA:56,7,0,0
BRDA:56,7,1,0
BRDA:65,8,0,0
BRDA:65,8,1,0
BRDA:66,9,0,0
BRDA:66,9,1,0
BRDA:79,10,0,0
BRDA:79,10,1,0
BRDA:80,11,0,0
BRDA:80,11,1,0
BRDA:81,12,0,0
BRDA:81,12,1,0
BRDA:81,13,0,0
BRDA:81,13,1,0
BRDA:82,14,0,0
BRDA:82,14,1,0
BRDA:82,15,0,0
BRDA:82,15,1,0
BRDA:83,16,0,0
BRDA:83,16,1,0
BRDA:83,17,0,0
BRDA:83,17,1,0
BRDA:84,18,0,0
BRDA:84,18,1,0
BRDA:84,19,0,0
BRDA:84,19,1,0
BRDA:85,20,0,0
BRDA:85,20,1,0
BRDA:85,21,0,0
BRDA:85,21,1,0
BRDA:87,22,0,0
BRDA:87,22,1,0
BRDA:86,23,0,0
BRDA:86,23,1,0
BRDA:88,24,0,0
BRDA:88,24,1,0
BRDA:87,25,0,0
BRDA:87,25,1,0
BRDA:90,26,0,0
BRDA:90,26,1,0
BRDA:90,27,0,0
BRDA:90,27,1,0
BRDA:91,28,0,0
BRDA:91,28,1,0
BRDA:91,29,0,0
BRDA:91,29,1,0
BRDA:92,30,0,0
BRDA:92,30,1,0
BRDA:92,31,0,0
BRDA:92,31,1,0
BRDA:93,32,0,0
BRDA:93,32,1,0
BRDA:93,33,0,0
BRDA:93,33,1,0
BRDA:94,34,0,0
BRDA:94,34,1,0
BRDA:94,35,0,0
BRDA:94,35,1,0
BRDA:95,36,0,0
BRDA:95,36,1,0
BRDA:95,37,0,0
BRDA:95,37,1,0
BRDA:96,38,0,0
BRDA:96,38,1,0
BRDA:96,39,0,0
BRDA:96,39,1,0
BRDA:97,40,0,0
BRDA:97,40,1,0
BRDA:97,41,0,0
BRDA:97,41,1,0
BRDA:98,42,0,0
BRDA:98,42,1,0
BRDA:98,43,0,0
BRDA:98,43,1,0
BRDA:99,44,0,0
BRDA:99,44,1,0
BRDA:99,45,0,0
BRDA:99,45,1,0
BRDA:100,46,0,0
BRDA:100,46,1,0
BRDA:100,47,0,0
BRDA:100,47,1,0
BRDA:112,48,0,0
BRDA:112,48,1,0
BRDA:116,49,0,0
BRDA:116,49,1,0
BRDA:142,50,0,0
BRDA:142,50,1,0
BRDA:150,51,0,0
BRDA:150,51,1,0
BRDA:161,52,0,0
BRDA:161,52,1,0
BRDA:161,53,0,0
BRDA:161,53,1,0
BRDA:163,54,0,0
BRDA:163,54,1,0
BRDA:164,55,0,0
BRDA:164,55,1,0
BRDA:166,56,0,0
BRDA:166,56,1,0
BRDA:167,57,0,0
BRDA:167,57,1,0
BRDA:172,58,0,0
BRDA:172,58,1,0
BRDA:185,59,0,0
BRDA:185,59,1,0
BRDA:187,60,0,0
BRDA:187,60,1,0
BRDA:189,61,0,0
BRDA:189,61,1,0
BRDA:189,62,0,0
BRDA:189,62,1,0
BRDA:193,63,0,0
BRDA:193,63,1,0
BRDA:214,64,0,0
BRDA:214,64,1,0
BRDA:214,65,0,0
BRDA:214,65,1,0
BRDA:234,66,0,0
BRDA:234,66,1,0
BRDA:234,67,0,0
BRDA:234,67,1,0
BRDA:240,68,0,0
BRDA:240,68,1,0
BRDA:240,69,0,0
BRDA:240,69,1,0
BRDA:240,69,2,0
BRDA:241,70,0,0
BRDA:241,70,1,0
BRDA:243,71,0,0
BRDA:243,71,1,0
BRDA:243,72,0,0
BRDA:243,72,1,0
BRDA:247,73,0,0
BRDA:247,73,1,0
BRDA:252,74,0,0
BRDA:252,74,1,0
BRDA:263,75,0,0
BRDA:263,75,1,0
BRDA:265,76,0,0
BRDA:265,76,1,0
BRDA:265,76,2,0
BRDA:278,77,0,0
BRDA:278,77,1,0
BRDA:280,78,0,0
BRDA:280,78,1,0
BRDA:280,78,2,0
BRDA:280,78,3,0
BRDA:280,78,4,0
BRDA:280,78,5,0
BRDA:300,79,0,0
BRDA:300,79,1,0
BRDA:302,80,0,0
BRDA:302,80,1,0
BRDA:302,81,0,0
BRDA:302,81,1,0
BRDA:304,82,0,0
BRDA:304,82,1,0
BRDA:306,83,0,0
BRDA:306,83,1,0
BRDA:309,84,0,0
BRDA:309,84,1,0
BRDA:311,85,0,0
BRDA:311,85,1,0
BRDA:311,85,2,0
BRDA:311,85,3,0
BRDA:311,85,4,0
BRDA:311,85,5,0
BRDA:311,85,6,0
BRDA:334,86,0,0
BRDA:334,86,1,0
BRDA:340,87,0,0
BRDA:340,87,1,0
BRDA:348,88,0,0
BRDA:348,88,1,0
BRDA:358,89,0,0
BRDA:358,89,1,0
BRDA:367,90,0,0
BRDA:367,90,1,0
BRDA:371,91,0,0
BRDA:371,91,1,0
BRDA:372,92,0,0
BRDA:372,92,1,0
BRDA:373,93,0,0
BRDA:373,93,1,0
BRDA:375,94,0,0
BRDA:375,94,1,0
BRDA:375,95,0,0
BRDA:375,95,1,0
BRDA:379,96,0,0
BRDA:379,96,1,0
BRDA:380,97,0,0
BRDA:380,97,1,0
BRDA:380,97,2,0
BRDA:394,98,0,0
BRDA:394,98,1,0
BRDA:394,99,0,0
BRDA:394,99,1,0
BRF:211
BRH:0
end_of_record
TN:
SF:/Users/nareshsiramsetty/IdeaProjects/app-engine-search-and-filtering/src/service/library-item/single-track/single-track.get.service.ts
FN:11,getSingleTrack
FN:18,getSingleTrackReviews
FN:23,getSingleTrackPublisherProfile
FNF:3
FNH:0
FNDA:0,getSingleTrack
FNDA:0,getSingleTrackReviews
FNDA:0,getSingleTrackPublisherProfile
DA:1,0
DA:4,0
DA:7,0
DA:9,0
DA:11,0
DA:14,0
DA:15,0
DA:18,0
DA:19,0
DA:20,0
DA:23,0
DA:26,0
DA:27,0
LF:13
LH:0
BRF:0
BRH:0
end_of_record
TN:
SF:/Users/nareshsiramsetty/IdeaProjects/app-engine-search-and-filtering/src/service/library-item/single-track/single-track.search.service.ts
FN:21,getESQueryForSingleTracksRegularSearch
FN:35,(anonymous_8)
FN:55,getSingleTrackSearchResultsFromFS
FN:85,getSingleTrackSearchResultsFromES
FN:99,searchSingleTracks
FNF:5
FNH:0
FNDA:0,getESQueryForSingleTracksRegularSearch
FNDA:0,(anonymous_8)
FNDA:0,getSingleTrackSearchResultsFromFS
FNDA:0,getSingleTrackSearchResultsFromES
FNDA:0,searchSingleTracks
DA:1,0
DA:2,0
DA:4,0
DA:9,0
DA:10,0
DA:11,0
DA:12,0
DA:13,0
DA:14,0
DA:15,0
DA:16,0
DA:17,0
DA:19,0
DA:21,0
DA:28,0
DA:29,0
DA:30,0
DA:34,0
DA:35,0
DA:36,0
DA:38,0
DA:39,0
DA:42,0
DA:55,0
DA:60,0
DA:61,0
DA:62,0
DA:67,0
DA:72,0
DA:73,0
DA:74,0
DA:75,0
DA:85,0
DA:92,0
DA:93,0
DA:94,0
DA:95,0
DA:96,0
DA:99,0
DA:100,0
DA:101,0
DA:102,0
DA:104,0
DA:105,0
DA:106,0
DA:107,0
DA:108,0
DA:110,0
DA:111,0
DA:112,0
DA:113,0
DA:114,0
DA:115,0
DA:116,0
DA:117,0
DA:118,0
DA:119,0
DA:124,0
DA:125,0
DA:126,0
LF:60
LH:0
BRDA:38,0,0,0
BRDA:38,0,1,0
BRDA:100,1,0,0
BRDA:100,1,1,0
BRDA:100,2,0,0
BRDA:100,2,1,0
BRDA:101,3,0,0
BRDA:101,3,1,0
BRDA:104,4,0,0
BRDA:104,4,1,0
BRDA:105,5,0,0
BRDA:105,5,1,0
BRDA:106,6,0,0
BRDA:106,6,1,0
BRDA:106,7,0,0
BRDA:106,7,1,0
BRDA:107,8,0,0
BRDA:107,8,1,0
BRDA:114,9,0,0
BRDA:114,9,1,0
BRF:20
BRH:0
end_of_record
TN:
SF:/Users/nareshsiramsetty/IdeaProjects/app-engine-search-and-filtering/src/service/playlist/playlist.filter.service.ts
FN:17,getPlaylistESQueryForRegularFilter
FN:39,(anonymous_8)
FN:61,getPlaylistFilterResultsFromES
FN:69,filterPlaylists
FNF:4
FNH:0
FNDA:0,getPlaylistESQueryForRegularFilter
FNDA:0,(anonymous_8)
FNDA:0,getPlaylistFilterResultsFromES
FNDA:0,filterPlaylists
DA:1,0
DA:2,0
DA:4,0
DA:8,0
DA:9,0
DA:10,0
DA:11,0
DA:12,0
DA:13,0
DA:15,0
DA:17,0
DA:18,0
DA:19,0
DA:20,0
DA:21,0
DA:22,0
DA:23,0
DA:24,0
DA:25,0
DA:26,0
DA:27,0
DA:28,0
DA:29,0
DA:31,0
DA:32,0
DA:33,0
DA:34,0
DA:35,0
DA:36,0
DA:39,0
DA:42,0
DA:43,0
DA:45,0
DA:46,0
DA:48,0
DA:49,0
DA:51,0
DA:52,0
DA:54,0
DA:57,0
DA:58,0
DA:61,0
DA:62,0
DA:63,0
DA:64,0
DA:65,0
DA:66,0
DA:69,0
DA:70,0
DA:71,0
DA:72,0
DA:73,0
DA:74,0
DA:75,0
DA:76,0
DA:77,0
LF:56
LH:0
BRDA:18,0,0,0
BRDA:18,0,1,0
BRDA:19,1,0,0
BRDA:19,1,1,0
BRDA:20,2,0,0
BRDA:20,2,1,0
BRDA:20,3,0,0
BRDA:20,3,1,0
BRDA:21,4,0,0
BRDA:21,4,1,0
BRDA:21,5,0,0
BRDA:21,5,1,0
BRDA:22,6,0,0
BRDA:22,6,1,0
BRDA:22,7,0,0
BRDA:22,7,1,0
BRDA:23,8,0,0
BRDA:23,8,1,0
BRDA:23,9,0,0
BRDA:23,9,1,0
BRDA:25,10,0,0
BRDA:25,10,1,0
BRDA:25,11,0,0
BRDA:25,11,1,0
BRDA:28,12,0,0
BRDA:28,12,1,0
BRDA:33,13,0,0
BRDA:33,13,1,0
BRDA:35,14,0,0
BRDA:35,14,1,0
BRDA:42,15,0,0
BRDA:42,15,1,0
BRDA:45,16,0,0
BRDA:45,16,1,0
BRDA:47,17,0,0
BRDA:47,17,1,0
BRDA:47,17,2,0
BRDA:48,18,0,0
BRDA:48,18,1,0
BRDA:51,19,0,0
BRDA:51,19,1,0
BRDA:54,20,0,0
BRDA:54,20,1,0
BRF:43
BRH:0
end_of_record
TN:
SF:/Users/nareshsiramsetty/IdeaProjects/app-engine-search-and-filtering/src/service/playlist/playlist.get.service.ts
FN:11,getPlaylist
FN:16,(anonymous_2)
FNF:2
FNH:0
FNDA:0,getPlaylist
FNDA:0,(anonymous_2)
DA:1,0
DA:2,0
DA:3,0
DA:4,0
DA:5,0
DA:6,0
DA:9,0
DA:11,0
DA:14,0
DA:15,0
DA:17,0
DA:18,0
LF:12
LH:0
BRF:0
BRH:0
end_of_record
TN:
SF:/Users/nareshsiramsetty/IdeaProjects/app-engine-search-and-filtering/src/service/playlist/playlist.other.service.ts
FN:14,getOtherPlaylistResults
FN:25,(anonymous_2)
FN:34,otherPlaylists
FNF:3
FNH:0
FNDA:0,getOtherPlaylistResults
FNDA:0,(anonymous_2)
FNDA:0,otherPlaylists
DA:1,0
DA:7,0
DA:8,0
DA:9,0
DA:10,0
DA:12,0
DA:14,0
DA:18,0
DA:19,0
DA:20,0
DA:21,0
DA:22,0
DA:23,0
DA:24,0
DA:25,0
DA:26,0
DA:27,0
DA:29,0
DA:31,0
DA:34,0
DA:38,0
DA:39,0
DA:40,0
DA:41,0
DA:42,0
DA:43,0
DA:44,0
LF:27
LH:0
BRDA:22,0,0,0
BRDA:22,0,1,0
BRDA:27,1,0,0
BRDA:27,1,1,0
BRDA:27,2,0,0
BRDA:27,2,1,0
BRF:6
BRH:0
end_of_record
TN:
SF:/Users/nareshsiramsetty/IdeaProjects/app-engine-search-and-filtering/src/service/playlist/playlist.related.service.ts
FN:25,getRelatedPlaylistResultFromFS
FN:41,getRelatedPlaylistESQuery
FN:60,(anonymous_9)
FN:68,getPubliherPlaylistFromESQuery
FN:83,getRelatedPlaylistResultsFromES
FN:118,getRelatedPlaylistResultsFS
FN:138,(anonymous_13)
FN:165,relatedPlaylists
FNF:8
FNH:0
FNDA:0,getRelatedPlaylistResultFromFS
FNDA:0,getRelatedPlaylistESQuery
FNDA:0,(anonymous_9)
FNDA:0,getPubliherPlaylistFromESQuery
FNDA:0,getRelatedPlaylistResultsFromES
FNDA:0,getRelatedPlaylistResultsFS
FNDA:0,(anonymous_13)
FNDA:0,relatedPlaylists
DA:1,0
DA:2,0
DA:4,0
DA:14,0
DA:15,0
DA:16,0
DA:17,0
DA:18,0
DA:19,0
DA:20,0
DA:21,0
DA:23,0
DA:31,0
DA:41,0
DA:47,0
DA:52,0
DA:53,0
DA:54,0
DA:55,0
DA:56,0
DA:57,0
DA:60,0
DA:63,0
DA:64,0
DA:65,0
DA:68,0
DA:69,0
DA:74,0
DA:75,0
DA:76,0
DA:77,0
DA:78,0
DA:79,0
DA:80,0
DA:83,0
DA:87,0
DA:88,0
DA:89,0
DA:90,0
DA:91,0
DA:92,0
DA:93,0
DA:94,0
DA:95,0
DA:96,0
DA:101,0
DA:102,0
DA:105,0
DA:106,0
DA:107,0
DA:108,0
DA:109,0
DA:110,0
DA:111,0
DA:113,0
DA:115,0
DA:118,0
DA:123,0
DA:124,0
DA:125,0
DA:126,0
DA:127,0
DA:128,0
DA:129,0
DA:130,0
DA:131,0
DA:136,0
DA:137,0
DA:138,0
DA:139,0
DA:140,0
DA:142,0
DA:143,0
DA:144,0
DA:145,0
DA:146,0
DA:151,0
DA:157,0
DA:158,0
DA:160,0
DA:162,0
DA:165,0
DA:169,0
DA:170,0
DA:171,0
DA:172,0
DA:173,0
DA:174,0
DA:175,0
DA:176,0
DA:177,0
DA:178,0
DA:179,0
DA:181,0
DA:182,0
DA:183,0
LF:96
LH:0
BRDA:56,0,0,0
BRDA:56,0,1,0
BRDA:88,1,0,0
BRDA:88,1,1,0
BRDA:89,2,0,0
BRDA:89,2,1,0
BRDA:92,3,0,0
BRDA:92,3,1,0
BRDA:92,4,0,0
BRDA:92,4,1,0
BRDA:102,5,0,0
BRDA:102,5,1,0
BRDA:127,6,0,0
BRDA:127,6,1,0
BRDA:127,7,0,0
BRDA:127,7,1,0
BRDA:140,8,0,0
BRDA:140,8,1,0
BRDA:140,9,0,0
BRDA:140,9,1,0
BRDA:142,10,0,0
BRDA:142,10,1,0
BRDA:172,11,0,0
BRDA:172,11,1,0
BRDA:173,12,0,0
BRDA:173,12,1,0
BRDA:175,13,0,0
BRDA:175,13,1,0
BRF:28
BRH:0
end_of_record
TN:
SF:/Users/nareshsiramsetty/IdeaProjects/app-engine-search-and-filtering/src/service/playlist/playlist.search.service.ts
FN:21,getPlaylistESQueryForRegularSearch
FN:43,getESQueryForPlaylistTopViewSearch
FN:75,getPlaylistSearchResultsFromFS
FN:100,getPlaylistSearchResultsFromES
FN:112,searchPlaylists
FNF:5
FNH:0
FNDA:0,getPlaylistESQueryForRegularSearch
FNDA:0,getESQueryForPlaylistTopViewSearch
FNDA:0,getPlaylistSearchResultsFromFS
FNDA:0,getPlaylistSearchResultsFromES
FNDA:0,searchPlaylists
DA:1,0
DA:2,0
DA:3,0
DA:5,0
DA:10,0
DA:11,0
DA:12,0
DA:13,0
DA:14,0
DA:15,0
DA:16,0
DA:17,0
DA:19,0
DA:21,0
DA:26,0
DA:27,0
DA:28,0
DA:29,0
DA:35,0
DA:43,0
DA:49,0
DA:51,0
DA:75,0
DA:80,0
DA:81,0
DA:82,0
DA:87,0
DA:88,0
DA:89,0
DA:90,0
DA:100,0
DA:105,0
DA:106,0
DA:107,0
DA:108,0
DA:109,0
DA:112,0
DA:113,0
DA:114,0
DA:115,0
DA:117,0
DA:118,0
DA:119,0
DA:120,0
DA:121,0
DA:122,0
DA:123,0
DA:124,0
DA:125,0
DA:126,0
DA:127,0
DA:128,0
DA:133,0
DA:134,0
DA:135,0
LF:55
LH:0
BRDA:61,0,0,0
BRDA:61,0,1,0
BRDA:65,1,0,0
BRDA:65,1,1,0
BRDA:113,2,0,0
BRDA:113,2,1,0
BRDA:113,3,0,0
BRDA:113,3,1,0
BRDA:114,4,0,0
BRDA:114,4,1,0
BRDA:117,5,0,0
BRDA:117,5,1,0
BRDA:118,6,0,0
BRDA:118,6,1,0
BRDA:123,7,0,0
BRDA:123,7,1,0
BRF:16
BRH:0
end_of_record
TN:
SF:/Users/nareshsiramsetty/IdeaProjects/app-engine-search-and-filtering/src/service/shared/categorization.service.ts
FN:6,filteringOptionsToESQueryArray
FN:7,(anonymous_7)
FNF:2
FNH:0
FNDA:0,filteringOptionsToESQueryArray
FNDA:0,(anonymous_7)
DA:1,0
DA:2,0
DA:4,0
DA:6,0
DA:7,0
DA:8,0
DA:9,0
DA:10,0
DA:11,0
DA:12,0
DA:14,0
DA:15,0
DA:16,0
DA:17,0
DA:19,0
DA:20,0
DA:21,0
DA:23,0
DA:24,0
DA:26,0
DA:27,0
DA:28,0
DA:30,0
DA:31,0
DA:33,0
DA:34,0
DA:35,0
DA:36,0
DA:38,0
DA:39,0
DA:40,0
DA:42,0
DA:43,0
DA:45,0
DA:46,0
DA:47,0
DA:49,0
DA:50,0
DA:51,0
DA:53,0
DA:55,0
LF:41
LH:0
BRDA:7,0,0,0
BRDA:7,0,1,0
BRDA:7,1,0,0
BRDA:7,1,1,0
BRDA:8,2,0,0
BRDA:8,2,1,0
BRDA:8,3,0,0
BRDA:8,3,1,0
BRDA:8,4,0,0
BRDA:8,4,1,0
BRDA:8,5,0,0
BRDA:8,5,1,0
BRDA:8,6,0,0
BRDA:8,6,1,0
BRDA:9,7,0,0
BRDA:9,7,1,0
BRDA:9,8,0,0
BRDA:9,8,1,0
BRDA:9,9,0,0
BRDA:9,9,1,0
BRDA:9,10,0,0
BRDA:9,10,1,0
BRDA:9,11,0,0
BRDA:9,11,1,0
BRDA:10,12,0,0
BRDA:10,12,1,0
BRDA:10,13,0,0
BRDA:10,13,1,0
BRDA:10,14,0,0
BRDA:10,14,1,0
BRDA:10,15,0,0
BRDA:10,15,1,0
BRDA:10,16,0,0
BRDA:10,16,1,0
BRDA:11,17,0,0
BRDA:11,17,1,0
BRDA:11,18,0,0
BRDA:11,18,1,0
BRDA:12,19,0,0
BRDA:12,19,1,0
BRDA:12,20,0,0
BRDA:12,20,1,0
BRDA:15,21,0,0
BRDA:15,21,1,0
BRDA:19,22,0,0
BRDA:19,22,1,0
BRDA:23,23,0,0
BRDA:23,23,1,0
BRDA:26,24,0,0
BRDA:26,24,1,0
BRDA:30,25,0,0
BRDA:30,25,1,0
BRDA:33,26,0,0
BRDA:33,26,1,0
BRDA:35,27,0,0
BRDA:35,27,1,0
BRDA:38,28,0,0
BRDA:38,28,1,0
BRDA:38,29,0,0
BRDA:38,29,1,0
BRDA:42,30,0,0
BRDA:42,30,1,0
BRDA:45,31,0,0
BRDA:45,31,1,0
BRDA:45,32,0,0
BRDA:45,32,1,0
BRDA:49,33,0,0
BRDA:49,33,1,0
BRDA:49,34,0,0
BRDA:49,34,1,0
BRF:70
BRH:0
end_of_record
TN:
SF:/Users/nareshsiramsetty/IdeaProjects/app-engine-search-and-filtering/src/service/shared/elastic.service.ts
FN:20,setSearchResultType
FN:44,getSearchResultType
FN:69,transformFromSingleIndexESResponse
FN:80,(anonymous_4)
FN:93,getSingleIndexResultsFromES
FN:102,(anonymous_6)
FN:104,(anonymous_7)
FN:114,transformFromMultiIndexESResponse
FN:122,(anonymous_9)
FN:124,(anonymous_10)
FN:136,(anonymous_11)
FN:144,getMultiIndexResultsFromES
FN:152,(anonymous_13)
FN:157,(anonymous_14)
FN:167,getDocumentByIDFromES
FN:176,(anonymous_16)
FN:192,(anonymous_17)
FN:198,transformFromMultiDocumentESResponse
FN:209,(anonymous_19)
FN:227,getDocumentsByIDListFromES
FN:235,(anonymous_21)
FN:237,(anonymous_22)
FNF:22
FNH:0
FNDA:0,setSearchResultType
FNDA:0,getSearchResultType
FNDA:0,transformFromSingleIndexESResponse
FNDA:0,(anonymous_4)
FNDA:0,getSingleIndexResultsFromES
FNDA:0,(anonymous_6)
FNDA:0,(anonymous_7)
FNDA:0,transformFromMultiIndexESResponse
FNDA:0,(anonymous_9)
FNDA:0,(anonymous_10)
FNDA:0,(anonymous_11)
FNDA:0,getMultiIndexResultsFromES
FNDA:0,(anonymous_13)
FNDA:0,(anonymous_14)
FNDA:0,getDocumentByIDFromES
FNDA:0,(anonymous_16)
FNDA:0,(anonymous_17)
FNDA:0,transformFromMultiDocumentESResponse
FNDA:0,(anonymous_19)
FNDA:0,getDocumentsByIDListFromES
FNDA:0,(anonymous_21)
FNDA:0,(anonymous_22)
DA:3,0
DA:4,0
DA:5,0
DA:6,0
DA:14,0
DA:15,0
DA:16,0
DA:18,0
DA:20,0
DA:21,0
DA:22,0
DA:23,0
DA:24,0
DA:25,0
DA:26,0
DA:27,0
DA:28,0
DA:30,0
DA:31,0
DA:32,0
DA:33,0
DA:34,0
DA:35,0
DA:36,0
DA:37,0
DA:38,0
DA:39,0
DA:41,0
DA:44,0
DA:45,0
DA:46,0
DA:48,0
DA:49,0
DA:51,0
DA:52,0
DA:54,0
DA:55,0
DA:57,0
DA:58,0
DA:60,0
DA:61,0
DA:63,0
DA:64,0
DA:66,0
DA:69,0
DA:73,0
DA:74,0
DA:75,0
DA:76,0
DA:77,0
DA:78,0
DA:79,0
DA:81,0
DA:82,0
DA:83,0
DA:84,0
DA:85,0
DA:90,0
DA:93,0
DA:99,0
DA:100,0
DA:102,0
DA:105,0
DA:106,0
DA:114,0
DA:118,0
DA:119,0
DA:120,0
DA:121,0
DA:122,0
DA:123,0
DA:124,0
DA:125,0
DA:126,0
DA:134,0
DA:137,0
DA:144,0
DA:149,0
DA:153,0
DA:158,0
DA:159,0
DA:167,0
DA:173,0
DA:177,0
DA:180,0
DA:181,0
DA:183,0
DA:184,0
DA:185,0
DA:186,0
DA:188,0
DA:193,0
DA:198,0
DA:202,0
DA:203,0
DA:204,0
DA:205,0
DA:206,0
DA:207,0
DA:208,0
DA:210,0
DA:213,0
DA:214,0
DA:216,0
DA:217,0
DA:218,0
DA:219,0
DA:224,0
DA:227,0
DA:233,0
DA:235,0
DA:238,0
DA:239,0
LF:113
LH:0
BRDA:22,0,0,0
BRDA:22,0,1,0
BRDA:23,1,0,0
BRDA:23,1,1,0
BRDA:23,2,0,0
BRDA:23,2,1,0
BRDA:25,3,0,0
BRDA:25,3,1,0
BRDA:25,4,0,0
BRDA:25,4,1,0
BRDA:27,5,0,0
BRDA:27,5,1,0
BRDA:27,6,0,0
BRDA:27,6,1,0
BRDA:30,7,0,0
BRDA:30,7,1,0
BRDA:32,8,0,0
BRDA:32,8,1,0
BRDA:34,9,0,0
BRDA:34,9,1,0
BRDA:36,10,0,0
BRDA:36,10,1,0
BRDA:38,11,0,0
BRDA:38,11,1,0
BRDA:45,12,0,0
BRDA:45,12,1,0
BRDA:48,13,0,0
BRDA:48,13,1,0
BRDA:51,14,0,0
BRDA:51,14,1,0
BRDA:54,15,0,0
BRDA:54,15,1,0
BRDA:57,16,0,0
BRDA:57,16,1,0
BRDA:60,17,0,0
BRDA:60,17,1,0
BRDA:63,18,0,0
BRDA:63,18,1,0
BRDA:75,19,0,0
BRDA:75,19,1,0
BRDA:75,20,0,0
BRDA:75,20,1,0
BRDA:77,21,0,0
BRDA:77,21,1,0
BRDA:81,22,0,0
BRDA:81,22,1,0
BRDA:84,23,0,0
BRDA:84,23,1,0
BRDA:99,24,0,0
BRDA:99,24,1,0
BRDA:120,25,0,0
BRDA:120,25,1,0
BRDA:120,26,0,0
BRDA:120,26,1,0
BRDA:173,27,0,0
BRDA:173,27,1,0
BRDA:178,28,0,0
BRDA:178,28,1,0
BRDA:180,29,0,0
BRDA:180,29,1,0
BRDA:183,30,0,0
BRDA:183,30,1,0
BRDA:183,31,0,0
BRDA:183,31,1,0
BRDA:183,32,0,0
BRDA:183,32,1,0
BRDA:186,33,0,0
BRDA:186,33,1,0
BRDA:204,34,0,0
BRDA:204,34,1,0
BRDA:204,35,0,0
BRDA:204,35,1,0
BRDA:206,36,0,0
BRDA:206,36,1,0
BRDA:211,37,0,0
BRDA:211,37,1,0
BRDA:213,38,0,0
BRDA:213,38,1,0
BRDA:218,39,0,0
BRDA:218,39,1,0
BRDA:233,40,0,0
BRDA:233,40,1,0
BRF:82
BRH:0
end_of_record
TN:
SF:/Users/nareshsiramsetty/IdeaProjects/app-engine-search-and-filtering/src/service/shared/firestore.service.ts
FN:17,getSearchResultType
FN:61,transformFromFSResponse
FN:67,(anonymous_9)
FN:82,mergeMultipleTransformFromFSResponse
FN:87,(anonymous_11)
FN:95,getResultsFromFSQuery
FN:105,(anonymous_13)
FN:108,(anonymous_14)
FN:117,(anonymous_15)
FN:122,(anonymous_16)
FN:129,getByIDFromFS
FN:136,(anonymous_18)
FNF:12
FNH:0
FNDA:0,getSearchResultType
FNDA:0,transformFromFSResponse
FNDA:0,(anonymous_9)
FNDA:0,mergeMultipleTransformFromFSResponse
FNDA:0,(anonymous_11)
FNDA:0,getResultsFromFSQuery
FNDA:0,(anonymous_13)
FNDA:0,(anonymous_14)
FNDA:0,(anonymous_15)
FNDA:0,(anonymous_16)
FNDA:0,getByIDFromFS
FNDA:0,(anonymous_18)
DA:1,0
DA:2,0
DA:3,0
DA:4,0
DA:11,0
DA:12,0
DA:13,0
DA:15,0
DA:17,0
DA:21,0
DA:22,0
DA:23,0
DA:25,0
DA:26,0
DA:28,0
DA:29,0
DA:31,0
DA:33,0
DA:34,0
DA:35,0
DA:37,0
DA:39,0
DA:40,0
DA:42,0
DA:43,0
DA:46,0
DA:47,0
DA:49,0
DA:50,0
DA:52,0
DA:53,0
DA:55,0
DA:56,0
DA:58,0
DA:61,0
DA:66,0
DA:68,0
DA:69,0
DA:70,0
DA:71,0
DA:72,0
DA:73,0
DA:75,0
DA:78,0
DA:79,0
DA:82,0
DA:86,0
DA:87,0
DA:88,0
DA:90,0
DA:91,0
DA:92,0
DA:95,0
DA:104,0
DA:105,0
DA:106,0
DA:108,0
DA:109,0
DA:111,0
DA:118,0
DA:123,0
DA:124,0
DA:129,0
DA:134,0
DA:135,0
DA:137,0
DA:138,0
DA:140,0
DA:143,0
DA:144,0
DA:146,0
DA:147,0
DA:149,0
DA:150,0
DA:151,0
DA:153,0
LF:76
LH:0
BRDA:21,0,0,0
BRDA:21,0,1,0
BRDA:22,1,0,0
BRDA:22,1,1,0
BRDA:25,2,0,0
BRDA:25,2,1,0
BRDA:28,3,0,0
BRDA:28,3,1,0
BRDA:33,4,0,0
BRDA:33,4,1,0
BRDA:34,5,0,0
BRDA:34,5,1,0
BRDA:39,6,0,0
BRDA:39,6,1,0
BRDA:42,7,0,0
BRDA:42,7,1,0
BRDA:46,8,0,0
BRDA:46,8,1,0
BRDA:49,9,0,0
BRDA:49,9,1,0
BRDA:52,10,0,0
BRDA:52,10,1,0
BRDA:55,11,0,0
BRDA:55,11,1,0
BRDA:69,12,0,0
BRDA:69,12,1,0
BRDA:72,13,0,0
BRDA:72,13,1,0
BRDA:72,14,0,0
BRDA:72,14,1,0
BRDA:137,15,0,0
BRDA:137,15,1,0
BRDA:137,16,0,0
BRDA:137,16,1,0
BRDA:141,17,0,0
BRDA:141,17,1,0
BRDA:143,18,0,0
BRDA:143,18,1,0
BRDA:146,19,0,0
BRDA:146,19,1,0
BRDA:149,20,0,0
BRDA:149,20,1,0
BRDA:149,21,0,0
BRDA:149,21,1,0
BRDA:149,22,0,0
BRDA:149,22,1,0
BRF:46
BRH:0
end_of_record
TN:
SF:/Users/nareshsiramsetty/IdeaProjects/app-engine-search-and-filtering/src/service/shared/i18n.service.ts
FN:4,getCombinedLanguages
FN:9,(anonymous_8)
FN:10,(anonymous_9)
FN:11,(anonymous_10)
FN:22,validateAndReplaceWithEnglish
FN:32,(anonymous_12)
FNF:6
FNH:0
FNDA:0,getCombinedLanguages
FNDA:0,(anonymous_8)
FNDA:0,(anonymous_9)
FNDA:0,(anonymous_10)
FNDA:0,validateAndReplaceWithEnglish
FNDA:0,(anonymous_12)
DA:1,0
DA:2,0
DA:4,0
DA:5,0
DA:6,0
DA:7,0
DA:9,0
DA:10,0
DA:11,0
DA:13,0
DA:14,0
DA:15,0
DA:18,0
DA:19,0
DA:22,0
DA:23,0
DA:24,0
DA:27,0
DA:28,0
DA:30,0
DA:32,0
DA:33,0
DA:34,0
DA:36,0
DA:38,0
LF:25
LH:0
BRDA:6,0,0,0
BRDA:6,0,1,0
BRDA:6,1,0,0
BRDA:6,1,1,0
BRDA:13,2,0,0
BRDA:13,2,1,0
BRDA:13,3,0,0
BRDA:13,3,1,0
BRDA:14,4,0,0
BRDA:14,4,1,0
BRDA:23,5,0,0
BRDA:23,5,1,0
BRDA:23,6,0,0
BRDA:23,6,1,0
BRDA:23,6,2,0
BRDA:27,7,0,0
BRDA:27,7,1,0
BRDA:27,8,0,0
BRDA:27,8,1,0
BRDA:27,8,2,0
BRDA:33,9,0,0
BRDA:33,9,1,0
BRF:22
BRH:0
end_of_record
TN:
SF:/Users/nareshsiramsetty/IdeaProjects/app-engine-search-and-filtering/src/service/shared/transform.service.ts
FN:15,addMetaSummary
FN:69,transformToUnifiedSearchResults
FN:71,(anonymous_3)
FNF:3
FNH:0
FNDA:0,addMetaSummary
FNDA:0,transformToUnifiedSearchResults
FNDA:0,(anonymous_3)
DA:1,0
DA:2,0
DA:10,0
DA:11,0
DA:13,0
DA:16,0
DA:17,0
DA:18,0
DA:19,0
DA:20,0
DA:22,0
DA:23,0
DA:24,0
DA:25,0
DA:27,0
DA:28,0
DA:29,0
DA:31,0
DA:33,0
DA:35,0
DA:36,0
DA:37,0
DA:39,0
DA:41,0
DA:43,0
DA:44,0
DA:46,0
DA:47,0
DA:48,0
DA:49,0
DA:50,0
DA:51,0
DA:53,0
DA:54,0
DA:55,0
DA:57,0
DA:59,0
DA:61,0
DA:62,0
DA:65,0
DA:69,0
DA:70,0
DA:71,0
DA:72,0
DA:73,0
DA:74,0
DA:75,0
DA:76,0
DA:77,0
DA:79,0
DA:83,0
DA:84,0
DA:85,0
DA:87,0
LF:54
LH:0
BRDA:16,0,0,0
BRDA:16,0,1,0
BRDA:18,1,0,0
BRDA:18,1,1,0
BRDA:22,2,0,0
BRDA:22,2,1,0
BRDA:22,3,0,0
BRDA:22,3,1,0
BRDA:27,4,0,0
BRDA:27,4,1,0
BRDA:28,5,0,0
BRDA:28,5,1,0
BRDA:35,6,0,0
BRDA:35,6,1,0
BRDA:36,7,0,0
BRDA:36,7,1,0
BRDA:43,8,0,0
BRDA:43,8,1,0
BRDA:46,9,0,0
BRDA:46,9,1,0
BRDA:49,10,0,0
BRDA:49,10,1,0
BRDA:53,11,0,0
BRDA:53,11,1,0
BRDA:54,12,0,0
BRDA:54,12,1,0
BRDA:61,13,0,0
BRDA:61,13,1,0
BRDA:75,14,0,0
BRDA:75,14,1,0
BRDA:75,15,0,0
BRDA:75,15,1,0
BRDA:75,16,0,0
BRDA:75,16,1,0
BRF:34
BRH:0
end_of_record
TN:
SF:/Users/nareshsiramsetty/IdeaProjects/app-engine-search-and-filtering/src/service/top-view/top-view.service.ts
FN:53,getCommonESQueryForTopSearch
FN:117,getTopViewSearchResultsFromFS
FN:135,getTopViewSearchResultsFromES
FN:168,getTopViewSearchResultsFromESV2
FN:177,searchTopView
FN:205,(anonymous_12)
FN:230,searchTopViewV2
FNF:7
FNH:0
FNDA:0,getCommonESQueryForTopSearch
FNDA:0,getTopViewSearchResultsFromFS
FNDA:0,getTopViewSearchResultsFromES
FNDA:0,getTopViewSearchResultsFromESV2
FNDA:0,searchTopView
FNDA:0,(anonymous_12)
FNDA:0,searchTopViewV2
DA:1,0
DA:2,0
DA:3,0
DA:5,0
DA:10,0
DA:11,0
DA:12,0
DA:13,0
DA:14,0
DA:15,0
DA:16,0
DA:17,0
DA:18,0
DA:19,0
DA:23,0
DA:24,0
DA:25,0
DA:26,0
DA:27,0
DA:28,0
DA:30,0
DA:53,0
DA:54,0
DA:68,0
DA:69,0
DA:70,0
DA:71,0
DA:72,0
DA:73,0
DA:75,0
DA:103,0
DA:104,0
DA:105,0
DA:107,0
DA:108,0
DA:110,0
DA:117,0
DA:122,0
DA:135,0
DA:146,0
DA:162,0
DA:163,0
DA:164,0
DA:165,0
DA:168,0
DA:169,0
DA:170,0
DA:171,0
DA:172,0
DA:173,0
DA:174,0
DA:177,0
DA:178,0
DA:179,0
DA:180,0
DA:181,0
DA:182,0
DA:183,0
DA:185,0
DA:186,0
DA:187,0
DA:188,0
DA:189,0
DA:190,0
DA:192,0
DA:206,0
DA:207,0
DA:208,0
DA:209,0
DA:210,0
DA:212,0
DA:213,0
DA:214,0
DA:215,0
DA:216,0
DA:217,0
DA:218,0
DA:219,0
DA:221,0
DA:223,0
DA:224,0
DA:225,0
DA:230,0
DA:231,0
DA:232,0
DA:233,0
DA:234,0
DA:235,0
DA:236,0
DA:238,0
DA:239,0
DA:240,0
DA:241,0
DA:242,0
DA:243,0
DA:244,0
DA:245,0
DA:246,0
DA:249,0
DA:250,0
DA:251,0
LF:101
LH:0
BRDA:68,0,0,0
BRDA:68,0,1,0
BRDA:69,1,0,0
BRDA:69,1,1,0
BRDA:70,2,0,0
BRDA:70,2,1,0
BRDA:70,3,0,0
BRDA:70,3,1,0
BRDA:71,4,0,0
BRDA:71,4,1,0
BRDA:71,5,0,0
BRDA:71,5,1,0
BRDA:73,6,0,0
BRDA:73,6,1,0
BRDA:73,7,0,0
BRDA:73,7,1,0
BRDA:84,8,0,0
BRDA:84,8,1,0
BRDA:104,9,0,0
BRDA:104,9,1,0
BRDA:107,10,0,0
BRDA:107,10,1,0
BRDA:140,11,0,0
BRDA:142,12,0,0
BRDA:181,13,0,0
BRDA:181,13,1,0
BRDA:181,14,0,0
BRDA:181,14,1,0
BRDA:182,15,0,0
BRDA:182,15,1,0
BRDA:185,16,0,0
BRDA:185,16,1,0
BRDA:186,17,0,0
BRDA:186,17,1,0
BRDA:187,18,0,0
BRDA:187,18,1,0
BRDA:187,19,0,0
BRDA:187,19,1,0
BRDA:188,20,0,0
BRDA:188,20,1,0
BRDA:188,21,0,0
BRDA:188,21,1,0
BRDA:208,22,0,0
BRDA:208,22,1,0
BRDA:208,23,0,0
BRDA:208,23,1,0
BRDA:208,23,2,0
BRDA:213,24,0,0
BRDA:213,24,1,0
BRDA:234,25,0,0
BRDA:234,25,1,0
BRDA:234,26,0,0
BRDA:234,26,1,0
BRDA:235,27,0,0
BRDA:235,27,1,0
BRDA:238,28,0,0
BRDA:238,28,1,0
BRDA:239,29,0,0
BRDA:239,29,1,0
BRDA:241,30,0,0
BRDA:241,30,1,0
BRF:61
BRH:0
end_of_record
TN:
SF:/Users/nareshsiramsetty/IdeaProjects/app-engine-search-and-filtering/src/service/topic/topic.filter.service.ts
FN:13,combineRequestedLanguages
FN:27,(anonymous_8)
FN:28,(anonymous_9)
FN:29,(anonymous_10)
FN:39,processChildTags
FN:70,(anonymous_12)
FN:75,mergeTopicGroups
FN:87,(anonymous_14)
FN:117,(anonymous_15)
FN:119,(anonymous_16)
FN:137,getTopicFilterResultsFromFS
FN:150,(anonymous_18)
FN:154,(anonymous_19)
FN:158,(anonymous_20)
FN:166,(anonymous_21)
FN:173,filterTopics
FNF:16
FNH:0
FNDA:0,combineRequestedLanguages
FNDA:0,(anonymous_8)
FNDA:0,(anonymous_9)
FNDA:0,(anonymous_10)
FNDA:0,processChildTags
FNDA:0,(anonymous_12)
FNDA:0,mergeTopicGroups
FNDA:0,(anonymous_14)
FNDA:0,(anonymous_15)
FNDA:0,(anonymous_16)
FNDA:0,getTopicFilterResultsFromFS
FNDA:0,(anonymous_18)
FNDA:0,(anonymous_19)
FNDA:0,(anonymous_20)
FNDA:0,(anonymous_21)
FNDA:0,filterTopics
DA:1,0
DA:2,0
DA:3,0
DA:7,0
DA:8,0
DA:9,0
DA:11,0
DA:13,0
DA:14,0
DA:15,0
DA:16,0
DA:17,0
DA:18,0
DA:20,0
DA:24,0
DA:25,0
DA:27,0
DA:28,0
DA:29,0
DA:31,0
DA:33,0
DA:34,0
DA:36,0
DA:45,0
DA:46,0
DA:47,0
DA:48,0
DA:49,0
DA:50,0
DA:51,0
DA:52,0
DA:53,0
DA:54,0
DA:60,0
DA:61,0
DA:63,0
DA:70,0
DA:75,0
DA:76,0
DA:77,0
DA:79,0
DA:80,0
DA:81,0
DA:82,0
DA:83,0
DA:84,0
DA:85,0
DA:86,0
DA:88,0
DA:89,0
DA:90,0
DA:93,0
DA:94,0
DA:95,0
DA:96,0
DA:101,0
DA:102,0
DA:103,0
DA:106,0
DA:113,0
DA:115,0
DA:116,0
DA:117,0
DA:120,0
DA:121,0
DA:122,0
DA:124,0
DA:130,0
DA:131,0
DA:137,0
DA:138,0
DA:143,0
DA:144,0
DA:150,0
DA:151,0
DA:154,0
DA:155,0
DA:159,0
DA:160,0
DA:161,0
DA:163,0
DA:166,0
DA:169,0
DA:170,0
DA:173,0
DA:174,0
DA:175,0
DA:176,0
DA:177,0
DA:178,0
DA:179,0
LF:91
LH:0
BRDA:15,0,0,0
BRDA:15,0,1,0
BRDA:17,1,0,0
BRDA:17,1,1,0
BRDA:24,2,0,0
BRDA:24,2,1,0
BRDA:24,3,0,0
BRDA:24,3,1,0
BRDA:33,4,0,0
BRDA:33,4,1,0
BRDA:46,5,0,0
BRDA:46,5,1,0
BRDA:46,6,0,0
BRDA:46,6,1,0
BRDA:52,7,0,0
BRDA:52,7,1,0
BRDA:54,8,0,0
BRDA:54,8,1,0
BRDA:55,9,0,0
BRDA:55,9,1,0
BRDA:55,9,2,0
BRDA:55,9,3,0
BRDA:75,10,0,0
BRDA:82,11,0,0
BRDA:82,11,1,0
BRDA:93,12,0,0
BRDA:93,12,1,0
BRDA:96,13,0,0
BRDA:96,13,1,0
BRDA:97,14,0,0
BRDA:97,14,1,0
BRDA:97,14,2,0
BRDA:101,15,0,0
BRDA:101,15,1,0
BRDA:115,16,0,0
BRDA:115,16,1,0
BRDA:117,17,0,0
BRDA:117,17,1,0
BRDA:117,17,2,0
BRDA:121,18,0,0
BRDA:121,18,1,0
BRDA:139,19,0,0
BRDA:139,19,1,0
BRDA:138,20,0,0
BRDA:138,20,1,0
BRDA:140,21,0,0
BRDA:140,21,1,0
BRDA:139,22,0,0
BRDA:139,22,1,0
BRDA:156,23,0,0
BRDA:156,23,1,0
BRDA:160,24,0,0
BRDA:160,24,1,0
BRF:53
BRH:0
end_of_record
TN:
SF:/Users/nareshsiramsetty/IdeaProjects/app-engine-search-and-filtering/src/service/user/publisher/publisher.filter.service.ts
FN:17,getPublisherESQueryForRegularFilter
FN:56,(anonymous_8)
FN:71,(anonymous_9)
FN:78,getPublisherFilterResultsFromES
FN:86,filterPublishers
FNF:5
FNH:0
FNDA:0,getPublisherESQueryForRegularFilter
FNDA:0,(anonymous_8)
FNDA:0,(anonymous_9)
FNDA:0,getPublisherFilterResultsFromES
FNDA:0,filterPublishers
DA:1,0
DA:2,0
DA:7,0
DA:8,0
DA:9,0
DA:10,0
DA:11,0
DA:12,0
DA:13,0
DA:15,0
DA:17,0
DA:18,0
DA:19,0
DA:20,0
DA:21,0
DA:22,0
DA:23,0
DA:24,0
DA:25,0
DA:26,0
DA:28,0
DA:29,0
DA:34,0
DA:35,0
DA:37,0
DA:38,0
DA:40,0
DA:41,0
DA:43,0
DA:44,0
DA:46,0
DA:49,0
DA:50,0
DA:51,0
DA:52,0
DA:53,0
DA:56,0
DA:60,0
DA:61,0
DA:67,0
DA:68,0
DA:71,0
DA:75,0
DA:78,0
DA:79,0
DA:80,0
DA:81,0
DA:82,0
DA:83,0
DA:86,0
DA:87,0
DA:88,0
DA:89,0
DA:90,0
DA:91,0
DA:92,0
DA:93,0
DA:94,0
LF:58
LH:0
BRDA:18,0,0,0
BRDA:18,0,1,0
BRDA:18,1,0,0
BRDA:18,1,1,0
BRDA:19,2,0,0
BRDA:19,2,1,0
BRDA:19,3,0,0
BRDA:19,3,1,0
BRDA:20,4,0,0
BRDA:20,4,1,0
BRDA:20,5,0,0
BRDA:20,5,1,0
BRDA:21,6,0,0
BRDA:21,6,1,0
BRDA:21,7,0,0
BRDA:21,7,1,0
BRDA:22,8,0,0
BRDA:22,8,1,0
BRDA:22,9,0,0
BRDA:22,9,1,0
BRDA:23,10,0,0
BRDA:23,10,1,0
BRDA:24,11,0,0
BRDA:24,11,1,0
BRDA:25,12,0,0
BRDA:25,12,1,0
BRDA:25,13,0,0
BRDA:25,13,1,0
BRDA:26,14,0,0
BRDA:26,14,1,0
BRDA:26,15,0,0
BRDA:26,15,1,0
BRDA:34,16,0,0
BRDA:34,16,1,0
BRDA:36,17,0,0
BRDA:36,17,1,0
BRDA:36,17,2,0
BRDA:36,17,3,0
BRDA:37,18,0,0
BRDA:37,18,1,0
BRDA:40,19,0,0
BRDA:40,19,1,0
BRDA:43,20,0,0
BRDA:43,20,1,0
BRDA:46,21,0,0
BRDA:46,21,1,0
BRDA:49,22,0,0
BRDA:49,22,1,0
BRDA:52,23,0,0
BRDA:52,23,1,0
BRDA:60,24,0,0
BRDA:60,24,1,0
BRDA:60,25,0,0
BRDA:60,25,1,0
BRDA:67,26,0,0
BRDA:67,26,1,0
BRF:56
BRH:0
end_of_record
TN:
SF:/Users/nareshsiramsetty/IdeaProjects/app-engine-search-and-filtering/src/service/user/publisher/publisher.get.service.ts
FN:25,getPublisher
FN:28,(anonymous_8)
FN:35,getPublisherCourses
FN:94,getPublisherPlaylists
FN:155,getPublisherDailyInsights
FN:216,getPublisherLibraryItems
FN:270,getPublisherGratitudeWall
FN:291,(anonymous_14)
FN:293,(anonymous_15)
FN:301,(anonymous_16)
FN:306,(anonymous_17)
FN:315,getPublisherLiveEvents
FN:328,(anonymous_19)
FN:330,(anonymous_20)
FNF:14
FNH:0
FNDA:0,getPublisher
FNDA:0,(anonymous_8)
FNDA:0,getPublisherCourses
FNDA:0,getPublisherPlaylists
FNDA:0,getPublisherDailyInsights
FNDA:0,getPublisherLibraryItems
FNDA:0,getPublisherGratitudeWall
FNDA:0,(anonymous_14)
FNDA:0,(anonymous_15)
FNDA:0,(anonymous_16)
FNDA:0,(anonymous_17)
FNDA:0,getPublisherLiveEvents
FNDA:0,(anonymous_19)
FNDA:0,(anonymous_20)
DA:1,0
DA:2,0
DA:3,0
DA:5,0
DA:6,0
DA:7,0
DA:8,0
DA:14,0
DA:15,0
DA:16,0
DA:17,0
DA:18,0
DA:19,0
DA:20,0
DA:21,0
DA:23,0
DA:25,0
DA:26,0
DA:27,0
DA:29,0
DA:30,0
DA:35,0
DA:36,0
DA:37,0
DA:38,0
DA:43,0
DA:44,0
DA:45,0
DA:46,0
DA:47,0
DA:48,0
DA:49,0
DA:50,0
DA:51,0
DA:52,0
DA:53,0
DA:54,0
DA:59,0
DA:64,0
DA:65,0
DA:69,0
DA:73,0
DA:74,0
DA:75,0
DA:76,0
DA:77,0
DA:85,0
DA:86,0
DA:87,0
DA:89,0
DA:90,0
DA:91,0
DA:94,0
DA:98,0
DA:99,0
DA:100,0
DA:101,0
DA:102,0
DA:103,0
DA:108,0
DA:109,0
DA:110,0
DA:111,0
DA:112,0
DA:113,0
DA:114,0
DA:115,0
DA:116,0
DA:117,0
DA:118,0
DA:119,0
DA:124,0
DA:129,0
DA:130,0
DA:134,0
DA:135,0
DA:136,0
DA:137,0
DA:138,0
DA:146,0
DA:147,0
DA:148,0
DA:150,0
DA:151,0
DA:152,0
DA:155,0
DA:156,0
DA:157,0
DA:158,0
DA:159,0
DA:164,0
DA:165,0
DA:166,0
DA:167,0
DA:168,0
DA:169,0
DA:170,0
DA:171,0
DA:172,0
DA:173,0
DA:174,0
DA:175,0
DA:180,0
DA:185,0
DA:190,0
DA:191,0
DA:195,0
DA:196,0
DA:197,0
DA:198,0
DA:199,0
DA:207,0
DA:208,0
DA:209,0
DA:211,0
DA:212,0
DA:213,0
DA:216,0
DA:220,0
DA:221,0
DA:222,0
DA:223,0
DA:224,0
DA:225,0
DA:226,0
DA:227,0
DA:228,0
DA:229,0
DA:234,0
DA:239,0
DA:244,0
DA:245,0
DA:249,0
DA:250,0
DA:251,0
DA:252,0
DA:253,0
DA:261,0
DA:262,0
DA:263,0
DA:265,0
DA:266,0
DA:267,0
DA:270,0
DA:271,0
DA:272,0
DA:273,0
DA:274,0
DA:278,0
DA:279,0
DA:280,0
DA:281,0
DA:282,0
DA:292,0
DA:294,0
DA:295,0
DA:302,0
DA:303,0
DA:307,0
DA:310,0
DA:315,0
DA:316,0
DA:317,0
DA:318,0
DA:319,0
DA:320,0
DA:321,0
DA:322,0
DA:323,0
DA:324,0
DA:325,0
DA:326,0
DA:327,0
DA:328,0
DA:329,0
DA:331,0
DA:332,0
DA:335,0
DA:337,0
DA:338,0
DA:339,0
LF:181
LH:0
BRDA:51,0,0,0
BRDA:51,0,1,0
BRDA:99,1,0,0
BRDA:99,1,1,0
BRDA:100,2,0,0
BRDA:100,2,1,0
BRDA:116,3,0,0
BRDA:116,3,1,0
BRDA:172,4,0,0
BRDA:172,4,1,0
BRDA:226,5,0,0
BRDA:226,5,1,0
BRDA:296,6,0,0
BRDA:296,6,1,0
BRDA:296,6,2,0
BRDA:296,6,3,0
BRDA:303,7,0,0
BRDA:303,7,1,0
BRDA:303,8,0,0
BRDA:303,8,1,0
BRDA:329,9,0,0
BRDA:329,9,1,0
BRDA:329,10,0,0
BRDA:329,10,1,0
BRF:24
BRH:0
end_of_record
TN:
SF:/Users/nareshsiramsetty/IdeaProjects/app-engine-search-and-filtering/src/service/user/publisher/publisher.search.service.ts
FN:28,getFriendsFollowingsESQueryForRegularSearch
FN:47,getRelationsList
FN:57,(anonymous_9)
FN:63,getPublisherESQueryForRegularSearch
FN:114,getPublisherSearchResultsFromFS
FN:136,getPublisherSearchResultsFromES
FN:154,(anonymous_13)
FN:159,(anonymous_14)
FN:171,searchPublishers
FNF:9
FNH:0
FNDA:0,getFriendsFollowingsESQueryForRegularSearch
FNDA:0,getRelationsList
FNDA:0,(anonymous_9)
FNDA:0,getPublisherESQueryForRegularSearch
FNDA:0,getPublisherSearchResultsFromFS
FNDA:0,getPublisherSearchResultsFromES
FNDA:0,(anonymous_13)
FNDA:0,(anonymous_14)
FNDA:0,searchPublishers
DA:1,0
DA:2,0
DA:8,0
DA:13,0
DA:14,0
DA:15,0
DA:16,0
DA:17,0
DA:18,0
DA:23,0
DA:24,0
DA:26,0
DA:28,0
DA:33,0
DA:47,0
DA:52,0
DA:53,0
DA:54,0
DA:55,0
DA:56,0
DA:57,0
DA:58,0
DA:60,0
DA:63,0
DA:70,0
DA:71,0
DA:86,0
DA:87,0
DA:88,0
DA:89,0
DA:94,0
DA:114,0
DA:119,0
DA:120,0
DA:121,0
DA:126,0
DA:131,0
DA:132,0
DA:133,0
DA:136,0
DA:142,0
DA:143,0
DA:144,0
DA:145,0
DA:146,0
DA:147,0
DA:148,0
DA:150,0
DA:151,0
DA:152,0
DA:153,0
DA:154,0
DA:155,0
DA:156,0
DA:158,0
DA:159,0
DA:160,0
DA:161,0
DA:164,0
DA:165,0
DA:168,0
DA:171,0
DA:172,0
DA:173,0
DA:174,0
DA:176,0
DA:177,0
DA:178,0
DA:179,0
DA:180,0
DA:181,0
DA:182,0
DA:183,0
DA:184,0
DA:185,0
DA:186,0
DA:187,0
DA:188,0
DA:193,0
DA:194,0
DA:195,0
LF:81
LH:0
BRDA:53,0,0,0
BRDA:53,0,1,0
BRDA:53,1,0,0
BRDA:53,1,1,0
BRDA:53,2,0,0
BRDA:53,2,1,0
BRDA:54,3,0,0
BRDA:54,3,1,0
BRDA:86,4,0,0
BRDA:86,4,1,0
BRDA:88,5,0,0
BRDA:88,5,1,0
BRDA:145,6,0,0
BRDA:145,6,1,0
BRDA:155,7,0,0
BRDA:155,7,1,0
BRDA:160,8,0,0
BRDA:160,8,1,0
BRDA:160,9,0,0
BRDA:160,9,1,0
BRDA:164,10,0,0
BRDA:164,10,1,0
BRDA:172,11,0,0
BRDA:172,11,1,0
BRDA:172,12,0,0
BRDA:172,12,1,0
BRDA:173,13,0,0
BRDA:173,13,1,0
BRDA:176,14,0,0
BRDA:176,14,1,0
BRDA:177,15,0,0
BRDA:177,15,1,0
BRDA:178,16,0,0
BRDA:178,16,1,0
BRDA:178,17,0,0
BRDA:178,17,1,0
BRDA:183,18,0,0
BRDA:183,18,1,0
BRF:38
BRH:0
end_of_record
TN:
SF:/Users/nareshsiramsetty/IdeaProjects/app-engine-search-and-filtering/src/service/user/user/user.following.service.ts
FN:15,convertToStandardFormat
FN:26,followingsOfFollowingsSearch
FN:36,(anonymous_9)
FN:57,(anonymous_10)
FNF:4
FNH:0
FNDA:0,convertToStandardFormat
FNDA:0,followingsOfFollowingsSearch
FNDA:0,(anonymous_9)
FNDA:0,(anonymous_10)
DA:1,0
DA:4,0
DA:6,0
DA:7,0
DA:8,0
DA:10,0
DA:13,0
DA:16,0
DA:19,0
DA:23,0
DA:26,0
DA:32,0
DA:33,0
DA:34,0
DA:37,0
DA:52,0
DA:53,0
DA:54,0
DA:58,0
DA:59,0
DA:62,0
DA:64,0
LF:22
LH:0
BRDA:32,0,0,0
BRDA:32,0,1,0
BRDA:32,1,0,0
BRDA:32,1,1,0
BRDA:32,1,2,0
BRDA:33,2,0,0
BRDA:33,2,1,0
BRF:7
BRH:0
end_of_record
TN:
SF:/Users/nareshsiramsetty/IdeaProjects/app-engine-search-and-filtering/src/service/user/user/user.get.service.ts
FN:24,getESQueryForFriendsGroup
FN:27,(anonymous_2)
FN:29,(anonymous_3)
FN:30,(anonymous_4)
FN:45,(anonymous_5)
FN:52,getUser
FN:55,(anonymous_7)
FN:62,getUserCourses
FN:66,getUserGroups
FN:103,(anonymous_10)
FN:112,getUserFollowings
FN:144,(anonymous_12)
FN:164,getUserFriends
FN:192,(anonymous_14)
FN:212,getUserFollowers
FN:240,(anonymous_16)
FNF:16
FNH:0
FNDA:0,getESQueryForFriendsGroup
FNDA:0,(anonymous_2)
FNDA:0,(anonymous_3)
FNDA:0,(anonymous_4)
FNDA:0,(anonymous_5)
FNDA:0,getUser
FNDA:0,(anonymous_7)
FNDA:0,getUserCourses
FNDA:0,getUserGroups
FNDA:0,(anonymous_10)
FNDA:0,getUserFollowings
FNDA:0,(anonymous_12)
FNDA:0,getUserFriends
FNDA:0,(anonymous_14)
FNDA:0,getUserFollowers
FNDA:0,(anonymous_16)
DA:1,0
DA:3,0
DA:4,0
DA:9,0
DA:14,0
DA:15,0
DA:16,0
DA:17,0
DA:18,0
DA:19,0
DA:20,0
DA:22,0
DA:24,0
DA:25,0
DA:28,0
DA:29,0
DA:30,0
DA:31,0
DA:32,0
DA:33,0
DA:34,0
DA:36,0
DA:37,0
DA:41,0
DA:46,0
DA:47,0
DA:52,0
DA:53,0
DA:54,0
DA:56,0
DA:57,0
DA:62,0
DA:63,0
DA:66,0
DA:70,0
DA:71,0
DA:72,0
DA:73,0
DA:74,0
DA:75,0
DA:76,0
DA:77,0
DA:78,0
DA:79,0
DA:80,0
DA:81,0
DA:85,0
DA:86,0
DA:87,0
DA:88,0
DA:89,0
DA:98,0
DA:99,0
DA:100,0
DA:102,0
DA:103,0
DA:104,0
DA:105,0
DA:108,0
DA:109,0
DA:112,0
DA:116,0
DA:117,0
DA:122,0
DA:123,0
DA:124,0
DA:125,0
DA:126,0
DA:127,0
DA:128,0
DA:129,0
DA:134,0
DA:135,0
DA:144,0
DA:145,0
DA:146,0
DA:151,0
DA:152,0
DA:161,0
DA:164,0
DA:168,0
DA:169,0
DA:170,0
DA:171,0
DA:172,0
DA:173,0
DA:174,0
DA:175,0
DA:176,0
DA:177,0
DA:182,0
DA:183,0
DA:192,0
DA:193,0
DA:194,0
DA:199,0
DA:200,0
DA:209,0
DA:212,0
DA:216,0
DA:217,0
DA:218,0
DA:219,0
DA:220,0
DA:221,0
DA:222,0
DA:223,0
DA:224,0
DA:225,0
DA:230,0
DA:231,0
DA:240,0
DA:241,0
DA:242,0
DA:247,0
DA:248,0
DA:257,0
LF:117
LH:0
BRDA:30,0,0,0
BRDA:30,0,1,0
BRDA:30,1,0,0
BRDA:30,1,1,0
BRDA:31,2,0,0
BRDA:31,2,1,0
BRDA:33,3,0,0
BRDA:33,3,1,0
BRDA:33,4,0,0
BRDA:33,4,1,0
BRDA:71,5,0,0
BRDA:71,5,1,0
BRDA:72,6,0,0
BRDA:72,6,1,0
BRDA:74,7,0,0
BRDA:74,7,1,0
BRDA:74,8,0,0
BRDA:74,8,1,0
BRDA:74,9,0,0
BRDA:74,9,1,0
BRDA:75,10,0,0
BRDA:75,10,1,0
BRDA:75,11,0,0
BRDA:75,11,1,0
BRDA:75,12,0,0
BRDA:75,12,1,0
BRDA:77,13,0,0
BRDA:77,13,1,0
BRDA:104,14,0,0
BRDA:104,14,1,0
BRDA:108,15,0,0
BRDA:108,15,1,0
BRDA:108,16,0,0
BRDA:108,16,1,0
BRDA:109,17,0,0
BRDA:109,17,1,0
BRDA:109,18,0,0
BRDA:109,18,1,0
BRDA:109,19,0,0
BRDA:109,19,1,0
BRDA:109,20,0,0
BRDA:109,20,1,0
BRDA:109,21,0,0
BRDA:109,21,1,0
BRDA:122,22,0,0
BRDA:122,22,1,0
BRDA:123,23,0,0
BRDA:123,23,1,0
BRDA:124,24,0,0
BRDA:124,24,1,0
BRDA:124,25,0,0
BRDA:124,25,1,0
BRDA:124,26,0,0
BRDA:124,26,1,0
BRDA:126,27,0,0
BRDA:126,27,1,0
BRDA:161,28,0,0
BRDA:161,28,1,0
BRDA:161,29,0,0
BRDA:161,29,1,0
BRDA:161,30,0,0
BRDA:161,30,1,0
BRDA:161,31,0,0
BRDA:161,31,1,0
BRDA:161,32,0,0
BRDA:161,32,1,0
BRDA:170,33,0,0
BRDA:170,33,1,0
BRDA:171,34,0,0
BRDA:171,34,1,0
BRDA:172,35,0,0
BRDA:172,35,1,0
BRDA:172,36,0,0
BRDA:172,36,1,0
BRDA:172,37,0,0
BRDA:172,37,1,0
BRDA:174,38,0,0
BRDA:174,38,1,0
BRDA:209,39,0,0
BRDA:209,39,1,0
BRDA:209,40,0,0
BRDA:209,40,1,0
BRDA:209,41,0,0
BRDA:209,41,1,0
BRDA:209,42,0,0
BRDA:209,42,1,0
BRDA:209,43,0,0
BRDA:209,43,1,0
BRDA:218,44,0,0
BRDA:218,44,1,0
BRDA:219,45,0,0
BRDA:219,45,1,0
BRDA:220,46,0,0
BRDA:220,46,1,0
BRDA:220,47,0,0
BRDA:220,47,1,0
BRDA:220,48,0,0
BRDA:220,48,1,0
BRDA:222,49,0,0
BRDA:222,49,1,0
BRDA:257,50,0,0
BRDA:257,50,1,0
BRDA:257,51,0,0
BRDA:257,51,1,0
BRDA:257,52,0,0
BRDA:257,52,1,0
BRDA:257,53,0,0
BRDA:257,53,1,0
BRDA:257,54,0,0
BRDA:257,54,1,0
BRF:110
BRH:0
end_of_record
TN:
SF:/Users/nareshsiramsetty/IdeaProjects/app-engine-search-and-filtering/src/service/user/user/user.search.service.ts
FN:28,getESQueryForUsersRegularSearch
FN:77,getESQueryForUsersTopViewSearch
FN:125,getUserSearchResultsFromFS
FN:156,getRelationsList
FN:174,(anonymous_11)
FN:182,(anonymous_12)
FN:183,(anonymous_13)
FN:186,(anonymous_14)
FN:187,(anonymous_15)
FN:190,(anonymous_16)
FN:208,(anonymous_17)
FN:221,getRelationsListV2
FN:231,(anonymous_19)
FN:232,(anonymous_20)
FN:233,(anonymous_21)
FN:243,(anonymous_22)
FN:251,getUserSearchResultsFromES
FN:282,(anonymous_24)
FN:294,searchUsers
FNF:19
FNH:0
FNDA:0,getESQueryForUsersRegularSearch
FNDA:0,getESQueryForUsersTopViewSearch
FNDA:0,getUserSearchResultsFromFS
FNDA:0,getRelationsList
FNDA:0,(anonymous_11)
FNDA:0,(anonymous_12)
FNDA:0,(anonymous_13)
FNDA:0,(anonymous_14)
FNDA:0,(anonymous_15)
FNDA:0,(anonymous_16)
FNDA:0,(anonymous_17)
FNDA:0,getRelationsListV2
FNDA:0,(anonymous_19)
FNDA:0,(anonymous_20)
FNDA:0,(anonymous_21)
FNDA:0,(anonymous_22)
FNDA:0,getUserSearchResultsFromES
FNDA:0,(anonymous_24)
FNDA:0,searchUsers
DA:1,0
DA:2,0
DA:4,0
DA:9,0
DA:14,0
DA:15,0
DA:16,0
DA:17,0
DA:18,0
DA:23,0
DA:24,0
DA:26,0
DA:28,0
DA:37,0
DA:38,0
DA:45,0
DA:48,0
DA:49,0
DA:50,0
DA:51,0
DA:55,0
DA:56,0
DA:61,0
DA:62,0
DA:64,0
DA:65,0
DA:69,0
DA:77,0
DA:84,0
DA:102,0
DA:103,0
DA:106,0
DA:113,0
DA:114,0
DA:117,0
DA:125,0
DA:131,0
DA:132,0
DA:133,0
DA:138,0
DA:139,0
DA:145,0
DA:146,0
DA:156,0
DA:160,0
DA:179,0
DA:180,0
DA:181,0
DA:182,0
DA:183,0
DA:184,0
DA:186,0
DA:187,0
DA:188,0
DA:190,0
DA:191,0
DA:192,0
DA:193,0
DA:194,0
DA:196,0
DA:197,0
DA:202,0
DA:213,0
DA:221,0
DA:226,0
DA:227,0
DA:228,0
DA:229,0
DA:230,0
DA:231,0
DA:232,0
DA:233,0
DA:234,0
DA:235,0
DA:236,0
DA:237,0
DA:239,0
DA:240,0
DA:243,0
DA:244,0
DA:248,0
DA:251,0
DA:258,0
DA:259,0
DA:260,0
DA:261,0
DA:262,0
DA:264,0
DA:265,0
DA:266,0
DA:267,0
DA:270,0
DA:279,0
DA:281,0
DA:282,0
DA:283,0
DA:284,0
DA:286,0
DA:287,0
DA:288,0
DA:291,0
DA:294,0
DA:295,0
DA:296,0
DA:297,0
DA:298,0
DA:299,0
DA:300,0
DA:301,0
DA:302,0
DA:303,0
DA:304,0
DA:305,0
DA:306,0
DA:307,0
DA:308,0
DA:309,0
DA:311,0
DA:312,0
DA:313,0
LF:120
LH:0
BRDA:47,0,0,0
BRDA:47,0,1,0
BRDA:48,1,0,0
BRDA:48,1,1,0
BRDA:50,2,0,0
BRDA:50,2,1,0
BRDA:55,3,0,0
BRDA:55,3,1,0
BRDA:61,4,0,0
BRDA:61,4,1,0
BRDA:102,5,0,0
BRDA:102,5,1,0
BRDA:113,6,0,0
BRDA:113,6,1,0
BRDA:138,7,0,0
BRDA:138,7,1,0
BRDA:160,8,0,0
BRDA:160,8,1,0
BRDA:183,9,0,0
BRDA:183,9,1,0
BRDA:186,10,0,0
BRDA:186,10,1,0
BRDA:186,11,0,0
BRDA:186,11,1,0
BRDA:187,12,0,0
BRDA:187,12,1,0
BRDA:190,13,0,0
BRDA:190,13,1,0
BRDA:191,14,0,0
BRDA:191,14,1,0
BRDA:193,15,0,0
BRDA:193,15,1,0
BRDA:193,16,0,0
BRDA:193,16,1,0
BRDA:227,17,0,0
BRDA:227,17,1,0
BRDA:227,18,0,0
BRDA:227,18,1,0
BRDA:227,19,0,0
BRDA:227,19,1,0
BRDA:232,20,0,0
BRDA:232,20,1,0
BRDA:232,21,0,0
BRDA:232,21,1,0
BRDA:233,22,0,0
BRDA:233,22,1,0
BRDA:234,23,0,0
BRDA:234,23,1,0
BRDA:236,24,0,0
BRDA:236,24,1,0
BRDA:236,25,0,0
BRDA:236,25,1,0
BRDA:243,26,0,0
BRDA:243,26,1,0
BRDA:262,27,0,0
BRDA:262,27,1,0
BRDA:283,28,0,0
BRDA:283,28,1,0
BRDA:286,29,0,0
BRDA:286,29,1,0
BRDA:295,30,0,0
BRDA:295,30,1,0
BRDA:295,31,0,0
BRDA:295,31,1,0
BRDA:296,32,0,0
BRDA:296,32,1,0
BRDA:297,33,0,0
BRDA:297,33,1,0
BRDA:299,34,0,0
BRDA:299,34,1,0
BRDA:299,35,0,0
BRDA:299,35,1,0
BRDA:304,36,0,0
BRDA:304,36,1,0
BRF:74
BRH:0
end_of_record
TN:
SF:/Users/nareshsiramsetty/IdeaProjects/app-engine-search-and-filtering/src/shared/constants.ts
FNF:0
FNH:0
DA:1,0
DA:2,0
DA:3,0
DA:4,0
LF:4
LH:0
BRF:0
BRH:0
end_of_record
TN:
SF:/Users/nareshsiramsetty/IdeaProjects/app-engine-search-and-filtering/src/shared/enum.ts
FN:1,(anonymous_0)
FN:42,(anonymous_1)
FN:55,(anonymous_2)
FN:75,(anonymous_3)
FN:81,(anonymous_4)
FN:95,(anonymous_5)
FN:102,(anonymous_6)
FN:107,(anonymous_7)
FN:118,(anonymous_8)
FN:128,(anonymous_9)
FN:133,(anonymous_10)
FNF:11
FNH:0
FNDA:0,(anonymous_0)
FNDA:0,(anonymous_1)
FNDA:0,(anonymous_2)
FNDA:0,(anonymous_3)
FNDA:0,(anonymous_4)
FNDA:0,(anonymous_5)
FNDA:0,(anonymous_6)
FNDA:0,(anonymous_7)
FNDA:0,(anonymous_8)
FNDA:0,(anonymous_9)
FNDA:0,(anonymous_10)
DA:1,0
DA:2,0
DA:3,0
DA:4,0
DA:5,0
DA:6,0
DA:7,0
DA:8,0
DA:9,0
DA:10,0
DA:11,0
DA:12,0
DA:13,0
DA:14,0
DA:15,0
DA:16,0
DA:17,0
DA:18,0
DA:21,0
DA:42,0
DA:43,0
DA:44,0
DA:45,0
DA:46,0
DA:47,0
DA:48,0
DA:49,0
DA:50,0
DA:51,0
DA:52,0
DA:55,0
DA:56,0
DA:57,0
DA:58,0
DA:59,0
DA:60,0
DA:61,0
DA:62,0
DA:63,0
DA:64,0
DA:65,0
DA:66,0
DA:67,0
DA:68,0
DA:69,0
DA:70,0
DA:71,0
DA:72,0
DA:75,0
DA:76,0
DA:77,0
DA:78,0
DA:81,0
DA:82,0
DA:83,0
DA:84,0
DA:85,0
DA:86,0
DA:87,0
DA:88,0
DA:89,0
DA:90,0
DA:91,0
DA:92,0
DA:95,0
DA:96,0
DA:97,0
DA:98,0
DA:99,0
DA:102,0
DA:103,0
DA:104,0
DA:107,0
DA:108,0
DA:109,0
DA:110,0
DA:111,0
DA:112,0
DA:113,0
DA:114,0
DA:115,0
DA:118,0
DA:119,0
DA:120,0
DA:121,0
DA:122,0
DA:123,0
DA:124,0
DA:125,0
DA:128,0
DA:129,0
DA:130,0
DA:133,0
DA:134,0
DA:135,0
LF:95
LH:0
BRDA:1,0,0,0
BRDA:1,0,1,0
BRDA:42,1,0,0
BRDA:42,1,1,0
BRDA:55,2,0,0
BRDA:55,2,1,0
BRDA:75,3,0,0
BRDA:75,3,1,0
BRDA:81,4,0,0
BRDA:81,4,1,0
BRDA:95,5,0,0
BRDA:95,5,1,0
BRDA:102,6,0,0
BRDA:102,6,1,0
BRDA:107,7,0,0
BRDA:107,7,1,0
BRDA:118,8,0,0
BRDA:118,8,1,0
BRDA:128,9,0,0
BRDA:128,9,1,0
BRDA:133,10,0,0
BRDA:133,10,1,0
BRF:22
BRH:0
end_of_record
TN:
SF:/Users/nareshsiramsetty/IdeaProjects/app-engine-search-and-filtering/src/shared/logger.ts
FN:8,getCorrelationId
FN:17,(anonymous_2)
FN:74,(anonymous_3)
FN:76,(anonymous_4)
FN:82,(anonymous_5)
FN:85,(anonymous_6)
FN:88,(anonymous_7)
FN:99,(anonymous_8)
FNF:8
FNH:0
FNDA:0,getCorrelationId
FNDA:0,(anonymous_2)
FNDA:0,(anonymous_3)
FNDA:0,(anonymous_4)
FNDA:0,(anonymous_5)
FNDA:0,(anonymous_6)
FNDA:0,(anonymous_7)
FNDA:0,(anonymous_8)
DA:1,0
DA:2,0
DA:4,0
DA:5,0
DA:6,0
DA:8,0
DA:9,0
DA:10,0
DA:13,0
DA:18,0
DA:24,0
DA:25,0
DA:32,0
DA:74,0
DA:75,0
DA:77,0
DA:78,0
DA:83,0
DA:86,0
DA:89,0
DA:90,0
DA:92,0
DA:93,0
DA:95,0
DA:100,0
DA:101,0
DA:103,0
LF:27
LH:0
BRDA:10,0,0,0
BRDA:10,0,1,0
BRDA:18,1,0,0
BRDA:18,1,1,0
BRDA:19,2,0,0
BRDA:19,2,1,0
BRDA:78,3,0,0
BRDA:78,3,1,0
BRDA:89,4,0,0
BRDA:89,4,1,0
BRF:10
BRH:0
end_of_record
TN:
SF:/Users/nareshsiramsetty/IdeaProjects/app-engine-search-and-filtering/src/shared/http/http-200-success.ts
FNF:0
FNH:0
DA:1,0
LF:1
LH:0
BRF:0
BRH:0
end_of_record
TN:
SF:/Users/nareshsiramsetty/IdeaProjects/app-engine-search-and-filtering/src/shared/http/http-400-error.ts
FN:5,(anonymous_1)
FNF:1
FNH:0
FNDA:0,(anonymous_1)
DA:1,0
DA:2,0
DA:4,0
DA:6,0
LF:4
LH:0
BRDA:5,0,0,0
BRF:1
BRH:0
end_of_record
TN:
SF:/Users/nareshsiramsetty/IdeaProjects/app-engine-search-and-filtering/src/shared/http/http-401-error.ts
FN:5,(anonymous_1)
FNF:1
FNH:0
FNDA:0,(anonymous_1)
DA:1,0
DA:2,0
DA:4,0
DA:6,0
LF:4
LH:0
BRDA:5,0,0,0
BRF:1
BRH:0
end_of_record
TN:
SF:/Users/nareshsiramsetty/IdeaProjects/app-engine-search-and-filtering/src/shared/http/http-403-error.ts
FN:5,(anonymous_1)
FNF:1
FNH:0
FNDA:0,(anonymous_1)
DA:1,0
DA:2,0
DA:4,0
DA:6,0
LF:4
LH:0
BRDA:5,0,0,0
BRF:1
BRH:0
end_of_record
TN:
SF:/Users/nareshsiramsetty/IdeaProjects/app-engine-search-and-filtering/src/shared/http/http-404-error.ts
FN:5,(anonymous_1)
FNF:1
FNH:0
FNDA:0,(anonymous_1)
DA:1,0
DA:2,0
DA:4,0
DA:6,0
LF:4
LH:0
BRDA:5,0,0,0
BRF:1
BRH:0
end_of_record
TN:
SF:/Users/nareshsiramsetty/IdeaProjects/app-engine-search-and-filtering/src/shared/http/http-500-error.ts
FN:5,(anonymous_1)
FNF:1
FNH:0
FNDA:0,(anonymous_1)
DA:1,0
DA:2,0
DA:4,0
DA:6,0
LF:4
LH:0
BRDA:5,0,0,0
BRF:1
BRH:0
end_of_record
TN:
SF:/Users/nareshsiramsetty/IdeaProjects/app-engine-search-and-filtering/src/shared/http/http-client-error.ts
FN:8,(anonymous_0)
FNF:1
FNH:0
FNDA:0,(anonymous_0)
DA:1,0
DA:9,0
DA:10,0
DA:11,0
DA:12,0
LF:5
LH:0
BRDA:8,0,0,0
BRF:1
BRH:0
end_of_record
TN:
SF:/Users/nareshsiramsetty/IdeaProjects/app-engine-search-and-filtering/src/shared/http/http-request-body.ts
FNF:0
FNH:0
DA:1,0
LF:1
LH:0
BRF:0
BRH:0
end_of_record
TN:
SF:/Users/nareshsiramsetty/IdeaProjects/app-engine-search-and-filtering/src/shared/http/http-request-context.ts
FN:18,(anonymous_1)
FN:24,(anonymous_2)
FN:35,(anonymous_3)
FN:42,(anonymous_4)
FN:53,(anonymous_5)
FNF:5
FNH:0
FNDA:0,(anonymous_1)
FNDA:0,(anonymous_2)
FNDA:0,(anonymous_3)
FNDA:0,(anonymous_4)
FNDA:0,(anonymous_5)
DA:2,0
DA:4,0
DA:5,0
DA:6,0
DA:9,0
DA:11,0
DA:19,0
DA:20,0
DA:21,0
DA:25,0
DA:26,0
DA:27,0
DA:28,0
DA:30,0
DA:32,0
DA:36,0
DA:37,0
DA:39,0
DA:43,0
DA:44,0
DA:45,0
DA:46,0
DA:48,0
DA:50,0
DA:54,0
DA:55,0
DA:56,0
DA:58,0
LF:28
LH:0
BRDA:25,0,0,0
BRDA:25,0,1,0
BRDA:26,1,0,0
BRDA:26,1,1,0
BRDA:36,2,0,0
BRDA:36,2,1,0
BRDA:36,3,0,0
BRDA:36,3,1,0
BRDA:43,4,0,0
BRDA:43,4,1,0
BRDA:44,5,0,0
BRDA:44,5,1,0
BRDA:54,6,0,0
BRDA:54,6,1,0
BRF:14
BRH:0
end_of_record
TN:
SF:/Users/nareshsiramsetty/IdeaProjects/app-engine-search-and-filtering/src/utils/back-porter.ts
FN:3,addRequiredFields
FN:9,backwardCompatibleCourses
FN:16,backwardCompatibleCourse
FNF:3
FNH:0
FNDA:0,addRequiredFields
FNDA:0,backwardCompatibleCourses
FNDA:0,backwardCompatibleCourse
DA:4,0
DA:5,0
DA:6,0
DA:9,0
DA:10,0
DA:11,0
DA:13,0
DA:16,0
DA:17,0
DA:18,0
DA:20,0
LF:11
LH:0
BRDA:5,0,0,0
BRDA:5,0,1,0
BRDA:5,1,0,0
BRDA:5,1,1,0
BRDA:10,2,0,0
BRDA:10,2,1,0
BRDA:17,3,0,0
BRDA:17,3,1,0
BRF:8
BRH:0
end_of_record
TN:
SF:/Users/nareshsiramsetty/IdeaProjects/app-engine-search-and-filtering/src/utils/mysql-connect.ts
FN:9,createPool
FN:29,(anonymous_8)
FN:34,(anonymous_9)
FNF:3
FNH:0
FNDA:0,createPool
FNDA:0,(anonymous_8)
FNDA:0,(anonymous_9)
DA:1,0
DA:2,0
DA:3,0
DA:5,0
DA:7,0
DA:10,0
DA:11,0
DA:12,0
DA:13,0
DA:24,0
DA:25,0
DA:26,0
DA:30,0
DA:31,0
DA:35,0
DA:36,0
DA:40,0
DA:41,0
LF:18
LH:0
BRDA:11,0,0,0
BRDA:11,0,1,0
BRDA:12,1,0,0
BRDA:12,1,1,0
BRDA:24,2,0,0
BRDA:24,2,1,0
BRF:6
BRH:0
end_of_record
TN:
SF:/Users/nareshsiramsetty/IdeaProjects/app-engine-search-and-filtering/src/utils/mysql-utils.ts
FN:2,restoreBooleanValue
FNF:1
FNH:0
FNDA:0,restoreBooleanValue
DA:2,0
DA:3,0
DA:4,0
DA:6,0
LF:4
LH:0
BRDA:3,0,0,0
BRDA:3,0,1,0
BRDA:3,1,0,0
BRDA:3,1,1,0
BRDA:3,1,2,0
BRF:5
BRH:0
end_of_record
TN:
SF:/Users/nareshsiramsetty/IdeaProjects/app-engine-search-and-filtering/src/utils/query-parameter-parser.ts
FN:4,booleanOrDefault
FN:14,numberOrDefault
FN:28,floatOrDefault
FN:39,csvStringToArray
FN:45,(anonymous_10)
FN:46,(anonymous_11)
FN:47,(anonymous_12)
FNF:7
FNH:0
FNDA:0,booleanOrDefault
FNDA:0,numberOrDefault
FNDA:0,floatOrDefault
FNDA:0,csvStringToArray
FNDA:0,(anonymous_10)
FNDA:0,(anonymous_11)
FNDA:0,(anonymous_12)
DA:1,0
DA:4,0
DA:8,0
DA:9,0
DA:11,0
DA:14,0
DA:18,0
DA:19,0
DA:21,0
DA:22,0
DA:24,0
DA:28,0
DA:29,0
DA:30,0
DA:32,0
DA:33,0
DA:35,0
DA:39,0
DA:40,0
DA:42,0
DA:43,0
DA:45,0
DA:46,0
DA:47,0
DA:49,0
LF:25
LH:0
BRDA:8,0,0,0
BRDA:8,0,1,0
BRDA:8,1,0,0
BRDA:8,1,1,0
BRDA:11,2,0,0
BRDA:11,2,1,0
BRDA:11,3,0,0
BRDA:11,3,1,0
BRDA:16,4,0,0
BRDA:18,5,0,0
BRDA:18,5,1,0
BRDA:28,6,0,0
BRDA:29,7,0,0
BRDA:29,7,1,0
BRDA:42,8,0,0
BRDA:42,8,1,0
BRDA:42,9,0,0
BRDA:42,9,1,0
BRF:18
BRH:0
end_of_record
TN:
SF:/Users/nareshsiramsetty/IdeaProjects/app-engine-search-and-filtering/src/utils/supported-language.util.ts
FNF:0
FNH:0
DA:1,0
DA:15,0
LF:2
LH:0
BRF:0
BRH:0
end_of_record
